[  0%] Built target actionlib_generate_messages_py
[ 42%] Built target ukf_filter_lib
[ 42%] Built target tf2_msgs_generate_messages_nodejs
[ 42%] Built target tf2_msgs_generate_messages_py
[ 42%] Built target tf2_msgs_generate_messages_lisp
[ 42%] Built target tf2_msgs_generate_messages_cpp
[ 42%] Built target tf2_msgs_generate_messages_eus
[ 42%] Built target actionlib_msgs_generate_messages_py
[ 42%] Built target actionlib_msgs_generate_messages_lisp
[ 42%] Built target std_msgs_generate_messages_eus
[ 42%] Built target actionlib_msgs_generate_messages_eus
[ 42%] Built target rosgraph_msgs_generate_messages_lisp
[ 42%] Built target rosgraph_msgs_generate_messages_py
[ 42%] Built target rosgraph_msgs_generate_messages_eus
[ 42%] Built target actionlib_msgs_generate_messages_cpp
[ 42%] Built target rosgraph_msgs_generate_messages_nodejs
[ 42%] Built target rosgraph_msgs_generate_messages_cpp
[ 42%] Built target roscpp_generate_messages_py
[ 42%] Built target std_msgs_generate_messages_py
[ 42%] Built target geometry_msgs_generate_messages_eus
[ 42%] Built target roscpp_generate_messages_nodejs
[ 42%] Built target roscpp_generate_messages_eus
[ 42%] Built target roscpp_generate_messages_lisp
[ 42%] Built target std_msgs_generate_messages_cpp
[ 42%] Built target geometry_msgs_generate_messages_nodejs
[ 42%] Built target sensor_msgs_generate_messages_py
[ 42%] Built target actionlib_msgs_generate_messages_nodejs
[ 42%] Built target sensor_msgs_generate_messages_cpp
[ 42%] Built target std_msgs_generate_messages_lisp
[ 42%] Built target std_msgs_generate_messages_nodejs
[ 42%] Built target sensor_msgs_generate_messages_eus
[ 42%] Built target roscpp_generate_messages_cpp
[ 42%] Built target sensor_msgs_generate_messages_nodejs
[ 42%] Built target actionlib_generate_messages_eus
[ 42%] Built target actionlib_generate_messages_cpp
[ 42%] Built target sensor_msgs_generate_messages_lisp
[ 42%] Built target geometry_msgs_generate_messages_cpp
[ 42%] Built target geometry_msgs_generate_messages_py
[ 42%] Built target actionlib_generate_messages_lisp
[ 42%] Built target geometry_msgs_generate_messages_lisp
[ 42%] Built target actionlib_generate_messages_nodejs
[ 71%] Built target quadrotor_ukf_redo
[100%] Built target quadrotor_ukf
