[  0%] Built target _kr_mav_msgs_generate_messages_check_deps_OutputData
[  0%] Built target geometry_msgs_generate_messages_nodejs
[  0%] Built target _kr_mav_msgs_generate_messages_check_deps_Corrections
[  0%] Built target _kr_mav_msgs_generate_messages_check_deps_TRPYCommand
[  0%] Built target _kr_mav_msgs_generate_messages_check_deps_SO3Command
[  0%] Built target _kr_mav_msgs_generate_messages_check_deps_PWMCommand
[  0%] Built target _kr_mav_msgs_generate_messages_check_deps_StatusData
[  0%] Built target _kr_mav_msgs_generate_messages_check_deps_PositionCommand
[  0%] Built target _kr_mav_msgs_generate_messages_check_deps_MotorRPM
[  0%] Built target _kr_mav_msgs_generate_messages_check_deps_AuxCommand
[  0%] Built target _kr_mav_msgs_generate_messages_check_deps_Serial
[  0%] Built target geometry_msgs_generate_messages_py
[  0%] Built target geometry_msgs_generate_messages_eus
[  0%] Built target geometry_msgs_generate_messages_cpp
[  0%] Built target geometry_msgs_generate_messages_lisp
[  1%] [34m[1mGenerating Javascript code from kr_mav_msgs/SO3Command.msg[0m
[  3%] [34m[1mGenerating Javascript code from kr_mav_msgs/StatusData.msg[0m
[  5%] [34m[1mGenerating Javascript code from kr_mav_msgs/PositionCommand.msg[0m
[  7%] [34m[1mGenerating Javascript code from kr_mav_msgs/TRPYCommand.msg[0m
[  9%] [34m[1mGenerating Javascript code from kr_mav_msgs/Corrections.msg[0m
[ 11%] [34m[1mGenerating Javascript code from kr_mav_msgs/MotorRPM.msg[0m
[ 13%] [34m[1mGenerating Javascript code from kr_mav_msgs/PWMCommand.msg[0m
[ 15%] [34m[1mGenerating Javascript code from kr_mav_msgs/AuxCommand.msg[0m
[ 17%] [34m[1mGenerating Javascript code from kr_mav_msgs/Serial.msg[0m
[ 19%] [34m[1mGenerating Javascript code from kr_mav_msgs/OutputData.msg[0m
[ 19%] Built target kr_mav_msgs_generate_messages_nodejs
[ 21%] [34m[1mGenerating Python from MSG kr_mav_msgs/SO3Command[0m
[ 23%] [34m[1mGenerating Python from MSG kr_mav_msgs/StatusData[0m
[ 25%] [34m[1mGenerating Python from MSG kr_mav_msgs/PositionCommand[0m
[ 26%] [34m[1mGenerating Python from MSG kr_mav_msgs/MotorRPM[0m
[ 28%] [34m[1mGenerating Python from MSG kr_mav_msgs/Corrections[0m
[ 30%] [34m[1mGenerating Python from MSG kr_mav_msgs/TRPYCommand[0m
[ 32%] [34m[1mGenerating Python from MSG kr_mav_msgs/PWMCommand[0m
[ 34%] [34m[1mGenerating Python from MSG kr_mav_msgs/AuxCommand[0m
[ 36%] [34m[1mGenerating Python from MSG kr_mav_msgs/Serial[0m
[ 38%] [34m[1mGenerating Python from MSG kr_mav_msgs/OutputData[0m
[ 40%] [34m[1mGenerating EusLisp code from kr_mav_msgs/StatusData.msg[0m
[ 42%] [34m[1mGenerating EusLisp code from kr_mav_msgs/SO3Command.msg[0m
[ 44%] [34m[1mGenerating Lisp code from kr_mav_msgs/StatusData.msg[0m
[ 46%] [34m[1mGenerating Lisp code from kr_mav_msgs/SO3Command.msg[0m
[ 48%] [34m[1mGenerating C++ code from kr_mav_msgs/SO3Command.msg[0m
[ 50%] [34m[1mGenerating Lisp code from kr_mav_msgs/PositionCommand.msg[0m
[ 51%] [34m[1mGenerating Python msg __init__.py for kr_mav_msgs[0m
[ 53%] [34m[1mGenerating EusLisp code from kr_mav_msgs/PositionCommand.msg[0m
[ 55%] [34m[1mGenerating Lisp code from kr_mav_msgs/TRPYCommand.msg[0m
[ 57%] [34m[1mGenerating C++ code from kr_mav_msgs/StatusData.msg[0m
[ 59%] [34m[1mGenerating Lisp code from kr_mav_msgs/Corrections.msg[0m
[ 61%] [34m[1mGenerating C++ code from kr_mav_msgs/PositionCommand.msg[0m
[ 63%] [34m[1mGenerating EusLisp code from kr_mav_msgs/TRPYCommand.msg[0m
[ 63%] Built target kr_mav_msgs_generate_messages_py
[ 65%] [34m[1mGenerating Lisp code from kr_mav_msgs/MotorRPM.msg[0m
[ 67%] [34m[1mGenerating Lisp code from kr_mav_msgs/PWMCommand.msg[0m
[ 69%] [34m[1mGenerating EusLisp code from kr_mav_msgs/Corrections.msg[0m
[ 71%] [34m[1mGenerating C++ code from kr_mav_msgs/TRPYCommand.msg[0m
[ 73%] [34m[1mGenerating Lisp code from kr_mav_msgs/AuxCommand.msg[0m
[ 75%] [34m[1mGenerating Lisp code from kr_mav_msgs/Serial.msg[0m
[ 76%] [34m[1mGenerating C++ code from kr_mav_msgs/Corrections.msg[0m
[ 78%] [34m[1mGenerating EusLisp code from kr_mav_msgs/MotorRPM.msg[0m
[ 80%] [34m[1mGenerating Lisp code from kr_mav_msgs/OutputData.msg[0m
[ 82%] [34m[1mGenerating C++ code from kr_mav_msgs/MotorRPM.msg[0m
[ 82%] Built target kr_mav_msgs_generate_messages_lisp
[ 84%] [34m[1mGenerating C++ code from kr_mav_msgs/PWMCommand.msg[0m
[ 86%] [34m[1mGenerating EusLisp code from kr_mav_msgs/PWMCommand.msg[0m
[ 88%] [34m[1mGenerating C++ code from kr_mav_msgs/AuxCommand.msg[0m
[ 90%] [34m[1mGenerating C++ code from kr_mav_msgs/Serial.msg[0m
[ 92%] [34m[1mGenerating EusLisp code from kr_mav_msgs/AuxCommand.msg[0m
[ 94%] [34m[1mGenerating EusLisp code from kr_mav_msgs/Serial.msg[0m
[ 96%] [34m[1mGenerating C++ code from kr_mav_msgs/OutputData.msg[0m
[ 98%] [34m[1mGenerating EusLisp code from kr_mav_msgs/OutputData.msg[0m
[100%] Built target kr_mav_msgs_generate_messages_eus
[100%] Built target kr_mav_msgs_generate_messages_cpp
[100%] Built target kr_mav_msgs_generate_messages
