[  0%] Built target _kr_mav_msgs_generate_messages_check_deps_OutputData
[  0%] Built target geometry_msgs_generate_messages_nodejs
[  0%] Built target _kr_mav_msgs_generate_messages_check_deps_Corrections
[  0%] Built target _kr_mav_msgs_generate_messages_check_deps_TRPYCommand
[  0%] Built target _kr_mav_msgs_generate_messages_check_deps_SO3Command
[  0%] Built target _kr_mav_msgs_generate_messages_check_deps_PWMCommand
[  0%] Built target _kr_mav_msgs_generate_messages_check_deps_StatusData
[  0%] Built target _kr_mav_msgs_generate_messages_check_deps_PositionCommand
[  0%] Built target _kr_mav_msgs_generate_messages_check_deps_MotorRPM
[  0%] Built target _kr_mav_msgs_generate_messages_check_deps_AuxCommand
[  0%] Built target _kr_mav_msgs_generate_messages_check_deps_Serial
[  0%] Built target geometry_msgs_generate_messages_py
[  0%] Built target geometry_msgs_generate_messages_eus
[  0%] Built target geometry_msgs_generate_messages_cpp
[  0%] Built target geometry_msgs_generate_messages_lisp
[ 19%] Built target kr_mav_msgs_generate_messages_nodejs
[ 40%] Built target kr_mav_msgs_generate_messages_py
[ 61%] Built target kr_mav_msgs_generate_messages_eus
[ 80%] Built target kr_mav_msgs_generate_messages_cpp
[100%] Built target kr_mav_msgs_generate_messages_lisp
[100%] Built target kr_mav_msgs_generate_messages
