Determining if the pthread_create exist failed with the following output:
Change Dir: /home/root/kumarRobotics/autonomy_ws/build/kr_trackers_manager/CMakeFiles/CMakeTmp

Run Build Command:"/usr/bin/make" "cmTC_9447a/fast"
/usr/bin/make -f CMakeFiles/cmTC_9447a.dir/build.make CMakeFiles/cmTC_9447a.dir/build
make[1]: Entering directory '/home/root/kumarRobotics/autonomy_ws/build/kr_trackers_manager/CMakeFiles/CMakeTmp'
Building C object CMakeFiles/cmTC_9447a.dir/CheckSymbolExists.c.o
/usr/bin/cc    -o CMakeFiles/cmTC_9447a.dir/CheckSymbolExists.c.o   -c /home/root/kumarRobotics/autonomy_ws/build/kr_trackers_manager/CMakeFiles/CMakeTmp/CheckSymbolExists.c
Linking C executable cmTC_9447a
/usr/bin/cmake -E cmake_link_script CMakeFiles/cmTC_9447a.dir/link.txt --verbose=1
/usr/bin/cc      CMakeFiles/cmTC_9447a.dir/CheckSymbolExists.c.o  -o cmTC_9447a 
CMakeFiles/cmTC_9447a.dir/CheckSymbolExists.c.o: In function `main':
CheckSymbolExists.c:(.text+0x14): undefined reference to `pthread_create'
CheckSymbolExists.c:(.text+0x18): undefined reference to `pthread_create'
collect2: error: ld returned 1 exit status
CMakeFiles/cmTC_9447a.dir/build.make:97: recipe for target 'cmTC_9447a' failed
make[1]: *** [cmTC_9447a] Error 1
make[1]: Leaving directory '/home/root/kumarRobotics/autonomy_ws/build/kr_trackers_manager/CMakeFiles/CMakeTmp'
Makefile:126: recipe for target 'cmTC_9447a/fast' failed
make: *** [cmTC_9447a/fast] Error 2

File /home/root/kumarRobotics/autonomy_ws/build/kr_trackers_manager/CMakeFiles/CMakeTmp/CheckSymbolExists.c:
/* */
#include <pthread.h>

int main(int argc, char** argv)
{
  (void)argv;
#ifndef pthread_create
  return ((int*)(&pthread_create))[argc];
#else
  (void)argc;
  return 0;
#endif
}

Determining if the function pthread_create exists in the pthreads failed with the following output:
Change Dir: /home/root/kumarRobotics/autonomy_ws/build/kr_trackers_manager/CMakeFiles/CMakeTmp

Run Build Command:"/usr/bin/make" "cmTC_78944/fast"
/usr/bin/make -f CMakeFiles/cmTC_78944.dir/build.make CMakeFiles/cmTC_78944.dir/build
make[1]: Entering directory '/home/root/kumarRobotics/autonomy_ws/build/kr_trackers_manager/CMakeFiles/CMakeTmp'
Building C object CMakeFiles/cmTC_78944.dir/CheckFunctionExists.c.o
/usr/bin/cc   -DCHECK_FUNCTION_EXISTS=pthread_create   -o CMakeFiles/cmTC_78944.dir/CheckFunctionExists.c.o   -c /usr/share/cmake-3.10/Modules/CheckFunctionExists.c
Linking C executable cmTC_78944
/usr/bin/cmake -E cmake_link_script CMakeFiles/cmTC_78944.dir/link.txt --verbose=1
/usr/bin/cc  -DCHECK_FUNCTION_EXISTS=pthread_create    CMakeFiles/cmTC_78944.dir/CheckFunctionExists.c.o  -o cmTC_78944 -lpthreads 
/usr/bin/ld: cannot find -lpthreads
collect2: error: ld returned 1 exit status
CMakeFiles/cmTC_78944.dir/build.make:97: recipe for target 'cmTC_78944' failed
make[1]: *** [cmTC_78944] Error 1
make[1]: Leaving directory '/home/root/kumarRobotics/autonomy_ws/build/kr_trackers_manager/CMakeFiles/CMakeTmp'
Makefile:126: recipe for target 'cmTC_78944/fast' failed
make: *** [cmTC_78944/fast] Error 2


