Determining if the pthread_create exist failed with the following output:
Change Dir: /home/root/kumarRobotics/autonomy_ws/build/kr_rosflight_interface/CMakeFiles/CMakeTmp

Run Build Command:"/usr/bin/make" "cmTC_f93de/fast"
make[1]: Entering directory '/home/root/kumarRobotics/autonomy_ws/build/kr_rosflight_interface/CMakeFiles/CMakeTmp'
/usr/bin/make -f CMakeFiles/cmTC_f93de.dir/build.make CMakeFiles/cmTC_f93de.dir/build
make[2]: Entering directory '/home/root/kumarRobotics/autonomy_ws/build/kr_rosflight_interface/CMakeFiles/CMakeTmp'
Building C object CMakeFiles/cmTC_f93de.dir/CheckSymbolExists.c.o
/usr/bin/cc    -o CMakeFiles/cmTC_f93de.dir/CheckSymbolExists.c.o   -c /home/root/kumarRobotics/autonomy_ws/build/kr_rosflight_interface/CMakeFiles/CMakeTmp/CheckSymbolExists.c
Linking C executable cmTC_f93de
/usr/bin/cmake -E cmake_link_script CMakeFiles/cmTC_f93de.dir/link.txt --verbose=1
/usr/bin/cc      CMakeFiles/cmTC_f93de.dir/CheckSymbolExists.c.o  -o cmTC_f93de 
CMakeFiles/cmTC_f93de.dir/CheckSymbolExists.c.o: In function `main':
CheckSymbolExists.c:(.text+0x14): undefined reference to `pthread_create'
CheckSymbolExists.c:(.text+0x18): undefined reference to `pthread_create'
collect2: error: ld returned 1 exit status
CMakeFiles/cmTC_f93de.dir/build.make:97: recipe for target 'cmTC_f93de' failed
make[2]: *** [cmTC_f93de] Error 1
make[2]: Leaving directory '/home/root/kumarRobotics/autonomy_ws/build/kr_rosflight_interface/CMakeFiles/CMakeTmp'
Makefile:126: recipe for target 'cmTC_f93de/fast' failed
make[1]: *** [cmTC_f93de/fast] Error 2
make[1]: Leaving directory '/home/root/kumarRobotics/autonomy_ws/build/kr_rosflight_interface/CMakeFiles/CMakeTmp'

File /home/root/kumarRobotics/autonomy_ws/build/kr_rosflight_interface/CMakeFiles/CMakeTmp/CheckSymbolExists.c:
/* */
#include <pthread.h>

int main(int argc, char** argv)
{
  (void)argv;
#ifndef pthread_create
  return ((int*)(&pthread_create))[argc];
#else
  (void)argc;
  return 0;
#endif
}

Determining if the function pthread_create exists in the pthreads failed with the following output:
Change Dir: /home/root/kumarRobotics/autonomy_ws/build/kr_rosflight_interface/CMakeFiles/CMakeTmp

Run Build Command:"/usr/bin/make" "cmTC_af62f/fast"
make[1]: Entering directory '/home/root/kumarRobotics/autonomy_ws/build/kr_rosflight_interface/CMakeFiles/CMakeTmp'
/usr/bin/make -f CMakeFiles/cmTC_af62f.dir/build.make CMakeFiles/cmTC_af62f.dir/build
make[2]: Entering directory '/home/root/kumarRobotics/autonomy_ws/build/kr_rosflight_interface/CMakeFiles/CMakeTmp'
Building C object CMakeFiles/cmTC_af62f.dir/CheckFunctionExists.c.o
/usr/bin/cc   -DCHECK_FUNCTION_EXISTS=pthread_create   -o CMakeFiles/cmTC_af62f.dir/CheckFunctionExists.c.o   -c /usr/share/cmake-3.10/Modules/CheckFunctionExists.c
Linking C executable cmTC_af62f
/usr/bin/cmake -E cmake_link_script CMakeFiles/cmTC_af62f.dir/link.txt --verbose=1
/usr/bin/cc  -DCHECK_FUNCTION_EXISTS=pthread_create    CMakeFiles/cmTC_af62f.dir/CheckFunctionExists.c.o  -o cmTC_af62f -lpthreads 
/usr/bin/ld: cannot find -lpthreads
collect2: error: ld returned 1 exit status
CMakeFiles/cmTC_af62f.dir/build.make:97: recipe for target 'cmTC_af62f' failed
make[2]: *** [cmTC_af62f] Error 1
make[2]: Leaving directory '/home/root/kumarRobotics/autonomy_ws/build/kr_rosflight_interface/CMakeFiles/CMakeTmp'
Makefile:126: recipe for target 'cmTC_af62f/fast' failed
make[1]: *** [cmTC_af62f/fast] Error 2
make[1]: Leaving directory '/home/root/kumarRobotics/autonomy_ws/build/kr_rosflight_interface/CMakeFiles/CMakeTmp'


