Determining if the pthread_create exist failed with the following output:
Change Dir: /home/root/kumarRobotics/autonomy_ws/build/kr_tracker_msgs/CMakeFiles/CMakeTmp

Run Build Command:"/usr/bin/make" "cmTC_79544/fast"
make[1]: Entering directory '/home/root/kumarRobotics/autonomy_ws/build/kr_tracker_msgs/CMakeFiles/CMakeTmp'
/usr/bin/make -f CMakeFiles/cmTC_79544.dir/build.make CMakeFiles/cmTC_79544.dir/build
make[2]: Entering directory '/home/root/kumarRobotics/autonomy_ws/build/kr_tracker_msgs/CMakeFiles/CMakeTmp'
Building C object CMakeFiles/cmTC_79544.dir/CheckSymbolExists.c.o
/usr/bin/cc    -o CMakeFiles/cmTC_79544.dir/CheckSymbolExists.c.o   -c /home/root/kumarRobotics/autonomy_ws/build/kr_tracker_msgs/CMakeFiles/CMakeTmp/CheckSymbolExists.c
Linking C executable cmTC_79544
/usr/bin/cmake -E cmake_link_script CMakeFiles/cmTC_79544.dir/link.txt --verbose=1
/usr/bin/cc      CMakeFiles/cmTC_79544.dir/CheckSymbolExists.c.o  -o cmTC_79544 
CMakeFiles/cmTC_79544.dir/CheckSymbolExists.c.o: In function `main':
CheckSymbolExists.c:(.text+0x14): undefined reference to `pthread_create'
CheckSymbolExists.c:(.text+0x18): undefined reference to `pthread_create'
collect2: error: ld returned 1 exit status
CMakeFiles/cmTC_79544.dir/build.make:97: recipe for target 'cmTC_79544' failed
make[2]: *** [cmTC_79544] Error 1
make[2]: Leaving directory '/home/root/kumarRobotics/autonomy_ws/build/kr_tracker_msgs/CMakeFiles/CMakeTmp'
Makefile:126: recipe for target 'cmTC_79544/fast' failed
make[1]: *** [cmTC_79544/fast] Error 2
make[1]: Leaving directory '/home/root/kumarRobotics/autonomy_ws/build/kr_tracker_msgs/CMakeFiles/CMakeTmp'

File /home/root/kumarRobotics/autonomy_ws/build/kr_tracker_msgs/CMakeFiles/CMakeTmp/CheckSymbolExists.c:
/* */
#include <pthread.h>

int main(int argc, char** argv)
{
  (void)argv;
#ifndef pthread_create
  return ((int*)(&pthread_create))[argc];
#else
  (void)argc;
  return 0;
#endif
}

Determining if the function pthread_create exists in the pthreads failed with the following output:
Change Dir: /home/root/kumarRobotics/autonomy_ws/build/kr_tracker_msgs/CMakeFiles/CMakeTmp

Run Build Command:"/usr/bin/make" "cmTC_3b0f1/fast"
make[1]: Entering directory '/home/root/kumarRobotics/autonomy_ws/build/kr_tracker_msgs/CMakeFiles/CMakeTmp'
/usr/bin/make -f CMakeFiles/cmTC_3b0f1.dir/build.make CMakeFiles/cmTC_3b0f1.dir/build
make[2]: Entering directory '/home/root/kumarRobotics/autonomy_ws/build/kr_tracker_msgs/CMakeFiles/CMakeTmp'
Building C object CMakeFiles/cmTC_3b0f1.dir/CheckFunctionExists.c.o
/usr/bin/cc   -DCHECK_FUNCTION_EXISTS=pthread_create   -o CMakeFiles/cmTC_3b0f1.dir/CheckFunctionExists.c.o   -c /usr/share/cmake-3.10/Modules/CheckFunctionExists.c
Linking C executable cmTC_3b0f1
/usr/bin/cmake -E cmake_link_script CMakeFiles/cmTC_3b0f1.dir/link.txt --verbose=1
/usr/bin/cc  -DCHECK_FUNCTION_EXISTS=pthread_create    CMakeFiles/cmTC_3b0f1.dir/CheckFunctionExists.c.o  -o cmTC_3b0f1 -lpthreads 
/usr/bin/ld: cannot find -lpthreads
collect2: error: ld returned 1 exit status
CMakeFiles/cmTC_3b0f1.dir/build.make:97: recipe for target 'cmTC_3b0f1' failed
make[2]: *** [cmTC_3b0f1] Error 1
make[2]: Leaving directory '/home/root/kumarRobotics/autonomy_ws/build/kr_tracker_msgs/CMakeFiles/CMakeTmp'
Makefile:126: recipe for target 'cmTC_3b0f1/fast' failed
make[1]: *** [cmTC_3b0f1/fast] Error 2
make[1]: Leaving directory '/home/root/kumarRobotics/autonomy_ws/build/kr_tracker_msgs/CMakeFiles/CMakeTmp'


