Not searching for unused variables given on the command line.
[36m--[0m The C compiler identification is GNU 7.5.0
[36m--[0m The CXX compiler identification is GNU 7.5.0
[36m--[0m Check for working C compiler: /usr/bin/cc
[36m--[0m Check for working C compiler: /usr/bin/cc -- works
[36m--[0m Detecting C compiler ABI info
[36m--[0m Detecting C compiler ABI info - done
[36m--[0m Detecting C compile features
[36m--[0m Detecting C compile features - done
[36m--[0m Check for working CXX compiler: /usr/bin/c++
[36m--[0m Check for working CXX compiler: /usr/bin/c++ -- works
[36m--[0m Detecting CXX compiler ABI info
[36m--[0m Detecting CXX compiler ABI info - done
[36m--[0m Detecting CXX compile features
[36m--[0m Detecting CXX compile features - done
[36m--[0m Using CATKIN_DEVEL_PREFIX: /home/root/kumarRobotics/autonomy_ws/devel/.private/cv_bridge
[36m--[0m Using CMAKE_PREFIX_PATH: /home/root/kumarRobotics/autonomy_ws/devel;/opt/ros/melodic
[36m--[0m This workspace overlays: /home/root/kumarRobotics/autonomy_ws/devel;/opt/ros/melodic
[36m--[0m Found PythonInterp: /usr/bin/python2 (found suitable version "2.7.17", minimum required is "2")
[36m--[0m Using PYTHON_EXECUTABLE: /usr/bin/python2
[36m--[0m Using Debian Python package layout
[36m--[0m Found PY_em: /usr/local/lib/python2.7/dist-packages/em.pyc
[36m--[0m Using empy: /usr/local/lib/python2.7/dist-packages/em.pyc
[36m--[0m Using CATKIN_ENABLE_TESTING: ON
[36m--[0m Call enable_testing()
[36m--[0m Using CATKIN_TEST_RESULTS_DIR: /home/root/kumarRobotics/autonomy_ws/build/cv_bridge/test_results
[36m--[0m Forcing gtest/gmock from source, though one was otherwise available.
[36m--[0m Found gtest sources under '/usr/src/googletest': gtests will be built
[36m--[0m Found gmock sources under '/usr/src/googletest': gmock will be built
[36m--[0m Found PythonInterp: /usr/bin/python2 (found version "2.7.17")
[36m--[0m Found Threads: TRUE
[36m--[0m nosetests not found, Python tests can not be run (try installing package 'python-nose')
[36m--[0m catkin 0.7.29
[36m--[0m BUILD_SHARED_LIBS is on
[36m--[0m Found PythonLibs: /usr/lib/aarch64-linux-gnu/libpython2.7.so (found version "2.7.17")
[36m--[0m Boost version: 1.65.1
[36m--[0m Found the following Boost libraries:
[36m--[0m   python
[36m--[0m Found OpenCV: /usr (found suitable version "3.2.0", minimum required is "3") found components:  opencv_core opencv_imgproc opencv_imgcodecs
[36m--[0m Found PythonLibs: /usr/lib/aarch64-linux-gnu/libpython2.7.so (found suitable version "2.7.17", minimum required is "2.7")
Traceback (most recent call last):
  File "<string>", line 1, in <module>
ImportError: No module named numpy
[31m[1mCMake Error[0m at /home/root/kumarRobotics/autonomy_ws/src/vision_opencv/cv_bridge/src/CMakeLists.txt:25 (message):
  Could not determine the NumPy include directory, verify that NumPy was
  installed correctly.


[36m--[0m skipping nosetests(enumerants.py) in project 'cv_bridge'
[36m--[0m skipping nosetests(conversions.py) in project 'cv_bridge'
[36m--[0m skipping nosetests(python_bindings.py) in project 'cv_bridge'
[36m--[0m Configuring incomplete, errors occurred!
See also "/home/root/kumarRobotics/autonomy_ws/build/cv_bridge/CMakeFiles/CMakeOutput.log".
See also "/home/root/kumarRobotics/autonomy_ws/build/cv_bridge/CMakeFiles/CMakeError.log".
