Determining if the pthread_create exist failed with the following output:
Change Dir: /home/root/kumarRobotics/autonomy_ws/build/mrsl_models/CMakeFiles/CMakeTmp

Run Build Command:"/usr/bin/make" "cmTC_cf89f/fast"
/usr/bin/make -f CMakeFiles/cmTC_cf89f.dir/build.make CMakeFiles/cmTC_cf89f.dir/build
make[1]: Entering directory '/home/root/kumarRobotics/autonomy_ws/build/mrsl_models/CMakeFiles/CMakeTmp'
Building C object CMakeFiles/cmTC_cf89f.dir/CheckSymbolExists.c.o
/usr/bin/cc    -o CMakeFiles/cmTC_cf89f.dir/CheckSymbolExists.c.o   -c /home/root/kumarRobotics/autonomy_ws/build/mrsl_models/CMakeFiles/CMakeTmp/CheckSymbolExists.c
Linking C executable cmTC_cf89f
/usr/bin/cmake -E cmake_link_script CMakeFiles/cmTC_cf89f.dir/link.txt --verbose=1
/usr/bin/cc      -rdynamic CMakeFiles/cmTC_cf89f.dir/CheckSymbolExists.c.o  -o cmTC_cf89f 
CMakeFiles/cmTC_cf89f.dir/CheckSymbolExists.c.o: In function `main':
CheckSymbolExists.c:(.text+0x14): undefined reference to `pthread_create'
CheckSymbolExists.c:(.text+0x18): undefined reference to `pthread_create'
collect2: error: ld returned 1 exit status
CMakeFiles/cmTC_cf89f.dir/build.make:97: recipe for target 'cmTC_cf89f' failed
make[1]: *** [cmTC_cf89f] Error 1
make[1]: Leaving directory '/home/root/kumarRobotics/autonomy_ws/build/mrsl_models/CMakeFiles/CMakeTmp'
Makefile:126: recipe for target 'cmTC_cf89f/fast' failed
make: *** [cmTC_cf89f/fast] Error 2

File /home/root/kumarRobotics/autonomy_ws/build/mrsl_models/CMakeFiles/CMakeTmp/CheckSymbolExists.c:
/* */
#include <pthread.h>

int main(int argc, char** argv)
{
  (void)argv;
#ifndef pthread_create
  return ((int*)(&pthread_create))[argc];
#else
  (void)argc;
  return 0;
#endif
}

Determining if the function pthread_create exists in the pthreads failed with the following output:
Change Dir: /home/root/kumarRobotics/autonomy_ws/build/mrsl_models/CMakeFiles/CMakeTmp

Run Build Command:"/usr/bin/make" "cmTC_0538e/fast"
/usr/bin/make -f CMakeFiles/cmTC_0538e.dir/build.make CMakeFiles/cmTC_0538e.dir/build
make[1]: Entering directory '/home/root/kumarRobotics/autonomy_ws/build/mrsl_models/CMakeFiles/CMakeTmp'
Building C object CMakeFiles/cmTC_0538e.dir/CheckFunctionExists.c.o
/usr/bin/cc   -DCHECK_FUNCTION_EXISTS=pthread_create   -o CMakeFiles/cmTC_0538e.dir/CheckFunctionExists.c.o   -c /usr/share/cmake-3.10/Modules/CheckFunctionExists.c
Linking C executable cmTC_0538e
/usr/bin/cmake -E cmake_link_script CMakeFiles/cmTC_0538e.dir/link.txt --verbose=1
/usr/bin/cc  -DCHECK_FUNCTION_EXISTS=pthread_create    -rdynamic CMakeFiles/cmTC_0538e.dir/CheckFunctionExists.c.o  -o cmTC_0538e -lpthreads 
/usr/bin/ld: cannot find -lpthreads
collect2: error: ld returned 1 exit status
CMakeFiles/cmTC_0538e.dir/build.make:97: recipe for target 'cmTC_0538e' failed
make[1]: *** [cmTC_0538e] Error 1
make[1]: Leaving directory '/home/root/kumarRobotics/autonomy_ws/build/mrsl_models/CMakeFiles/CMakeTmp'
Makefile:126: recipe for target 'cmTC_0538e/fast' failed
make: *** [cmTC_0538e/fast] Error 2


