Determining if the pthread_create exist failed with the following output:
Change Dir: /home/root/kumarRobotics/autonomy_ws/build/decomp_ros_msgs/CMakeFiles/CMakeTmp

Run Build Command:"/usr/bin/make" "cmTC_56c5e/fast"
/usr/bin/make -f CMakeFiles/cmTC_56c5e.dir/build.make CMakeFiles/cmTC_56c5e.dir/build
make[1]: Entering directory '/home/root/kumarRobotics/autonomy_ws/build/decomp_ros_msgs/CMakeFiles/CMakeTmp'
Building C object CMakeFiles/cmTC_56c5e.dir/CheckSymbolExists.c.o
/usr/bin/cc    -o CMakeFiles/cmTC_56c5e.dir/CheckSymbolExists.c.o   -c /home/root/kumarRobotics/autonomy_ws/build/decomp_ros_msgs/CMakeFiles/CMakeTmp/CheckSymbolExists.c
Linking C executable cmTC_56c5e
/usr/bin/cmake -E cmake_link_script CMakeFiles/cmTC_56c5e.dir/link.txt --verbose=1
/usr/bin/cc      -rdynamic CMakeFiles/cmTC_56c5e.dir/CheckSymbolExists.c.o  -o cmTC_56c5e 
CMakeFiles/cmTC_56c5e.dir/CheckSymbolExists.c.o: In function `main':
CheckSymbolExists.c:(.text+0x14): undefined reference to `pthread_create'
CheckSymbolExists.c:(.text+0x18): undefined reference to `pthread_create'
collect2: error: ld returned 1 exit status
CMakeFiles/cmTC_56c5e.dir/build.make:97: recipe for target 'cmTC_56c5e' failed
make[1]: *** [cmTC_56c5e] Error 1
make[1]: Leaving directory '/home/root/kumarRobotics/autonomy_ws/build/decomp_ros_msgs/CMakeFiles/CMakeTmp'
Makefile:126: recipe for target 'cmTC_56c5e/fast' failed
make: *** [cmTC_56c5e/fast] Error 2

File /home/root/kumarRobotics/autonomy_ws/build/decomp_ros_msgs/CMakeFiles/CMakeTmp/CheckSymbolExists.c:
/* */
#include <pthread.h>

int main(int argc, char** argv)
{
  (void)argv;
#ifndef pthread_create
  return ((int*)(&pthread_create))[argc];
#else
  (void)argc;
  return 0;
#endif
}

Determining if the function pthread_create exists in the pthreads failed with the following output:
Change Dir: /home/root/kumarRobotics/autonomy_ws/build/decomp_ros_msgs/CMakeFiles/CMakeTmp

Run Build Command:"/usr/bin/make" "cmTC_9d6be/fast"
/usr/bin/make -f CMakeFiles/cmTC_9d6be.dir/build.make CMakeFiles/cmTC_9d6be.dir/build
make[1]: Entering directory '/home/root/kumarRobotics/autonomy_ws/build/decomp_ros_msgs/CMakeFiles/CMakeTmp'
Building C object CMakeFiles/cmTC_9d6be.dir/CheckFunctionExists.c.o
/usr/bin/cc   -DCHECK_FUNCTION_EXISTS=pthread_create   -o CMakeFiles/cmTC_9d6be.dir/CheckFunctionExists.c.o   -c /usr/share/cmake-3.10/Modules/CheckFunctionExists.c
Linking C executable cmTC_9d6be
/usr/bin/cmake -E cmake_link_script CMakeFiles/cmTC_9d6be.dir/link.txt --verbose=1
/usr/bin/cc  -DCHECK_FUNCTION_EXISTS=pthread_create    -rdynamic CMakeFiles/cmTC_9d6be.dir/CheckFunctionExists.c.o  -o cmTC_9d6be -lpthreads 
/usr/bin/ld: cannot find -lpthreads
collect2: error: ld returned 1 exit status
CMakeFiles/cmTC_9d6be.dir/build.make:97: recipe for target 'cmTC_9d6be' failed
make[1]: *** [cmTC_9d6be] Error 1
make[1]: Leaving directory '/home/root/kumarRobotics/autonomy_ws/build/decomp_ros_msgs/CMakeFiles/CMakeTmp'
Makefile:126: recipe for target 'cmTC_9d6be/fast' failed
make: *** [cmTC_9d6be/fast] Error 2


