[  0%] Built target tf2_msgs_generate_messages_py
[  0%] Built target actionlib_generate_messages_py
[  0%] Built target actionlib_msgs_generate_messages_py
[  0%] Built target tf2_msgs_generate_messages_cpp
[  0%] Built target tf2_msgs_generate_messages_nodejs
[  0%] Built target tf2_msgs_generate_messages_eus
[  0%] Built target rosgraph_msgs_generate_messages_py
[  0%] Built target actionlib_msgs_generate_messages_lisp
[ 60%] Built target ukf_filter_lib
[ 60%] Built target tf2_msgs_generate_messages_lisp
[ 60%] Built target rosgraph_msgs_generate_messages_lisp
[ 60%] Built target std_msgs_generate_messages_eus
[ 60%] Built target rosgraph_msgs_generate_messages_nodejs
[ 60%] Built target actionlib_msgs_generate_messages_cpp
[ 60%] Built target actionlib_msgs_generate_messages_eus
[ 60%] Built target roscpp_generate_messages_py
[ 60%] Built target rosgraph_msgs_generate_messages_cpp
[ 60%] Built target std_msgs_generate_messages_py
[ 60%] Built target geometry_msgs_generate_messages_eus
[ 60%] Built target roscpp_generate_messages_nodejs
[ 60%] Built target roscpp_generate_messages_lisp
[ 60%] Built target std_msgs_generate_messages_cpp
[ 60%] Built target rosgraph_msgs_generate_messages_eus
[ 60%] Built target actionlib_msgs_generate_messages_nodejs
[ 60%] Built target roscpp_generate_messages_eus
[ 60%] Built target sensor_msgs_generate_messages_cpp
[ 60%] Built target geometry_msgs_generate_messages_nodejs
[ 60%] Built target sensor_msgs_generate_messages_py
[ 60%] Built target sensor_msgs_generate_messages_eus
[ 60%] Built target std_msgs_generate_messages_nodejs
[ 60%] Built target std_msgs_generate_messages_lisp
[ 60%] Built target roscpp_generate_messages_cpp
[ 60%] Built target sensor_msgs_generate_messages_lisp
[ 60%] Built target actionlib_generate_messages_eus
[ 60%] Built target actionlib_generate_messages_cpp
[ 60%] Built target geometry_msgs_generate_messages_cpp
[ 60%] Built target sensor_msgs_generate_messages_nodejs
[ 60%] Built target geometry_msgs_generate_messages_lisp
[ 60%] Built target geometry_msgs_generate_messages_py
[ 60%] Built target actionlib_generate_messages_lisp
[ 60%] Built target actionlib_generate_messages_nodejs
[35m[1mScanning dependencies of target quadrotor_ukf[0m
[ 80%] [32mBuilding CXX object CMakeFiles/quadrotor_ukf.dir/src/quadrotor_ukf_node.cpp.o[0m
[100%] [32m[1mLinking CXX executable /home/root/kumarRobotics/autonomy_ws/devel/.private/quadrotor_ukf/lib/quadrotor_ukf/quadrotor_ukf[0m
[100%] Built target quadrotor_ukf
