[ 60%] Built target ukf_filter_lib
[ 60%] Built target actionlib_generate_messages_py
[ 60%] Built target tf2_msgs_generate_messages_nodejs
[ 60%] Built target tf2_msgs_generate_messages_py
[ 60%] Built target tf2_msgs_generate_messages_lisp
[ 60%] Built target tf2_msgs_generate_messages_eus
[ 60%] Built target actionlib_msgs_generate_messages_py
[ 60%] Built target tf2_msgs_generate_messages_cpp
[ 60%] Built target actionlib_msgs_generate_messages_lisp
[ 60%] Built target actionlib_msgs_generate_messages_eus
[ 60%] Built target rosgraph_msgs_generate_messages_py
[ 60%] Built target rosgraph_msgs_generate_messages_nodejs
[ 60%] Built target std_msgs_generate_messages_eus
[ 60%] Built target rosgraph_msgs_generate_messages_eus
[ 60%] Built target rosgraph_msgs_generate_messages_lisp
[ 60%] Built target actionlib_msgs_generate_messages_cpp
[ 60%] Built target std_msgs_generate_messages_py
[ 60%] Built target rosgraph_msgs_generate_messages_cpp
[ 60%] Built target geometry_msgs_generate_messages_eus
[ 60%] Built target roscpp_generate_messages_py
[ 60%] Built target roscpp_generate_messages_nodejs
[ 60%] Built target roscpp_generate_messages_eus
[ 60%] Built target std_msgs_generate_messages_cpp
[ 60%] Built target roscpp_generate_messages_lisp
[ 60%] Built target geometry_msgs_generate_messages_nodejs
[ 60%] Built target actionlib_msgs_generate_messages_nodejs
[ 60%] Built target sensor_msgs_generate_messages_py
[ 60%] Built target std_msgs_generate_messages_lisp
[ 60%] Built target sensor_msgs_generate_messages_cpp
[ 60%] Built target std_msgs_generate_messages_nodejs
[ 60%] Built target sensor_msgs_generate_messages_eus
[ 60%] Built target sensor_msgs_generate_messages_lisp
[ 60%] Built target actionlib_generate_messages_cpp
[ 60%] Built target actionlib_generate_messages_eus
[ 60%] Built target sensor_msgs_generate_messages_nodejs
[ 60%] Built target roscpp_generate_messages_cpp
[ 60%] Built target geometry_msgs_generate_messages_lisp
[ 60%] Built target geometry_msgs_generate_messages_py
[ 60%] Built target geometry_msgs_generate_messages_cpp
[ 60%] Built target actionlib_generate_messages_lisp
[ 60%] Built target actionlib_generate_messages_nodejs
[100%] Built target quadrotor_ukf
