make: Warning: File 'Makefile' has modification time 41 s in the future
make[1]: Warning: File 'CMakeFiles/Makefile2' has modification time 41 s in the future
make[2]: Warning: File 'CMakeFiles/_kr_mav_msgs_generate_messages_check_deps_OutputData.dir/progress.make' has modification time 41 s in the future
make[2]: warning:  Clock skew detected.  Your build may be incomplete.
make[2]: Warning: File 'CMakeFiles/_kr_mav_msgs_generate_messages_check_deps_OutputData.dir/progress.make' has modification time 41 s in the future
make[2]: warning:  Clock skew detected.  Your build may be incomplete.
make[2]: Warning: File 'CMakeFiles/geometry_msgs_generate_messages_nodejs.dir/progress.make' has modification time 41 s in the future
make[2]: warning:  Clock skew detected.  Your build may be incomplete.
make[2]: Warning: File 'CMakeFiles/geometry_msgs_generate_messages_nodejs.dir/progress.make' has modification time 41 s in the future
make[2]: warning:  Clock skew detected.  Your build may be incomplete.
make[2]: Warning: File 'CMakeFiles/_kr_mav_msgs_generate_messages_check_deps_Corrections.dir/progress.make' has modification time 41 s in the future
make[2]: warning:  Clock skew detected.  Your build may be incomplete.
make[2]: Warning: File 'CMakeFiles/_kr_mav_msgs_generate_messages_check_deps_Corrections.dir/progress.make' has modification time 41 s in the future
make[2]: warning:  Clock skew detected.  Your build may be incomplete.
make[2]: Warning: File 'CMakeFiles/_kr_mav_msgs_generate_messages_check_deps_TRPYCommand.dir/progress.make' has modification time 41 s in the future
make[2]: warning:  Clock skew detected.  Your build may be incomplete.
make[2]: Warning: File 'CMakeFiles/_kr_mav_msgs_generate_messages_check_deps_TRPYCommand.dir/progress.make' has modification time 41 s in the future
make[2]: warning:  Clock skew detected.  Your build may be incomplete.
make[2]: Warning: File 'CMakeFiles/_kr_mav_msgs_generate_messages_check_deps_SO3Command.dir/progress.make' has modification time 40 s in the future
make[2]: warning:  Clock skew detected.  Your build may be incomplete.
make[2]: Warning: File 'CMakeFiles/_kr_mav_msgs_generate_messages_check_deps_SO3Command.dir/progress.make' has modification time 40 s in the future
make[2]: warning:  Clock skew detected.  Your build may be incomplete.
make[2]: Warning: File 'CMakeFiles/_kr_mav_msgs_generate_messages_check_deps_PWMCommand.dir/progress.make' has modification time 40 s in the future
make[2]: warning:  Clock skew detected.  Your build may be incomplete.
make[2]: Warning: File 'CMakeFiles/_kr_mav_msgs_generate_messages_check_deps_PWMCommand.dir/progress.make' has modification time 40 s in the future
make[2]: warning:  Clock skew detected.  Your build may be incomplete.
make[2]: Warning: File 'CMakeFiles/_kr_mav_msgs_generate_messages_check_deps_StatusData.dir/progress.make' has modification time 40 s in the future
make[2]: warning:  Clock skew detected.  Your build may be incomplete.
make[2]: Warning: File 'CMakeFiles/_kr_mav_msgs_generate_messages_check_deps_StatusData.dir/progress.make' has modification time 40 s in the future
make[2]: warning:  Clock skew detected.  Your build may be incomplete.
make[2]: Warning: File 'CMakeFiles/_kr_mav_msgs_generate_messages_check_deps_PositionCommand.dir/progress.make' has modification time 40 s in the future
make[2]: warning:  Clock skew detected.  Your build may be incomplete.
make[2]: Warning: File 'CMakeFiles/_kr_mav_msgs_generate_messages_check_deps_PositionCommand.dir/progress.make' has modification time 40 s in the future
make[2]: warning:  Clock skew detected.  Your build may be incomplete.
make[2]: Warning: File 'CMakeFiles/_kr_mav_msgs_generate_messages_check_deps_MotorRPM.dir/progress.make' has modification time 40 s in the future
make[2]: warning:  Clock skew detected.  Your build may be incomplete.
make[2]: Warning: File 'CMakeFiles/_kr_mav_msgs_generate_messages_check_deps_MotorRPM.dir/progress.make' has modification time 40 s in the future
make[2]: warning:  Clock skew detected.  Your build may be incomplete.
make[2]: Warning: File 'CMakeFiles/_kr_mav_msgs_generate_messages_check_deps_AuxCommand.dir/progress.make' has modification time 40 s in the future
make[2]: warning:  Clock skew detected.  Your build may be incomplete.
make[2]: Warning: File 'CMakeFiles/_kr_mav_msgs_generate_messages_check_deps_AuxCommand.dir/progress.make' has modification time 40 s in the future
make[2]: warning:  Clock skew detected.  Your build may be incomplete.
make[2]: Warning: File 'CMakeFiles/_kr_mav_msgs_generate_messages_check_deps_Serial.dir/progress.make' has modification time 40 s in the future
make[2]: warning:  Clock skew detected.  Your build may be incomplete.
make[2]: Warning: File 'CMakeFiles/_kr_mav_msgs_generate_messages_check_deps_Serial.dir/progress.make' has modification time 40 s in the future
make[2]: warning:  Clock skew detected.  Your build may be incomplete.
make[2]: Warning: File 'CMakeFiles/geometry_msgs_generate_messages_py.dir/progress.make' has modification time 40 s in the future
make[2]: warning:  Clock skew detected.  Your build may be incomplete.
make[2]: Warning: File 'CMakeFiles/geometry_msgs_generate_messages_py.dir/progress.make' has modification time 40 s in the future
make[2]: warning:  Clock skew detected.  Your build may be incomplete.
make[2]: Warning: File 'CMakeFiles/geometry_msgs_generate_messages_eus.dir/progress.make' has modification time 40 s in the future
make[2]: warning:  Clock skew detected.  Your build may be incomplete.
make[2]: Warning: File 'CMakeFiles/geometry_msgs_generate_messages_eus.dir/progress.make' has modification time 40 s in the future
make[2]: warning:  Clock skew detected.  Your build may be incomplete.
make[2]: Warning: File 'CMakeFiles/geometry_msgs_generate_messages_cpp.dir/progress.make' has modification time 40 s in the future
make[2]: Warning: File 'CMakeFiles/geometry_msgs_generate_messages_lisp.dir/progress.make' has modification time 40 s in the future
make[2]: warning:  Clock skew detected.  Your build may be incomplete.
make[2]: Warning: File 'CMakeFiles/geometry_msgs_generate_messages_cpp.dir/progress.make' has modification time 40 s in the future
make[2]: warning:  Clock skew detected.  Your build may be incomplete.
make[2]: warning:  Clock skew detected.  Your build may be incomplete.
make[2]: Warning: File 'CMakeFiles/geometry_msgs_generate_messages_lisp.dir/progress.make' has modification time 40 s in the future
make[2]: warning:  Clock skew detected.  Your build may be incomplete.
make[2]: Warning: File 'CMakeFiles/kr_mav_msgs_generate_messages_nodejs.dir/progress.make' has modification time 40 s in the future
make[2]: Warning: File 'CMakeFiles/kr_mav_msgs_generate_messages_py.dir/progress.make' has modification time 40 s in the future
make[2]: Warning: File 'CMakeFiles/kr_mav_msgs_generate_messages_cpp.dir/progress.make' has modification time 40 s in the future
make[2]: Warning: File 'CMakeFiles/kr_mav_msgs_generate_messages_eus.dir/progress.make' has modification time 40 s in the future
make[2]: warning:  Clock skew detected.  Your build may be incomplete.
make[2]: Warning: File 'CMakeFiles/kr_mav_msgs_generate_messages_lisp.dir/progress.make' has modification time 40 s in the future
make[2]: warning:  Clock skew detected.  Your build may be incomplete.
make[2]: warning:  Clock skew detected.  Your build may be incomplete.
make[2]: Warning: File 'CMakeFiles/kr_mav_msgs_generate_messages_nodejs.dir/progress.make' has modification time 40 s in the future
make[2]: Warning: File 'CMakeFiles/kr_mav_msgs_generate_messages_cpp.dir/progress.make' has modification time 40 s in the future
make[2]: warning:  Clock skew detected.  Your build may be incomplete.
make[2]: Warning: File 'CMakeFiles/kr_mav_msgs_generate_messages_py.dir/progress.make' has modification time 40 s in the future
make[2]: warning:  Clock skew detected.  Your build may be incomplete.
make[2]: warning:  Clock skew detected.  Your build may be incomplete.
make[2]: warning:  Clock skew detected.  Your build may be incomplete.
make[2]: Warning: File 'CMakeFiles/kr_mav_msgs_generate_messages_eus.dir/progress.make' has modification time 40 s in the future
make[2]: warning:  Clock skew detected.  Your build may be incomplete.
make[2]: Warning: File 'CMakeFiles/kr_mav_msgs_generate_messages_lisp.dir/progress.make' has modification time 40 s in the future
make[2]: warning:  Clock skew detected.  Your build may be incomplete.
make[2]: warning:  Clock skew detected.  Your build may be incomplete.
make[2]: Warning: File 'CMakeFiles/kr_mav_msgs_generate_messages.dir/progress.make' has modification time 40 s in the future
make[2]: warning:  Clock skew detected.  Your build may be incomplete.
make[2]: Warning: File 'CMakeFiles/kr_mav_msgs_generate_messages.dir/progress.make' has modification time 39 s in the future
make[2]: warning:  Clock skew detected.  Your build may be incomplete.
make[1]: warning:  Clock skew detected.  Your build may be incomplete.
make: warning:  Clock skew detected.  Your build may be incomplete.
