Not searching for unused variables given on the command line.
[36m--[0m Boost version: 1.65.1
[36m--[0m Found the following Boost libraries:
[36m--[0m   filesystem
[36m--[0m   program_options
[36m--[0m   system
[36m--[0m   thread
[36m--[0m   chrono
[36m--[0m   date_time
[36m--[0m   atomic
[36m--[0m Found PkgConfig: /usr/bin/pkg-config (found version "0.29.1")
[36m--[0m Checking for module 'assimp'
[36m--[0m   No package 'assimp' found
[36m--[0m could not find assimp (perhaps available thorugh ROS package?), so assimping assimp v2
[36m--[0m Checking for modules 'OGRE;OGRE-Overlay'
[36m--[0m   Found OGRE, version 1.9.0
[36m--[0m   Found OGRE-Overlay, version 1.9.0
[36m--[0m OGRE_PLUGIN_PATH=/usr/lib/aarch64-linux-gnu/OGRE-1.9.0
[36m--[0m Found OpenGL: /usr/lib/aarch64-linux-gnu/libOpenGL.so
[36m--[0m Using CATKIN_DEVEL_PREFIX: /home/root/kumarRobotics/autonomy_ws/devel/.private/rviz
[36m--[0m Using CMAKE_PREFIX_PATH: /home/root/kumarRobotics/autonomy_ws/devel;/opt/ros/melodic
[36m--[0m This workspace overlays: /home/root/kumarRobotics/autonomy_ws/devel;/opt/ros/melodic
[36m--[0m Found PythonInterp: /usr/bin/python2 (found suitable version "2.7.17", minimum required is "2")
[36m--[0m Using PYTHON_EXECUTABLE: /usr/bin/python2
[36m--[0m Using Debian Python package layout
[36m--[0m Found PY_em: /usr/local/lib/python2.7/dist-packages/em.pyc
[36m--[0m Using empy: /usr/local/lib/python2.7/dist-packages/em.pyc
[36m--[0m Using CATKIN_ENABLE_TESTING: ON
[36m--[0m Call enable_testing()
[36m--[0m Using CATKIN_TEST_RESULTS_DIR: /home/root/kumarRobotics/autonomy_ws/build/rviz/test_results
[36m--[0m Forcing gtest/gmock from source, though one was otherwise available.
[36m--[0m Found gtest sources under '/usr/src/googletest': gtests will be built
[36m--[0m Found gmock sources under '/usr/src/googletest': gmock will be built
[36m--[0m Found PythonInterp: /usr/bin/python2 (found version "2.7.17")
[36m--[0m nosetests not found, Python tests can not be run (try installing package 'python-nose')
[36m--[0m catkin 0.7.29
[36m--[0m BUILD_SHARED_LIBS is on
[36m--[0m Using these message generators: gencpp;geneus;genlisp;gennodejs;genpy
[36m--[0m Could NOT find laser_geometry (missing: laser_geometry_DIR)
[36m--[0m Could not find the required component 'laser_geometry'. The following CMake error indicates that you either need to install the package with the same name or change your environment so that it can be found.
[31m[1mCMake Error[0m at /opt/ros/melodic/share/catkin/cmake/catkinConfig.cmake:83 (find_package):
  Could not find a package configuration file provided by "laser_geometry"
  with any of the following names:

    laser_geometryConfig.cmake
    laser_geometry-config.cmake

  Add the installation prefix of "laser_geometry" to CMAKE_PREFIX_PATH or set
  "laser_geometry_DIR" to a directory containing one of the above files.  If
  "laser_geometry" provides a separate development package or SDK, be sure it
  has been installed.
[36mCall Stack (most recent call first):[0m
  CMakeLists.txt:125 (find_package)


[36m--[0m Configuring incomplete, errors occurred!
See also "/home/root/kumarRobotics/autonomy_ws/build/rviz/CMakeFiles/CMakeOutput.log".
See also "/home/root/kumarRobotics/autonomy_ws/build/rviz/CMakeFiles/CMakeError.log".
