make: Warning: File 'Makefile' has modification time 41 s in the future
make[1]: Warning: File 'CMakeFiles/Makefile2' has modification time 41 s in the future
make[2]: Warning: File 'CMakeFiles/imu_filter_madgwick_gencfg.dir/progress.make' has modification time 41 s in the future
make[2]: warning:  Clock skew detected.  Your build may be incomplete.
make[2]: Warning: File 'CMakeFiles/imu_filter_madgwick_gencfg.dir/progress.make' has modification time 41 s in the future
make[2]: warning:  Clock skew detected.  Your build may be incomplete.
make[2]: Warning: File 'CMakeFiles/imu_filter.dir/flags.make' has modification time 41 s in the future
make[2]: warning:  Clock skew detected.  Your build may be incomplete.
make[2]: Warning: File 'CMakeFiles/imu_filter.dir/flags.make' has modification time 41 s in the future
make[2]: warning:  Clock skew detected.  Your build may be incomplete.
make[2]: Warning: File 'CMakeFiles/imu_filter_node.dir/flags.make' has modification time 41 s in the future
make[2]: warning:  Clock skew detected.  Your build may be incomplete.
make[2]: Warning: File 'CMakeFiles/imu_filter_node.dir/flags.make' has modification time 41 s in the future
make[2]: warning:  Clock skew detected.  Your build may be incomplete.
make[2]: Warning: File 'CMakeFiles/imu_filter_nodelet.dir/flags.make' has modification time 41 s in the future
make[2]: warning:  Clock skew detected.  Your build may be incomplete.
make[2]: Warning: File 'CMakeFiles/imu_filter_nodelet.dir/flags.make' has modification time 41 s in the future
make[2]: warning:  Clock skew detected.  Your build may be incomplete.
make[1]: warning:  Clock skew detected.  Your build may be incomplete.
make: warning:  Clock skew detected.  Your build may be incomplete.
