[35m[1mScanning dependencies of target rosgraph_msgs_generate_messages_py[0m
[35m[1mScanning dependencies of target roscpp_generate_messages_cpp[0m
[35m[1mScanning dependencies of target rosgraph_msgs_generate_messages_nodejs[0m
[  0%] Built target rosgraph_msgs_generate_messages_py
[  0%] Built target roscpp_generate_messages_cpp
[  0%] Built target rosgraph_msgs_generate_messages_nodejs
[35m[1mScanning dependencies of target std_msgs_generate_messages_eus[0m
[35m[1mScanning dependencies of target rosgraph_msgs_generate_messages_lisp[0m
[35m[1mScanning dependencies of target rosgraph_msgs_generate_messages_eus[0m
[  0%] Built target std_msgs_generate_messages_eus
[  0%] Built target rosgraph_msgs_generate_messages_lisp
[  0%] Built target rosgraph_msgs_generate_messages_eus
[35m[1mScanning dependencies of target roscpp_generate_messages_py[0m
[35m[1mScanning dependencies of target std_msgs_generate_messages_py[0m
[  0%] Built target std_msgs_generate_messages_py
[35m[1mScanning dependencies of target decomp_ros_msgs_generate_messages_py[0m
[  0%] Built target roscpp_generate_messages_py
[35m[1mScanning dependencies of target geometry_msgs_generate_messages_eus[0m
[  0%] Built target decomp_ros_msgs_generate_messages_py
[35m[1mScanning dependencies of target roscpp_generate_messages_nodejs[0m
[  0%] Built target geometry_msgs_generate_messages_eus
[35m[1mScanning dependencies of target roscpp_generate_messages_eus[0m
[  0%] Built target roscpp_generate_messages_nodejs
[  0%] Built target roscpp_generate_messages_eus
[35m[1mScanning dependencies of target roscpp_generate_messages_lisp[0m
[35m[1mScanning dependencies of target std_msgs_generate_messages_cpp[0m
[35m[1mScanning dependencies of target geometry_msgs_generate_messages_nodejs[0m
[  0%] Built target roscpp_generate_messages_lisp
[  0%] Built target std_msgs_generate_messages_cpp
[  0%] Built target geometry_msgs_generate_messages_nodejs
[35m[1mScanning dependencies of target std_msgs_generate_messages_lisp[0m
[35m[1mScanning dependencies of target decomp_ros_msgs_generate_messages_lisp[0m
[35m[1mScanning dependencies of target std_msgs_generate_messages_nodejs[0m
[  0%] Built target std_msgs_generate_messages_lisp
[  0%] Built target decomp_ros_msgs_generate_messages_lisp
[  0%] Built target std_msgs_generate_messages_nodejs
[35m[1mScanning dependencies of target rosgraph_msgs_generate_messages_cpp[0m
[35m[1mScanning dependencies of target decomp_ros_msgs_generate_messages_cpp[0m
[35m[1mScanning dependencies of target decomp_ros_msgs_generate_messages_eus[0m
[  0%] Built target rosgraph_msgs_generate_messages_cpp
[  0%] Built target decomp_ros_msgs_generate_messages_cpp
[  0%] Built target decomp_ros_msgs_generate_messages_eus
[35m[1mScanning dependencies of target decomp_ros_msgs_generate_messages_nodejs[0m
[35m[1mScanning dependencies of target geometry_msgs_generate_messages_cpp[0m
[35m[1mScanning dependencies of target geometry_msgs_generate_messages_lisp[0m
[  0%] Built target decomp_ros_msgs_generate_messages_nodejs
[  0%] Built target geometry_msgs_generate_messages_cpp
[  0%] Built target geometry_msgs_generate_messages_lisp
[35m[1mScanning dependencies of target geometry_msgs_generate_messages_py[0m
[35m[1mScanning dependencies of target decomp_ros_utils_autogen[0m
[  8%] [34m[1mAutomatic MOC for target decomp_ros_utils[0m
[  8%] Built target geometry_msgs_generate_messages_py
[35m[1mScanning dependencies of target decomp_rviz_plugins_autogen[0m
[ 16%] [34m[1mAutomatic MOC for target decomp_rviz_plugins[0m
[ 16%] Built target decomp_ros_utils_autogen
[35m[1mScanning dependencies of target decomp_ros_utils[0m
[ 25%] [32mBuilding CXX object CMakeFiles/decomp_ros_utils.dir/decomp_ros_utils_autogen/mocs_compilation.cpp.o[0m
[ 33%] [32m[1mLinking CXX shared library libdecomp_ros_utils.so[0m
[ 33%] Built target decomp_ros_utils
[ 33%] Built target decomp_rviz_plugins_autogen
[35m[1mScanning dependencies of target decomp_rviz_plugins[0m
[ 41%] [32mBuilding CXX object CMakeFiles/decomp_rviz_plugins.dir/src/bound_visual.cpp.o[0m
[ 58%] [32mBuilding CXX object CMakeFiles/decomp_rviz_plugins.dir/src/vector_visual.cpp.o[0m
[ 58%] [32mBuilding CXX object CMakeFiles/decomp_rviz_plugins.dir/src/mesh_visual.cpp.o[0m
In file included from [01m[K/home/root/kumarRobotics/autonomy_ws/src/exploration/third_party/DecompROS/decomp_ros_utils/src/bound_visual.cpp:1:0[m[K:
[01m[K/home/root/kumarRobotics/autonomy_ws/src/exploration/third_party/DecompROS/decomp_ros_utils/src/bound_visual.h:6:10:[m[K [01;31m[Kfatal error: [m[KOGRE/OgreVector3.h: No such file or directory
 #include [01;31m[K<OGRE/OgreVector3.h>[m[K
          [01;31m[K^~~~~~~~~~~~~~~~~~~~[m[K
compilation terminated.
CMakeFiles/decomp_rviz_plugins.dir/build.make:62: recipe for target 'CMakeFiles/decomp_rviz_plugins.dir/src/bound_visual.cpp.o' failed
make[2]: *** [CMakeFiles/decomp_rviz_plugins.dir/src/bound_visual.cpp.o] Error 1
make[2]: *** Waiting for unfinished jobs....
In file included from [01m[K/home/root/kumarRobotics/autonomy_ws/src/exploration/third_party/DecompROS/decomp_ros_utils/src/vector_visual.cpp:1:0[m[K:
[01m[K/home/root/kumarRobotics/autonomy_ws/src/exploration/third_party/DecompROS/decomp_ros_utils/src/vector_visual.h:5:10:[m[K [01;31m[Kfatal error: [m[KOGRE/OgreVector3.h: No such file or directory
 #include [01;31m[K<OGRE/OgreVector3.h>[m[K
          [01;31m[K^~~~~~~~~~~~~~~~~~~~[m[K
compilation terminated.
CMakeFiles/decomp_rviz_plugins.dir/build.make:110: recipe for target 'CMakeFiles/decomp_rviz_plugins.dir/src/vector_visual.cpp.o' failed
make[2]: *** [CMakeFiles/decomp_rviz_plugins.dir/src/vector_visual.cpp.o] Error 1
In file included from [01m[K/home/root/kumarRobotics/autonomy_ws/src/exploration/third_party/DecompROS/decomp_ros_utils/src/mesh_visual.cpp:1:0[m[K:
[01m[K/home/root/kumarRobotics/autonomy_ws/src/exploration/third_party/DecompROS/decomp_ros_utils/src/mesh_visual.h:7:10:[m[K [01;31m[Kfatal error: [m[KOGRE/OgreVector3.h: No such file or directory
 #include [01;31m[K<OGRE/OgreVector3.h>[m[K
          [01;31m[K^~~~~~~~~~~~~~~~~~~~[m[K
compilation terminated.
CMakeFiles/decomp_rviz_plugins.dir/build.make:86: recipe for target 'CMakeFiles/decomp_rviz_plugins.dir/src/mesh_visual.cpp.o' failed
make[2]: *** [CMakeFiles/decomp_rviz_plugins.dir/src/mesh_visual.cpp.o] Error 1
CMakeFiles/Makefile2:476: recipe for target 'CMakeFiles/decomp_rviz_plugins.dir/all' failed
make[1]: *** [CMakeFiles/decomp_rviz_plugins.dir/all] Error 2
make: *** [all] Error 2
Makefile:140: recipe for target 'all' failed
