[  0%] Built target _kr_tracker_msgs_generate_messages_check_deps_LineTrackerActionResult
[  0%] Built target _kr_tracker_msgs_generate_messages_check_deps_CircleTrackerFeedback
[  0%] Built target _kr_tracker_msgs_generate_messages_check_deps_LissajousAdderAction
[  0%] Built target _kr_tracker_msgs_generate_messages_check_deps_LineTrackerActionFeedback
[  0%] Built target _kr_tracker_msgs_generate_messages_check_deps_LissajousTrackerActionResult
[  0%] Built target _kr_tracker_msgs_generate_messages_check_deps_LissajousAdderActionGoal
[  0%] Built target _kr_tracker_msgs_generate_messages_check_deps_VelocityTrackerGoal
[  0%] Built target actionlib_msgs_generate_messages_lisp
[  0%] Built target _kr_tracker_msgs_generate_messages_check_deps_CircleTrackerActionFeedback
[  0%] Built target _kr_tracker_msgs_generate_messages_check_deps_TrajectoryTrackerResult
[  0%] Built target _kr_tracker_msgs_generate_messages_check_deps_LineTrackerActionGoal
[  0%] Built target geometry_msgs_generate_messages_lisp
[  0%] Built target _kr_tracker_msgs_generate_messages_check_deps_TrajectoryTrackerActionResult
[  0%] Built target _kr_tracker_msgs_generate_messages_check_deps_CircleTrackerResult
[  0%] Built target _kr_tracker_msgs_generate_messages_check_deps_CircleTrackerActionGoal
[  0%] Built target _kr_tracker_msgs_generate_messages_check_deps_LissajousAdderActionFeedback
[  0%] Built target _kr_tracker_msgs_generate_messages_check_deps_LineTrackerGoal
[  0%] Built target _kr_tracker_msgs_generate_messages_check_deps_LissajousAdderGoal
[  0%] Built target _kr_tracker_msgs_generate_messages_check_deps_LissajousTrackerActionGoal
[  0%] Built target _kr_tracker_msgs_generate_messages_check_deps_Transition
[  0%] Built target _kr_tracker_msgs_generate_messages_check_deps_VelocityTrackerActionGoal
[  0%] Built target _kr_tracker_msgs_generate_messages_check_deps_CircleTrackerGoal
[  0%] Built target _kr_tracker_msgs_generate_messages_check_deps_LissajousTrackerGoal
[  0%] Built target _kr_tracker_msgs_generate_messages_check_deps_TrajectoryTrackerActionGoal
[  0%] Built target _kr_tracker_msgs_generate_messages_check_deps_VelocityTrackerFeedback
[  0%] Built target _kr_tracker_msgs_generate_messages_check_deps_LineTrackerFeedback
[  0%] Built target _kr_tracker_msgs_generate_messages_check_deps_LissajousTrackerActionFeedback
[  0%] Built target _kr_tracker_msgs_generate_messages_check_deps_VelocityTrackerResult
[  0%] Built target _kr_tracker_msgs_generate_messages_check_deps_TrajectoryTrackerActionFeedback
[  0%] Built target _kr_tracker_msgs_generate_messages_check_deps_VelocityTrackerAction
[  0%] Built target _kr_tracker_msgs_generate_messages_check_deps_LineTrackerAction
[  0%] Built target _kr_tracker_msgs_generate_messages_check_deps_TrackerStatus
[  0%] Built target _kr_tracker_msgs_generate_messages_check_deps_VelocityTrackerActionFeedback
[  0%] Built target _kr_tracker_msgs_generate_messages_check_deps_CircleTrackerAction
[  0%] Built target _kr_tracker_msgs_generate_messages_check_deps_LissajousAdderResult
[  0%] Built target _kr_tracker_msgs_generate_messages_check_deps_LineTrackerResult
[  0%] Built target _kr_tracker_msgs_generate_messages_check_deps_LissajousTrackerResult
[  0%] Built target _kr_tracker_msgs_generate_messages_check_deps_LissajousAdderFeedback
[  0%] Built target _kr_tracker_msgs_generate_messages_check_deps_LissajousTrackerAction
[  0%] Built target _kr_tracker_msgs_generate_messages_check_deps_LissajousTrackerFeedback
[  0%] Built target _kr_tracker_msgs_generate_messages_check_deps_LissajousAdderActionResult
[  0%] Built target _kr_tracker_msgs_generate_messages_check_deps_VelocityTrackerActionResult
[  0%] Built target _kr_tracker_msgs_generate_messages_check_deps_VelocityGoal
[  0%] Built target _kr_tracker_msgs_generate_messages_check_deps_TrajectoryTrackerFeedback
[  0%] Built target geometry_msgs_generate_messages_py
[  0%] Built target actionlib_msgs_generate_messages_py
[  0%] Built target _kr_tracker_msgs_generate_messages_check_deps_TrajectoryTrackerAction
[  0%] Built target actionlib_msgs_generate_messages_nodejs
[  0%] Built target actionlib_msgs_generate_messages_cpp
[  0%] Built target geometry_msgs_generate_messages_nodejs
[  0%] Built target _kr_tracker_msgs_generate_messages_check_deps_CircleTrackerActionResult
[  0%] Built target actionlib_msgs_generate_messages_eus
[  0%] Built target _kr_tracker_msgs_generate_messages_check_deps_TrajectoryTrackerGoal
[  0%] Built target geometry_msgs_generate_messages_cpp
[  0%] Built target geometry_msgs_generate_messages_eus
[ 19%] Built target kr_tracker_msgs_generate_messages_lisp
[ 40%] Built target kr_tracker_msgs_generate_messages_py
[ 60%] Built target kr_tracker_msgs_generate_messages_nodejs
[ 80%] Built target kr_tracker_msgs_generate_messages_cpp
[100%] Built target kr_tracker_msgs_generate_messages_eus
[100%] Built target kr_tracker_msgs_generate_messages
