make: Warning: File 'Makefile' has modification time 42 s in the future
make[1]: Warning: File 'CMakeFiles/Makefile2' has modification time 42 s in the future
make[2]: Warning: File 'CMakeFiles/_kr_tracker_msgs_generate_messages_check_deps_LineTrackerActionResult.dir/progress.make' has modification time 42 s in the future
make[2]: warning:  Clock skew detected.  Your build may be incomplete.
make[2]: Warning: File 'CMakeFiles/_kr_tracker_msgs_generate_messages_check_deps_LineTrackerActionResult.dir/progress.make' has modification time 42 s in the future
make[2]: warning:  Clock skew detected.  Your build may be incomplete.
make[2]: Warning: File 'CMakeFiles/_kr_tracker_msgs_generate_messages_check_deps_LineTrackerActionGoal.dir/progress.make' has modification time 42 s in the future
make[2]: warning:  Clock skew detected.  Your build may be incomplete.
make[2]: Warning: File 'CMakeFiles/_kr_tracker_msgs_generate_messages_check_deps_LineTrackerActionGoal.dir/progress.make' has modification time 42 s in the future
make[2]: Warning: File 'CMakeFiles/_kr_tracker_msgs_generate_messages_check_deps_TrajectoryTrackerResult.dir/progress.make' has modification time 42 s in the future
make[2]: warning:  Clock skew detected.  Your build may be incomplete.
make[2]: warning:  Clock skew detected.  Your build may be incomplete.
make[2]: Warning: File 'CMakeFiles/_kr_tracker_msgs_generate_messages_check_deps_TrajectoryTrackerResult.dir/progress.make' has modification time 42 s in the future
make[2]: Warning: File 'CMakeFiles/_kr_tracker_msgs_generate_messages_check_deps_LissajousTrackerActionResult.dir/progress.make' has modification time 42 s in the future
make[2]: warning:  Clock skew detected.  Your build may be incomplete.
make[2]: Warning: File 'CMakeFiles/_kr_tracker_msgs_generate_messages_check_deps_VelocityTrackerGoal.dir/progress.make' has modification time 41 s in the future
make[2]: warning:  Clock skew detected.  Your build may be incomplete.
make[2]: Warning: File 'CMakeFiles/_kr_tracker_msgs_generate_messages_check_deps_LissajousTrackerActionResult.dir/progress.make' has modification time 41 s in the future
make[2]: Warning: File 'CMakeFiles/actionlib_msgs_generate_messages_lisp.dir/progress.make' has modification time 41 s in the future
make[2]: warning:  Clock skew detected.  Your build may be incomplete.
make[2]: Warning: File 'CMakeFiles/_kr_tracker_msgs_generate_messages_check_deps_VelocityTrackerGoal.dir/progress.make' has modification time 41 s in the future
make[2]: warning:  Clock skew detected.  Your build may be incomplete.
make[2]: warning:  Clock skew detected.  Your build may be incomplete.
make[2]: Warning: File 'CMakeFiles/_kr_tracker_msgs_generate_messages_check_deps_CircleTrackerActionFeedback.dir/progress.make' has modification time 41 s in the future
make[2]: Warning: File 'CMakeFiles/actionlib_msgs_generate_messages_lisp.dir/progress.make' has modification time 41 s in the future
make[2]: warning:  Clock skew detected.  Your build may be incomplete.
make[2]: warning:  Clock skew detected.  Your build may be incomplete.
make[2]: warning:  Clock skew detected.  Your build may be incomplete.
make[2]: Warning: File 'CMakeFiles/_kr_tracker_msgs_generate_messages_check_deps_CircleTrackerActionFeedback.dir/progress.make' has modification time 41 s in the future
make[2]: Warning: File 'CMakeFiles/_kr_tracker_msgs_generate_messages_check_deps_LissajousAdderActionGoal.dir/progress.make' has modification time 41 s in the future
make[2]: Warning: File 'CMakeFiles/_kr_tracker_msgs_generate_messages_check_deps_LineTrackerActionFeedback.dir/progress.make' has modification time 41 s in the future
make[2]: warning:  Clock skew detected.  Your build may be incomplete.
make[2]: Warning: File 'CMakeFiles/_kr_tracker_msgs_generate_messages_check_deps_LineTrackerActionFeedback.dir/progress.make' has modification time 41 s in the future
make[2]: warning:  Clock skew detected.  Your build may be incomplete.
make[2]: warning:  Clock skew detected.  Your build may be incomplete.
make[2]: Warning: File 'CMakeFiles/_kr_tracker_msgs_generate_messages_check_deps_LissajousAdderActionGoal.dir/progress.make' has modification time 41 s in the future
make[2]: Warning: File 'CMakeFiles/_kr_tracker_msgs_generate_messages_check_deps_CircleTrackerFeedback.dir/progress.make' has modification time 41 s in the future
make[2]: warning:  Clock skew detected.  Your build may be incomplete.
make[2]: warning:  Clock skew detected.  Your build may be incomplete.
make[2]: Warning: File 'CMakeFiles/_kr_tracker_msgs_generate_messages_check_deps_LissajousAdderAction.dir/progress.make' has modification time 41 s in the future
make[2]: Warning: File 'CMakeFiles/_kr_tracker_msgs_generate_messages_check_deps_TrajectoryTrackerActionResult.dir/progress.make' has modification time 41 s in the future
make[2]: warning:  Clock skew detected.  Your build may be incomplete.
make[2]: Warning: File 'CMakeFiles/_kr_tracker_msgs_generate_messages_check_deps_CircleTrackerFeedback.dir/progress.make' has modification time 41 s in the future
make[2]: warning:  Clock skew detected.  Your build may be incomplete.
make[2]: Warning: File 'CMakeFiles/_kr_tracker_msgs_generate_messages_check_deps_LissajousAdderAction.dir/progress.make' has modification time 41 s in the future
make[2]: Warning: File 'CMakeFiles/geometry_msgs_generate_messages_lisp.dir/progress.make' has modification time 41 s in the future
make[2]: warning:  Clock skew detected.  Your build may be incomplete.
make[2]: Warning: File 'CMakeFiles/_kr_tracker_msgs_generate_messages_check_deps_TrajectoryTrackerActionResult.dir/progress.make' has modification time 41 s in the future
make[2]: warning:  Clock skew detected.  Your build may be incomplete.
make[2]: warning:  Clock skew detected.  Your build may be incomplete.
make[2]: warning:  Clock skew detected.  Your build may be incomplete.
make[2]: Warning: File 'CMakeFiles/geometry_msgs_generate_messages_lisp.dir/progress.make' has modification time 41 s in the future
make[2]: warning:  Clock skew detected.  Your build may be incomplete.
make[2]: Warning: File 'CMakeFiles/_kr_tracker_msgs_generate_messages_check_deps_CircleTrackerActionGoal.dir/progress.make' has modification time 41 s in the future
make[2]: warning:  Clock skew detected.  Your build may be incomplete.
make[2]: Warning: File 'CMakeFiles/_kr_tracker_msgs_generate_messages_check_deps_LissajousAdderGoal.dir/progress.make' has modification time 41 s in the future
make[2]: Warning: File 'CMakeFiles/_kr_tracker_msgs_generate_messages_check_deps_CircleTrackerResult.dir/progress.make' has modification time 41 s in the future
make[2]: warning:  Clock skew detected.  Your build may be incomplete.
make[2]: Warning: File 'CMakeFiles/_kr_tracker_msgs_generate_messages_check_deps_CircleTrackerActionGoal.dir/progress.make' has modification time 41 s in the future
make[2]: Warning: File 'CMakeFiles/_kr_tracker_msgs_generate_messages_check_deps_LissajousAdderActionFeedback.dir/progress.make' has modification time 41 s in the future
make[2]: warning:  Clock skew detected.  Your build may be incomplete.
make[2]: warning:  Clock skew detected.  Your build may be incomplete.
make[2]: warning:  Clock skew detected.  Your build may be incomplete.
make[2]: Warning: File 'CMakeFiles/_kr_tracker_msgs_generate_messages_check_deps_LissajousAdderGoal.dir/progress.make' has modification time 41 s in the future
make[2]: Warning: File 'CMakeFiles/_kr_tracker_msgs_generate_messages_check_deps_CircleTrackerResult.dir/progress.make' has modification time 41 s in the future
make[2]: Warning: File 'CMakeFiles/_kr_tracker_msgs_generate_messages_check_deps_LissajousAdderActionFeedback.dir/progress.make' has modification time 41 s in the future
make[2]: warning:  Clock skew detected.  Your build may be incomplete.
make[2]: warning:  Clock skew detected.  Your build may be incomplete.
make[2]: warning:  Clock skew detected.  Your build may be incomplete.
make[2]: Warning: File 'CMakeFiles/_kr_tracker_msgs_generate_messages_check_deps_LineTrackerGoal.dir/progress.make' has modification time 41 s in the future
make[2]: Warning: File 'CMakeFiles/_kr_tracker_msgs_generate_messages_check_deps_LissajousTrackerActionGoal.dir/progress.make' has modification time 41 s in the future
make[2]: warning:  Clock skew detected.  Your build may be incomplete.
make[2]: Warning: File 'CMakeFiles/_kr_tracker_msgs_generate_messages_check_deps_VelocityTrackerActionGoal.dir/progress.make' has modification time 41 s in the future
make[2]: warning:  Clock skew detected.  Your build may be incomplete.
make[2]: warning:  Clock skew detected.  Your build may be incomplete.
make[2]: Warning: File 'CMakeFiles/_kr_tracker_msgs_generate_messages_check_deps_LineTrackerGoal.dir/progress.make' has modification time 41 s in the future
make[2]: Warning: File 'CMakeFiles/_kr_tracker_msgs_generate_messages_check_deps_LissajousTrackerActionGoal.dir/progress.make' has modification time 41 s in the future
make[2]: Warning: File 'CMakeFiles/_kr_tracker_msgs_generate_messages_check_deps_Transition.dir/progress.make' has modification time 41 s in the future
make[2]: warning:  Clock skew detected.  Your build may be incomplete.
make[2]: Warning: File 'CMakeFiles/_kr_tracker_msgs_generate_messages_check_deps_VelocityTrackerActionGoal.dir/progress.make' has modification time 41 s in the future
make[2]: warning:  Clock skew detected.  Your build may be incomplete.
make[2]: Warning: File 'CMakeFiles/_kr_tracker_msgs_generate_messages_check_deps_Transition.dir/progress.make' has modification time 41 s in the future
make[2]: warning:  Clock skew detected.  Your build may be incomplete.
make[2]: warning:  Clock skew detected.  Your build may be incomplete.
make[2]: warning:  Clock skew detected.  Your build may be incomplete.
make[2]: warning:  Clock skew detected.  Your build may be incomplete.
make[2]: Warning: File 'CMakeFiles/_kr_tracker_msgs_generate_messages_check_deps_LissajousTrackerGoal.dir/progress.make' has modification time 41 s in the future
make[2]: Warning: File 'CMakeFiles/_kr_tracker_msgs_generate_messages_check_deps_CircleTrackerGoal.dir/progress.make' has modification time 41 s in the future
make[2]: warning:  Clock skew detected.  Your build may be incomplete.
make[2]: Warning: File 'CMakeFiles/_kr_tracker_msgs_generate_messages_check_deps_LissajousTrackerGoal.dir/progress.make' has modification time 41 s in the future
make[2]: warning:  Clock skew detected.  Your build may be incomplete.
make[2]: Warning: File 'CMakeFiles/_kr_tracker_msgs_generate_messages_check_deps_CircleTrackerGoal.dir/progress.make' has modification time 41 s in the future
make[2]: Warning: File 'CMakeFiles/_kr_tracker_msgs_generate_messages_check_deps_VelocityTrackerFeedback.dir/progress.make' has modification time 41 s in the future
make[2]: warning:  Clock skew detected.  Your build may be incomplete.
make[2]: warning:  Clock skew detected.  Your build may be incomplete.
make[2]: Warning: File 'CMakeFiles/_kr_tracker_msgs_generate_messages_check_deps_VelocityTrackerFeedback.dir/progress.make' has modification time 41 s in the future
make[2]: warning:  Clock skew detected.  Your build may be incomplete.
make[2]: Warning: File 'CMakeFiles/_kr_tracker_msgs_generate_messages_check_deps_TrajectoryTrackerActionGoal.dir/progress.make' has modification time 41 s in the future
make[2]: Warning: File 'CMakeFiles/_kr_tracker_msgs_generate_messages_check_deps_VelocityTrackerResult.dir/progress.make' has modification time 41 s in the future
make[2]: warning:  Clock skew detected.  Your build may be incomplete.
make[2]: warning:  Clock skew detected.  Your build may be incomplete.
make[2]: Warning: File 'CMakeFiles/_kr_tracker_msgs_generate_messages_check_deps_TrajectoryTrackerActionGoal.dir/progress.make' has modification time 41 s in the future
make[2]: warning:  Clock skew detected.  Your build may be incomplete.
make[2]: Warning: File 'CMakeFiles/_kr_tracker_msgs_generate_messages_check_deps_VelocityTrackerResult.dir/progress.make' has modification time 41 s in the future
make[2]: Warning: File 'CMakeFiles/_kr_tracker_msgs_generate_messages_check_deps_LineTrackerFeedback.dir/progress.make' has modification time 41 s in the future
make[2]: warning:  Clock skew detected.  Your build may be incomplete.
make[2]: Warning: File 'CMakeFiles/_kr_tracker_msgs_generate_messages_check_deps_LineTrackerFeedback.dir/progress.make' has modification time 41 s in the future
make[2]: warning:  Clock skew detected.  Your build may be incomplete.
make[2]: warning:  Clock skew detected.  Your build may be incomplete.
make[2]: warning:  Clock skew detected.  Your build may be incomplete.
make[2]: Warning: File 'CMakeFiles/_kr_tracker_msgs_generate_messages_check_deps_LissajousTrackerActionFeedback.dir/progress.make' has modification time 41 s in the future
make[2]: Warning: File 'CMakeFiles/_kr_tracker_msgs_generate_messages_check_deps_TrajectoryTrackerActionFeedback.dir/progress.make' has modification time 41 s in the future
make[2]: Warning: File 'CMakeFiles/_kr_tracker_msgs_generate_messages_check_deps_VelocityTrackerAction.dir/progress.make' has modification time 41 s in the future
make[2]: Warning: File 'CMakeFiles/_kr_tracker_msgs_generate_messages_check_deps_LineTrackerAction.dir/progress.make' has modification time 41 s in the future
make[2]: warning:  Clock skew detected.  Your build may be incomplete.
make[2]: warning:  Clock skew detected.  Your build may be incomplete.
make[2]: Warning: File 'CMakeFiles/_kr_tracker_msgs_generate_messages_check_deps_VelocityTrackerAction.dir/progress.make' has modification time 41 s in the future
make[2]: Warning: File 'CMakeFiles/_kr_tracker_msgs_generate_messages_check_deps_LissajousTrackerActionFeedback.dir/progress.make' has modification time 41 s in the future
make[2]: warning:  Clock skew detected.  Your build may be incomplete.
make[2]: Warning: File 'CMakeFiles/_kr_tracker_msgs_generate_messages_check_deps_TrajectoryTrackerActionFeedback.dir/progress.make' has modification time 41 s in the future
make[2]: warning:  Clock skew detected.  Your build may be incomplete.
make[2]: Warning: File 'CMakeFiles/_kr_tracker_msgs_generate_messages_check_deps_LineTrackerAction.dir/progress.make' has modification time 41 s in the future
make[2]: warning:  Clock skew detected.  Your build may be incomplete.
make[2]: warning:  Clock skew detected.  Your build may be incomplete.
make[2]: warning:  Clock skew detected.  Your build may be incomplete.
make[2]: Warning: File 'CMakeFiles/_kr_tracker_msgs_generate_messages_check_deps_TrackerStatus.dir/progress.make' has modification time 41 s in the future
make[2]: warning:  Clock skew detected.  Your build may be incomplete.
make[2]: Warning: File 'CMakeFiles/_kr_tracker_msgs_generate_messages_check_deps_VelocityTrackerActionFeedback.dir/progress.make' has modification time 41 s in the future
make[2]: Warning: File 'CMakeFiles/_kr_tracker_msgs_generate_messages_check_deps_LissajousAdderResult.dir/progress.make' has modification time 41 s in the future
make[2]: warning:  Clock skew detected.  Your build may be incomplete.
make[2]: Warning: File 'CMakeFiles/_kr_tracker_msgs_generate_messages_check_deps_CircleTrackerAction.dir/progress.make' has modification time 41 s in the future
make[2]: Warning: File 'CMakeFiles/_kr_tracker_msgs_generate_messages_check_deps_VelocityTrackerActionFeedback.dir/progress.make' has modification time 41 s in the future
make[2]: warning:  Clock skew detected.  Your build may be incomplete.
make[2]: Warning: File 'CMakeFiles/_kr_tracker_msgs_generate_messages_check_deps_TrackerStatus.dir/progress.make' has modification time 41 s in the future
make[2]: warning:  Clock skew detected.  Your build may be incomplete.
make[2]: warning:  Clock skew detected.  Your build may be incomplete.
make[2]: Warning: File 'CMakeFiles/_kr_tracker_msgs_generate_messages_check_deps_LissajousAdderResult.dir/progress.make' has modification time 41 s in the future
make[2]: warning:  Clock skew detected.  Your build may be incomplete.
make[2]: Warning: File 'CMakeFiles/_kr_tracker_msgs_generate_messages_check_deps_CircleTrackerAction.dir/progress.make' has modification time 41 s in the future
make[2]: warning:  Clock skew detected.  Your build may be incomplete.
make[2]: Warning: File 'CMakeFiles/_kr_tracker_msgs_generate_messages_check_deps_LineTrackerResult.dir/progress.make' has modification time 40 s in the future
make[2]: warning:  Clock skew detected.  Your build may be incomplete.
make[2]: Warning: File 'CMakeFiles/_kr_tracker_msgs_generate_messages_check_deps_LissajousTrackerResult.dir/progress.make' has modification time 40 s in the future
make[2]: warning:  Clock skew detected.  Your build may be incomplete.
make[2]: Warning: File 'CMakeFiles/_kr_tracker_msgs_generate_messages_check_deps_LineTrackerResult.dir/progress.make' has modification time 40 s in the future
make[2]: Warning: File 'CMakeFiles/_kr_tracker_msgs_generate_messages_check_deps_LissajousTrackerAction.dir/progress.make' has modification time 40 s in the future
make[2]: warning:  Clock skew detected.  Your build may be incomplete.
make[2]: warning:  Clock skew detected.  Your build may be incomplete.
make[2]: Warning: File 'CMakeFiles/_kr_tracker_msgs_generate_messages_check_deps_LissajousTrackerResult.dir/progress.make' has modification time 40 s in the future
make[2]: warning:  Clock skew detected.  Your build may be incomplete.
make[2]: warning:  Clock skew detected.  Your build may be incomplete.
make[2]: Warning: File 'CMakeFiles/_kr_tracker_msgs_generate_messages_check_deps_LissajousTrackerAction.dir/progress.make' has modification time 40 s in the future
make[2]: Warning: File 'CMakeFiles/_kr_tracker_msgs_generate_messages_check_deps_LissajousAdderFeedback.dir/progress.make' has modification time 40 s in the future
make[2]: warning:  Clock skew detected.  Your build may be incomplete.
make[2]: Warning: File 'CMakeFiles/_kr_tracker_msgs_generate_messages_check_deps_LissajousAdderFeedback.dir/progress.make' has modification time 40 s in the future
make[2]: warning:  Clock skew detected.  Your build may be incomplete.
make[2]: warning:  Clock skew detected.  Your build may be incomplete.
make[2]: Warning: File 'CMakeFiles/_kr_tracker_msgs_generate_messages_check_deps_LissajousTrackerFeedback.dir/progress.make' has modification time 40 s in the future
make[2]: Warning: File 'CMakeFiles/_kr_tracker_msgs_generate_messages_check_deps_TrajectoryTrackerFeedback.dir/progress.make' has modification time 40 s in the future
make[2]: warning:  Clock skew detected.  Your build may be incomplete.
make[2]: warning:  Clock skew detected.  Your build may be incomplete.
make[2]: Warning: File 'CMakeFiles/_kr_tracker_msgs_generate_messages_check_deps_LissajousTrackerFeedback.dir/progress.make' has modification time 40 s in the future
make[2]: Warning: File 'CMakeFiles/_kr_tracker_msgs_generate_messages_check_deps_LissajousAdderActionResult.dir/progress.make' has modification time 40 s in the future
make[2]: warning:  Clock skew detected.  Your build may be incomplete.
make[2]: Warning: File 'CMakeFiles/_kr_tracker_msgs_generate_messages_check_deps_VelocityTrackerActionResult.dir/progress.make' has modification time 40 s in the future
make[2]: warning:  Clock skew detected.  Your build may be incomplete.
make[2]: Warning: File 'CMakeFiles/_kr_tracker_msgs_generate_messages_check_deps_LissajousAdderActionResult.dir/progress.make' has modification time 40 s in the future
make[2]: Warning: File 'CMakeFiles/_kr_tracker_msgs_generate_messages_check_deps_TrajectoryTrackerFeedback.dir/progress.make' has modification time 40 s in the future
make[2]: warning:  Clock skew detected.  Your build may be incomplete.
make[2]: Warning: File 'CMakeFiles/_kr_tracker_msgs_generate_messages_check_deps_VelocityTrackerActionResult.dir/progress.make' has modification time 40 s in the future
make[2]: warning:  Clock skew detected.  Your build may be incomplete.
make[2]: warning:  Clock skew detected.  Your build may be incomplete.
make[2]: warning:  Clock skew detected.  Your build may be incomplete.
make[2]: warning:  Clock skew detected.  Your build may be incomplete.
make[2]: Warning: File 'CMakeFiles/_kr_tracker_msgs_generate_messages_check_deps_VelocityGoal.dir/progress.make' has modification time 40 s in the future
make[2]: Warning: File 'CMakeFiles/_kr_tracker_msgs_generate_messages_check_deps_TrajectoryTrackerGoal.dir/progress.make' has modification time 40 s in the future
make[2]: Warning: File 'CMakeFiles/_kr_tracker_msgs_generate_messages_check_deps_CircleTrackerActionResult.dir/progress.make' has modification time 40 s in the future
make[2]: Warning: File 'CMakeFiles/_kr_tracker_msgs_generate_messages_check_deps_TrajectoryTrackerAction.dir/progress.make' has modification time 40 s in the future
make[2]: warning:  Clock skew detected.  Your build may be incomplete.
make[2]: Warning: File 'CMakeFiles/_kr_tracker_msgs_generate_messages_check_deps_TrajectoryTrackerGoal.dir/progress.make' has modification time 40 s in the future
make[2]: warning:  Clock skew detected.  Your build may be incomplete.
make[2]: warning:  Clock skew detected.  Your build may be incomplete.
make[2]: Warning: File 'CMakeFiles/_kr_tracker_msgs_generate_messages_check_deps_VelocityGoal.dir/progress.make' has modification time 40 s in the future
make[2]: Warning: File 'CMakeFiles/_kr_tracker_msgs_generate_messages_check_deps_CircleTrackerActionResult.dir/progress.make' has modification time 40 s in the future
make[2]: warning:  Clock skew detected.  Your build may be incomplete.
make[2]: Warning: File 'CMakeFiles/_kr_tracker_msgs_generate_messages_check_deps_TrajectoryTrackerAction.dir/progress.make' has modification time 40 s in the future
make[2]: warning:  Clock skew detected.  Your build may be incomplete.
make[2]: warning:  Clock skew detected.  Your build may be incomplete.
make[2]: warning:  Clock skew detected.  Your build may be incomplete.
make[2]: warning:  Clock skew detected.  Your build may be incomplete.
make[2]: Warning: File 'CMakeFiles/actionlib_msgs_generate_messages_py.dir/progress.make' has modification time 40 s in the future
make[2]: Warning: File 'CMakeFiles/geometry_msgs_generate_messages_py.dir/progress.make' has modification time 40 s in the future
make[2]: warning:  Clock skew detected.  Your build may be incomplete.
make[2]: Warning: File 'CMakeFiles/actionlib_msgs_generate_messages_py.dir/progress.make' has modification time 40 s in the future
make[2]: warning:  Clock skew detected.  Your build may be incomplete.
make[2]: Warning: File 'CMakeFiles/actionlib_msgs_generate_messages_nodejs.dir/progress.make' has modification time 40 s in the future
make[2]: warning:  Clock skew detected.  Your build may be incomplete.
make[2]: Warning: File 'CMakeFiles/geometry_msgs_generate_messages_py.dir/progress.make' has modification time 40 s in the future
make[2]: warning:  Clock skew detected.  Your build may be incomplete.
make[2]: Warning: File 'CMakeFiles/actionlib_msgs_generate_messages_cpp.dir/progress.make' has modification time 40 s in the future
make[2]: Warning: File 'CMakeFiles/geometry_msgs_generate_messages_nodejs.dir/progress.make' has modification time 40 s in the future
make[2]: warning:  Clock skew detected.  Your build may be incomplete.
make[2]: Warning: File 'CMakeFiles/actionlib_msgs_generate_messages_nodejs.dir/progress.make' has modification time 40 s in the future
make[2]: warning:  Clock skew detected.  Your build may be incomplete.
make[2]: warning:  Clock skew detected.  Your build may be incomplete.
make[2]: warning:  Clock skew detected.  Your build may be incomplete.
make[2]: Warning: File 'CMakeFiles/actionlib_msgs_generate_messages_cpp.dir/progress.make' has modification time 40 s in the future
make[2]: warning:  Clock skew detected.  Your build may be incomplete.
make[2]: Warning: File 'CMakeFiles/geometry_msgs_generate_messages_nodejs.dir/progress.make' has modification time 40 s in the future
make[2]: warning:  Clock skew detected.  Your build may be incomplete.
make[2]: Warning: File 'CMakeFiles/geometry_msgs_generate_messages_cpp.dir/progress.make' has modification time 40 s in the future
make[2]: Warning: File 'CMakeFiles/actionlib_msgs_generate_messages_eus.dir/progress.make' has modification time 40 s in the future
make[2]: Warning: File 'CMakeFiles/geometry_msgs_generate_messages_eus.dir/progress.make' has modification time 40 s in the future
make[2]: warning:  Clock skew detected.  Your build may be incomplete.
make[2]: Warning: File 'CMakeFiles/geometry_msgs_generate_messages_cpp.dir/progress.make' has modification time 40 s in the future
make[2]: warning:  Clock skew detected.  Your build may be incomplete.
make[2]: warning:  Clock skew detected.  Your build may be incomplete.
make[2]: Warning: File 'CMakeFiles/geometry_msgs_generate_messages_eus.dir/progress.make' has modification time 40 s in the future
make[2]: warning:  Clock skew detected.  Your build may be incomplete.
make[2]: warning:  Clock skew detected.  Your build may be incomplete.
make[2]: Warning: File 'CMakeFiles/actionlib_msgs_generate_messages_eus.dir/progress.make' has modification time 40 s in the future
make[2]: warning:  Clock skew detected.  Your build may be incomplete.
make[2]: Warning: File 'CMakeFiles/kr_tracker_msgs_generate_messages_lisp.dir/progress.make' has modification time 40 s in the future
make[2]: Warning: File 'CMakeFiles/kr_tracker_msgs_generate_messages_py.dir/progress.make' has modification time 40 s in the future
make[2]: warning:  Clock skew detected.  Your build may be incomplete.
make[2]: Warning: File 'CMakeFiles/kr_tracker_msgs_generate_messages_lisp.dir/progress.make' has modification time 40 s in the future
make[2]: warning:  Clock skew detected.  Your build may be incomplete.
make[2]: Warning: File 'CMakeFiles/kr_tracker_msgs_generate_messages_py.dir/progress.make' has modification time 40 s in the future
make[2]: warning:  Clock skew detected.  Your build may be incomplete.
make[2]: warning:  Clock skew detected.  Your build may be incomplete.
make[2]: Warning: File 'CMakeFiles/kr_tracker_msgs_generate_messages_nodejs.dir/progress.make' has modification time 40 s in the future
make[2]: Warning: File 'CMakeFiles/kr_tracker_msgs_generate_messages_cpp.dir/progress.make' has modification time 40 s in the future
make[2]: warning:  Clock skew detected.  Your build may be incomplete.
make[2]: warning:  Clock skew detected.  Your build may be incomplete.
make[2]: Warning: File 'CMakeFiles/kr_tracker_msgs_generate_messages_nodejs.dir/progress.make' has modification time 40 s in the future
make[2]: Warning: File 'CMakeFiles/kr_tracker_msgs_generate_messages_cpp.dir/progress.make' has modification time 40 s in the future
make[2]: warning:  Clock skew detected.  Your build may be incomplete.
make[2]: warning:  Clock skew detected.  Your build may be incomplete.
make[2]: Warning: File 'CMakeFiles/kr_tracker_msgs_generate_messages_eus.dir/progress.make' has modification time 40 s in the future
make[2]: warning:  Clock skew detected.  Your build may be incomplete.
make[2]: Warning: File 'CMakeFiles/kr_tracker_msgs_generate_messages_eus.dir/progress.make' has modification time 40 s in the future
make[2]: warning:  Clock skew detected.  Your build may be incomplete.
make[2]: Warning: File 'CMakeFiles/kr_tracker_msgs_generate_messages.dir/progress.make' has modification time 40 s in the future
make[2]: warning:  Clock skew detected.  Your build may be incomplete.
make[2]: Warning: File 'CMakeFiles/kr_tracker_msgs_generate_messages.dir/progress.make' has modification time 40 s in the future
make[2]: warning:  Clock skew detected.  Your build may be incomplete.
make[1]: warning:  Clock skew detected.  Your build may be incomplete.
make: warning:  Clock skew detected.  Your build may be incomplete.
