Determining if the pthread_create exist failed with the following output:
Change Dir: /home/root/kumarRobotics/autonomy_ws/build/mrsl_quadrotor_description/CMakeFiles/CMakeTmp

Run Build Command:"/usr/bin/make" "cmTC_a9fda/fast"
/usr/bin/make -f CMakeFiles/cmTC_a9fda.dir/build.make CMakeFiles/cmTC_a9fda.dir/build
make[1]: Entering directory '/home/root/kumarRobotics/autonomy_ws/build/mrsl_quadrotor_description/CMakeFiles/CMakeTmp'
Building C object CMakeFiles/cmTC_a9fda.dir/CheckSymbolExists.c.o
/usr/bin/cc    -o CMakeFiles/cmTC_a9fda.dir/CheckSymbolExists.c.o   -c /home/root/kumarRobotics/autonomy_ws/build/mrsl_quadrotor_description/CMakeFiles/CMakeTmp/CheckSymbolExists.c
Linking C executable cmTC_a9fda
/usr/bin/cmake -E cmake_link_script CMakeFiles/cmTC_a9fda.dir/link.txt --verbose=1
/usr/bin/cc      -rdynamic CMakeFiles/cmTC_a9fda.dir/CheckSymbolExists.c.o  -o cmTC_a9fda 
CMakeFiles/cmTC_a9fda.dir/CheckSymbolExists.c.o: In function `main':
CheckSymbolExists.c:(.text+0x14): undefined reference to `pthread_create'
CheckSymbolExists.c:(.text+0x18): undefined reference to `pthread_create'
collect2: error: ld returned 1 exit status
CMakeFiles/cmTC_a9fda.dir/build.make:97: recipe for target 'cmTC_a9fda' failed
make[1]: *** [cmTC_a9fda] Error 1
make[1]: Leaving directory '/home/root/kumarRobotics/autonomy_ws/build/mrsl_quadrotor_description/CMakeFiles/CMakeTmp'
Makefile:126: recipe for target 'cmTC_a9fda/fast' failed
make: *** [cmTC_a9fda/fast] Error 2

File /home/root/kumarRobotics/autonomy_ws/build/mrsl_quadrotor_description/CMakeFiles/CMakeTmp/CheckSymbolExists.c:
/* */
#include <pthread.h>

int main(int argc, char** argv)
{
  (void)argv;
#ifndef pthread_create
  return ((int*)(&pthread_create))[argc];
#else
  (void)argc;
  return 0;
#endif
}

Determining if the function pthread_create exists in the pthreads failed with the following output:
Change Dir: /home/root/kumarRobotics/autonomy_ws/build/mrsl_quadrotor_description/CMakeFiles/CMakeTmp

Run Build Command:"/usr/bin/make" "cmTC_10e3b/fast"
/usr/bin/make -f CMakeFiles/cmTC_10e3b.dir/build.make CMakeFiles/cmTC_10e3b.dir/build
make[1]: Entering directory '/home/root/kumarRobotics/autonomy_ws/build/mrsl_quadrotor_description/CMakeFiles/CMakeTmp'
Building C object CMakeFiles/cmTC_10e3b.dir/CheckFunctionExists.c.o
/usr/bin/cc   -DCHECK_FUNCTION_EXISTS=pthread_create   -o CMakeFiles/cmTC_10e3b.dir/CheckFunctionExists.c.o   -c /usr/share/cmake-3.10/Modules/CheckFunctionExists.c
Linking C executable cmTC_10e3b
/usr/bin/cmake -E cmake_link_script CMakeFiles/cmTC_10e3b.dir/link.txt --verbose=1
/usr/bin/cc  -DCHECK_FUNCTION_EXISTS=pthread_create    -rdynamic CMakeFiles/cmTC_10e3b.dir/CheckFunctionExists.c.o  -o cmTC_10e3b -lpthreads 
/usr/bin/ld: cannot find -lpthreads
collect2: error: ld returned 1 exit status
CMakeFiles/cmTC_10e3b.dir/build.make:97: recipe for target 'cmTC_10e3b' failed
make[1]: *** [cmTC_10e3b] Error 1
make[1]: Leaving directory '/home/root/kumarRobotics/autonomy_ws/build/mrsl_quadrotor_description/CMakeFiles/CMakeTmp'
Makefile:126: recipe for target 'cmTC_10e3b/fast' failed
make: *** [cmTC_10e3b/fast] Error 2


