Not searching for unused variables given on the command line.
[36m--[0m The C compiler identification is GNU 7.5.0
[36m--[0m The CXX compiler identification is GNU 7.5.0
[36m--[0m Check for working C compiler: /usr/bin/cc
[36m--[0m Check for working C compiler: /usr/bin/cc -- works
[36m--[0m Detecting C compiler ABI info
[36m--[0m Detecting C compiler ABI info - done
[36m--[0m Detecting C compile features
[36m--[0m Detecting C compile features - done
[36m--[0m Check for working CXX compiler: /usr/bin/c++
[36m--[0m Check for working CXX compiler: /usr/bin/c++ -- works
[36m--[0m Detecting CXX compiler ABI info
[36m--[0m Detecting CXX compiler ABI info - done
[36m--[0m Detecting CXX compile features
[36m--[0m Detecting CXX compile features - done
[36m--[0m Using CATKIN_DEVEL_PREFIX: /home/root/kumarRobotics/autonomy_ws/devel/.private/kr_tracker_msgs
[36m--[0m Using CMAKE_PREFIX_PATH: /home/root/kumarRobotics/autonomy_ws/devel;/opt/ros/melodic
[36m--[0m This workspace overlays: /home/root/kumarRobotics/autonomy_ws/devel;/opt/ros/melodic
[36m--[0m Found PythonInterp: /usr/bin/python2 (found suitable version "2.7.17", minimum required is "2")
[36m--[0m Using PYTHON_EXECUTABLE: /usr/bin/python2
[36m--[0m Using Debian Python package layout
[36m--[0m Found PY_em: /usr/local/lib/python2.7/dist-packages/em.pyc
[36m--[0m Using empy: /usr/local/lib/python2.7/dist-packages/em.pyc
[36m--[0m Using CATKIN_ENABLE_TESTING: ON
[36m--[0m Call enable_testing()
[36m--[0m Using CATKIN_TEST_RESULTS_DIR: /home/root/kumarRobotics/autonomy_ws/build/kr_tracker_msgs/test_results
[36m--[0m gtest not found, C++ tests can not be built. Please install the gtest headers globally in your system to enable gtests
[36m--[0m nosetests not found, Python tests can not be run (try installing package 'python-nose')
[36m--[0m catkin 0.7.29
[36m--[0m BUILD_SHARED_LIBS is on
[36m--[0m Using these message generators: gencpp;geneus;genlisp;gennodejs;genpy
[36m--[0m Generating .msg files for action kr_tracker_msgs/LineTracker /home/root/kumarRobotics/autonomy_ws/src/kr_mav_control/trackers/kr_tracker_msgs/action/LineTracker.action
Generating for action LineTracker
[36m--[0m Generating .msg files for action kr_tracker_msgs/VelocityTracker /home/root/kumarRobotics/autonomy_ws/src/kr_mav_control/trackers/kr_tracker_msgs/action/VelocityTracker.action
Generating for action VelocityTracker
[36m--[0m Generating .msg files for action kr_tracker_msgs/CircleTracker /home/root/kumarRobotics/autonomy_ws/src/kr_mav_control/trackers/kr_tracker_msgs/action/CircleTracker.action
Generating for action CircleTracker
[36m--[0m Generating .msg files for action kr_tracker_msgs/TrajectoryTracker /home/root/kumarRobotics/autonomy_ws/src/kr_mav_control/trackers/kr_tracker_msgs/action/TrajectoryTracker.action
Generating for action TrajectoryTracker
[36m--[0m Generating .msg files for action kr_tracker_msgs/LissajousTracker /home/root/kumarRobotics/autonomy_ws/src/kr_mav_control/trackers/kr_tracker_msgs/action/LissajousTracker.action
Generating for action LissajousTracker
[36m--[0m Generating .msg files for action kr_tracker_msgs/LissajousAdder /home/root/kumarRobotics/autonomy_ws/src/kr_mav_control/trackers/kr_tracker_msgs/action/LissajousAdder.action
Generating for action LissajousAdder
[36m--[0m kr_tracker_msgs: 44 messages, 1 services
[36m--[0m Configuring done
[36m--[0m Generating done
[36m--[0m Build files have been written to: /home/root/kumarRobotics/autonomy_ws/build/kr_tracker_msgs
