[35m[1mScanning dependencies of target _kr_tracker_msgs_generate_messages_check_deps_PolyTrackerAction[0m
[  0%] Built target _kr_tracker_msgs_generate_messages_check_deps_PolyTrackerAction
[  0%] Built target _kr_tracker_msgs_generate_messages_check_deps_LissajousTrackerActionResult
[  0%] Built target _kr_tracker_msgs_generate_messages_check_deps_CircleTrackerActionResult
[  0%] Built target _kr_tracker_msgs_generate_messages_check_deps_CircleTrackerActionFeedback
[  0%] Built target _kr_tracker_msgs_generate_messages_check_deps_VelocityTrackerGoal
[  0%] Built target _kr_tracker_msgs_generate_messages_check_deps_LissajousAdderActionGoal
[  0%] Built target _kr_tracker_msgs_generate_messages_check_deps_LineTrackerActionFeedback
[  0%] Built target _kr_tracker_msgs_generate_messages_check_deps_TrajectoryTrackerResult
[  0%] Built target _kr_tracker_msgs_generate_messages_check_deps_LineTrackerActionGoal
[  0%] Built target _kr_tracker_msgs_generate_messages_check_deps_CircleTrackerFeedback
[  0%] Built target geometry_msgs_generate_messages_eus
[  0%] Built target _kr_tracker_msgs_generate_messages_check_deps_LissajousAdderAction
[  0%] Built target _kr_tracker_msgs_generate_messages_check_deps_LissajousAdderGoal
[  0%] Built target _kr_tracker_msgs_generate_messages_check_deps_CircleTrackerActionGoal
[  0%] Built target _kr_tracker_msgs_generate_messages_check_deps_TrajectoryTrackerActionResult
[  0%] Built target _kr_tracker_msgs_generate_messages_check_deps_LineTrackerGoal
[  0%] Built target _kr_tracker_msgs_generate_messages_check_deps_LissajousTrackerActionGoal
[  0%] Built target _kr_tracker_msgs_generate_messages_check_deps_LissajousAdderActionFeedback
[  0%] Built target _kr_tracker_msgs_generate_messages_check_deps_Transition
[  0%] Built target _kr_tracker_msgs_generate_messages_check_deps_VelocityTrackerActionGoal
[  0%] Built target _kr_tracker_msgs_generate_messages_check_deps_LissajousTrackerGoal
[  0%] Built target _kr_tracker_msgs_generate_messages_check_deps_CircleTrackerGoal
[  0%] Built target _kr_tracker_msgs_generate_messages_check_deps_VelocityTrackerFeedback
[  0%] Built target _kr_tracker_msgs_generate_messages_check_deps_TrajectoryTrackerActionGoal
[  0%] Built target _kr_tracker_msgs_generate_messages_check_deps_LissajousTrackerActionFeedback
[  0%] Built target _kr_tracker_msgs_generate_messages_check_deps_LineTrackerFeedback
[35m[1mScanning dependencies of target _kr_tracker_msgs_generate_messages_check_deps_PolyTrackerActionGoal[0m
[  0%] Built target _kr_tracker_msgs_generate_messages_check_deps_VelocityTrackerAction
[  0%] Built target actionlib_msgs_generate_messages_eus
[  0%] Built target _kr_tracker_msgs_generate_messages_check_deps_PolyTrackerActionGoal
[  0%] Built target _kr_tracker_msgs_generate_messages_check_deps_TrajectoryTrackerActionFeedback
[  0%] Built target _kr_tracker_msgs_generate_messages_check_deps_TrackerStatus
[  0%] Built target _kr_tracker_msgs_generate_messages_check_deps_LineTrackerAction
[  0%] Built target _kr_tracker_msgs_generate_messages_check_deps_VelocityTrackerActionFeedback
[  0%] Built target _kr_tracker_msgs_generate_messages_check_deps_LissajousAdderResult
[35m[1mScanning dependencies of target _kr_tracker_msgs_generate_messages_check_deps_PolyTrackerActionResult[0m
[35m[1mScanning dependencies of target _kr_tracker_msgs_generate_messages_check_deps_PolyTrackerFeedback[0m
[  0%] Built target _kr_tracker_msgs_generate_messages_check_deps_CircleTrackerAction
[  0%] Built target _kr_tracker_msgs_generate_messages_check_deps_PolyTrackerActionResult
[  0%] Built target _kr_tracker_msgs_generate_messages_check_deps_LissajousTrackerResult
[  0%] Built target _kr_tracker_msgs_generate_messages_check_deps_PolyTrackerFeedback
[35m[1mScanning dependencies of target _kr_tracker_msgs_generate_messages_check_deps_PolyTrackerResult[0m
[  0%] Built target _kr_tracker_msgs_generate_messages_check_deps_CircleTrackerResult
[  0%] Built target _kr_tracker_msgs_generate_messages_check_deps_PolyTrackerResult
[  0%] Built target _kr_tracker_msgs_generate_messages_check_deps_LineTrackerResult
[  0%] Built target _kr_tracker_msgs_generate_messages_check_deps_LineTrackerActionResult
[  0%] Built target _kr_tracker_msgs_generate_messages_check_deps_LissajousTrackerAction
[  0%] Built target _kr_tracker_msgs_generate_messages_check_deps_LissajousAdderFeedback
[  0%] Built target _kr_tracker_msgs_generate_messages_check_deps_LissajousTrackerFeedback
[35m[1mScanning dependencies of target _kr_tracker_msgs_generate_messages_check_deps_Polynomial[0m
[35m[1mScanning dependencies of target _kr_tracker_msgs_generate_messages_check_deps_PolyTrackerGoal[0m
[  0%] Built target _kr_tracker_msgs_generate_messages_check_deps_Polynomial
[  0%] Built target _kr_tracker_msgs_generate_messages_check_deps_PolyTrackerGoal
[  0%] Built target _kr_tracker_msgs_generate_messages_check_deps_LissajousAdderActionResult
[  0%] Built target _kr_tracker_msgs_generate_messages_check_deps_TrajectoryTrackerFeedback
[35m[1mScanning dependencies of target _kr_tracker_msgs_generate_messages_check_deps_PolyTrackerActionFeedback[0m
[  0%] Built target _kr_tracker_msgs_generate_messages_check_deps_VelocityTrackerResult
[  0%] Built target _kr_tracker_msgs_generate_messages_check_deps_PolyTrackerActionFeedback
[  0%] Built target _kr_tracker_msgs_generate_messages_check_deps_VelocityTrackerActionResult
[  0%] Built target _kr_tracker_msgs_generate_messages_check_deps_VelocityGoal
[  0%] Built target actionlib_msgs_generate_messages_lisp
[  0%] Built target _kr_tracker_msgs_generate_messages_check_deps_TrajectoryTrackerGoal
[  0%] Built target _kr_tracker_msgs_generate_messages_check_deps_TrajectoryTrackerAction
[  0%] Built target geometry_msgs_generate_messages_lisp
[  0%] Built target actionlib_msgs_generate_messages_cpp
[  0%] Built target geometry_msgs_generate_messages_cpp
[  0%] Built target actionlib_msgs_generate_messages_py
[  0%] Built target geometry_msgs_generate_messages_py
[  0%] Built target actionlib_msgs_generate_messages_nodejs
[  0%] Built target geometry_msgs_generate_messages_nodejs
[  0%] [34m[1mGenerating Lisp code from kr_tracker_msgs/LineTrackerActionGoal.msg[0m
[  2%] [34m[1mGenerating EusLisp code from kr_tracker_msgs/LineTrackerActionGoal.msg[0m
[  2%] [34m[1mGenerating C++ code from kr_tracker_msgs/LineTrackerActionGoal.msg[0m
[  2%] [34m[1mGenerating Python from MSG kr_tracker_msgs/LineTrackerActionGoal[0m
[  2%] [34m[1mGenerating Javascript code from kr_tracker_msgs/LineTrackerActionGoal.msg[0m
[  2%] [34m[1mGenerating C++ code from kr_tracker_msgs/TrajectoryTrackerGoal.msg[0m
[  3%] [34m[1mGenerating Lisp code from kr_tracker_msgs/TrajectoryTrackerGoal.msg[0m
[  4%] [34m[1mGenerating Javascript code from kr_tracker_msgs/TrajectoryTrackerGoal.msg[0m
[  4%] [34m[1mGenerating Lisp code from kr_tracker_msgs/VelocityTrackerFeedback.msg[0m
[  5%] [34m[1mGenerating Python from MSG kr_tracker_msgs/TrajectoryTrackerGoal[0m
[  5%] [34m[1mGenerating EusLisp code from kr_tracker_msgs/TrajectoryTrackerGoal.msg[0m
[  5%] [34m[1mGenerating Javascript code from kr_tracker_msgs/VelocityTrackerFeedback.msg[0m
[  6%] [34m[1mGenerating C++ code from kr_tracker_msgs/VelocityTrackerFeedback.msg[0m
[  6%] [34m[1mGenerating Lisp code from kr_tracker_msgs/LissajousAdderGoal.msg[0m
[  6%] [34m[1mGenerating Python from MSG kr_tracker_msgs/VelocityTrackerFeedback[0m
[  6%] [34m[1mGenerating Javascript code from kr_tracker_msgs/LissajousAdderGoal.msg[0m
[  6%] [34m[1mGenerating Python from MSG kr_tracker_msgs/LissajousAdderGoal[0m
[  6%] [34m[1mGenerating C++ code from kr_tracker_msgs/LissajousAdderGoal.msg[0m
[  7%] [34m[1mGenerating Lisp code from kr_tracker_msgs/LineTrackerActionFeedback.msg[0m
[  8%] [34m[1mGenerating Javascript code from kr_tracker_msgs/LineTrackerActionFeedback.msg[0m
[  9%] [34m[1mGenerating EusLisp code from kr_tracker_msgs/VelocityTrackerFeedback.msg[0m
[  9%] [34m[1mGenerating Python from MSG kr_tracker_msgs/TrajectoryTrackerActionGoal[0m
[  9%] [34m[1mGenerating Lisp code from kr_tracker_msgs/TrajectoryTrackerActionGoal.msg[0m
[ 10%] [34m[1mGenerating Python from MSG kr_tracker_msgs/LineTrackerActionFeedback[0m
[ 10%] [34m[1mGenerating Javascript code from kr_tracker_msgs/TrajectoryTrackerActionGoal.msg[0m
[ 10%] [34m[1mGenerating Python from MSG kr_tracker_msgs/LissajousTrackerActionResult[0m
[ 10%] [34m[1mGenerating Lisp code from kr_tracker_msgs/LissajousTrackerActionResult.msg[0m
[ 10%] [34m[1mGenerating C++ code from kr_tracker_msgs/LineTrackerActionFeedback.msg[0m
[ 11%] [34m[1mGenerating Python from MSG kr_tracker_msgs/VelocityTrackerActionGoal[0m
[ 11%] [34m[1mGenerating EusLisp code from kr_tracker_msgs/LissajousAdderGoal.msg[0m
[ 11%] [34m[1mGenerating Javascript code from kr_tracker_msgs/LissajousTrackerActionResult.msg[0m
[ 12%] [34m[1mGenerating Lisp code from kr_tracker_msgs/VelocityTrackerActionGoal.msg[0m
[ 12%] [34m[1mGenerating Python from MSG kr_tracker_msgs/LissajousAdderActionFeedback[0m
[ 12%] [34m[1mGenerating Python from MSG kr_tracker_msgs/LissajousAdderAction[0m
[ 12%] [34m[1mGenerating EusLisp code from kr_tracker_msgs/LineTrackerActionFeedback.msg[0m
[ 12%] [34m[1mGenerating Lisp code from kr_tracker_msgs/LissajousAdderActionFeedback.msg[0m
[ 13%] [34m[1mGenerating Python from MSG kr_tracker_msgs/LissajousTrackerActionFeedback[0m
[ 14%] [34m[1mGenerating C++ code from kr_tracker_msgs/TrajectoryTrackerActionGoal.msg[0m
[ 15%] [34m[1mGenerating Javascript code from kr_tracker_msgs/VelocityTrackerActionGoal.msg[0m
[ 16%] [34m[1mGenerating EusLisp code from kr_tracker_msgs/TrajectoryTrackerActionGoal.msg[0m
[ 16%] [34m[1mGenerating Lisp code from kr_tracker_msgs/LissajousAdderAction.msg[0m
[ 16%] [34m[1mGenerating Python from MSG kr_tracker_msgs/PolyTrackerActionGoal[0m
[ 17%] [34m[1mGenerating Lisp code from kr_tracker_msgs/LissajousTrackerActionFeedback.msg[0m
[ 17%] [34m[1mGenerating Python from MSG kr_tracker_msgs/VelocityGoal[0m
[ 17%] [34m[1mGenerating Javascript code from kr_tracker_msgs/LissajousAdderActionFeedback.msg[0m
[ 18%] [34m[1mGenerating Python from MSG kr_tracker_msgs/TrajectoryTrackerActionFeedback[0m
[ 18%] [34m[1mGenerating EusLisp code from kr_tracker_msgs/LissajousTrackerActionResult.msg[0m
[ 18%] [34m[1mGenerating C++ code from kr_tracker_msgs/LissajousTrackerActionResult.msg[0m
[ 18%] [34m[1mGenerating Lisp code from kr_tracker_msgs/PolyTrackerActionGoal.msg[0m
[ 18%] [34m[1mGenerating Python from MSG kr_tracker_msgs/LissajousTrackerFeedback[0m
[ 18%] [34m[1mGenerating EusLisp code from kr_tracker_msgs/VelocityTrackerActionGoal.msg[0m
[ 18%] [34m[1mGenerating Javascript code from kr_tracker_msgs/LissajousAdderAction.msg[0m
[ 19%] [34m[1mGenerating Python from MSG kr_tracker_msgs/CircleTrackerGoal[0m
[ 19%] [34m[1mGenerating Python from MSG kr_tracker_msgs/TrackerStatus[0m
[ 19%] [34m[1mGenerating Lisp code from kr_tracker_msgs/VelocityGoal.msg[0m
[ 20%] [34m[1mGenerating EusLisp code from kr_tracker_msgs/LissajousAdderActionFeedback.msg[0m
[ 21%] [34m[1mGenerating Lisp code from kr_tracker_msgs/TrajectoryTrackerActionFeedback.msg[0m
[ 21%] [34m[1mGenerating C++ code from kr_tracker_msgs/VelocityTrackerActionGoal.msg[0m
[ 22%] [34m[1mGenerating C++ code from kr_tracker_msgs/LissajousAdderActionFeedback.msg[0m
[ 23%] [34m[1mGenerating Javascript code from kr_tracker_msgs/LissajousTrackerActionFeedback.msg[0m
[ 23%] [34m[1mGenerating EusLisp code from kr_tracker_msgs/LissajousAdderAction.msg[0m
[ 23%] [34m[1mGenerating Lisp code from kr_tracker_msgs/LissajousTrackerFeedback.msg[0m
[ 24%] [34m[1mGenerating Python from MSG kr_tracker_msgs/LissajousTrackerActionGoal[0m
[ 24%] [34m[1mGenerating Python from MSG kr_tracker_msgs/VelocityTrackerActionFeedback[0m
[ 24%] [34m[1mGenerating Javascript code from kr_tracker_msgs/PolyTrackerActionGoal.msg[0m
[ 24%] [34m[1mGenerating C++ code from kr_tracker_msgs/LissajousAdderAction.msg[0m
[ 25%] [34m[1mGenerating Lisp code from kr_tracker_msgs/CircleTrackerGoal.msg[0m
[ 25%] [34m[1mGenerating C++ code from kr_tracker_msgs/LissajousTrackerActionFeedback.msg[0m
[ 25%] [34m[1mGenerating Python from MSG kr_tracker_msgs/CircleTrackerAction[0m
[ 25%] [34m[1mGenerating Javascript code from kr_tracker_msgs/VelocityGoal.msg[0m
[ 25%] [34m[1mGenerating Lisp code from kr_tracker_msgs/TrackerStatus.msg[0m
[ 25%] [34m[1mGenerating EusLisp code from kr_tracker_msgs/LissajousTrackerActionFeedback.msg[0m
[ 26%] [34m[1mGenerating EusLisp code from kr_tracker_msgs/PolyTrackerActionGoal.msg[0m
[ 26%] [34m[1mGenerating Lisp code from kr_tracker_msgs/VelocityTrackerActionFeedback.msg[0m
[ 26%] [34m[1mGenerating EusLisp code from kr_tracker_msgs/VelocityGoal.msg[0m
[ 26%] [34m[1mGenerating EusLisp code from kr_tracker_msgs/TrajectoryTrackerActionFeedback.msg[0m
[ 26%] [34m[1mGenerating Python from MSG kr_tracker_msgs/LissajousAdderActionGoal[0m
[ 27%] [34m[1mGenerating Javascript code from kr_tracker_msgs/TrajectoryTrackerActionFeedback.msg[0m
[ 28%] [34m[1mGenerating Python from MSG kr_tracker_msgs/PolyTrackerResult[0m
[ 29%] [34m[1mGenerating EusLisp code from kr_tracker_msgs/LissajousTrackerFeedback.msg[0m
[ 30%] [34m[1mGenerating C++ code from kr_tracker_msgs/PolyTrackerActionGoal.msg[0m
[ 31%] [34m[1mGenerating Lisp code from kr_tracker_msgs/LissajousTrackerActionGoal.msg[0m
[ 31%] [34m[1mGenerating C++ code from kr_tracker_msgs/VelocityGoal.msg[0m
[ 31%] [34m[1mGenerating EusLisp code from kr_tracker_msgs/CircleTrackerGoal.msg[0m
[ 31%] [34m[1mGenerating Lisp code from kr_tracker_msgs/CircleTrackerAction.msg[0m
[ 31%] [34m[1mGenerating Javascript code from kr_tracker_msgs/LissajousTrackerFeedback.msg[0m
[ 31%] [34m[1mGenerating Python from MSG kr_tracker_msgs/LissajousAdderResult[0m
[ 31%] [34m[1mGenerating Python from MSG kr_tracker_msgs/LineTrackerResult[0m
[ 32%] [34m[1mGenerating Javascript code from kr_tracker_msgs/CircleTrackerGoal.msg[0m
[ 32%] [34m[1mGenerating Javascript code from kr_tracker_msgs/TrackerStatus.msg[0m
[ 32%] [34m[1mGenerating C++ code from kr_tracker_msgs/TrajectoryTrackerActionFeedback.msg[0m
[ 34%] [34m[1mGenerating EusLisp code from kr_tracker_msgs/TrackerStatus.msg[0m
[ 34%] [34m[1mGenerating Lisp code from kr_tracker_msgs/LissajousAdderActionGoal.msg[0m
[ 35%] [34m[1mGenerating C++ code from kr_tracker_msgs/LissajousTrackerFeedback.msg[0m
[ 36%] [34m[1mGenerating Lisp code from kr_tracker_msgs/PolyTrackerResult.msg[0m
[ 37%] [34m[1mGenerating Python from MSG kr_tracker_msgs/LissajousTrackerAction[0m
[ 37%] [34m[1mGenerating Javascript code from kr_tracker_msgs/VelocityTrackerActionFeedback.msg[0m
[ 37%] [34m[1mGenerating EusLisp code from kr_tracker_msgs/VelocityTrackerActionFeedback.msg[0m
[ 37%] [34m[1mGenerating EusLisp code from kr_tracker_msgs/LissajousTrackerActionGoal.msg[0m
[ 38%] [34m[1mGenerating Javascript code from kr_tracker_msgs/LissajousTrackerActionGoal.msg[0m
[ 38%] [34m[1mGenerating Python from MSG kr_tracker_msgs/LissajousTrackerGoal[0m
[ 38%] [34m[1mGenerating C++ code from kr_tracker_msgs/CircleTrackerGoal.msg[0m
[ 38%] [34m[1mGenerating Lisp code from kr_tracker_msgs/LissajousAdderResult.msg[0m
[ 38%] [34m[1mGenerating Javascript code from kr_tracker_msgs/CircleTrackerAction.msg[0m
[ 39%] [34m[1mGenerating EusLisp code from kr_tracker_msgs/CircleTrackerAction.msg[0m
[ 39%] [34m[1mGenerating Python from MSG kr_tracker_msgs/VelocityTrackerAction[0m
[ 39%] [34m[1mGenerating Lisp code from kr_tracker_msgs/LineTrackerResult.msg[0m
[ 39%] [34m[1mGenerating EusLisp code from kr_tracker_msgs/LissajousAdderActionGoal.msg[0m
[ 39%] [34m[1mGenerating EusLisp code from kr_tracker_msgs/PolyTrackerResult.msg[0m
[ 40%] [34m[1mGenerating Python from MSG kr_tracker_msgs/LineTrackerAction[0m
[ 40%] [34m[1mGenerating Javascript code from kr_tracker_msgs/LissajousAdderActionGoal.msg[0m
[ 42%] [34m[1mGenerating C++ code from kr_tracker_msgs/TrackerStatus.msg[0m
[ 42%] [34m[1mGenerating Lisp code from kr_tracker_msgs/LissajousTrackerAction.msg[0m
[ 43%] [34m[1mGenerating Javascript code from kr_tracker_msgs/PolyTrackerResult.msg[0m
[ 44%] [34m[1mGenerating EusLisp code from kr_tracker_msgs/LissajousAdderResult.msg[0m
[ 44%] [34m[1mGenerating Lisp code from kr_tracker_msgs/LissajousTrackerGoal.msg[0m
[ 44%] [34m[1mGenerating EusLisp code from kr_tracker_msgs/LineTrackerResult.msg[0m
[ 44%] [34m[1mGenerating Python from MSG kr_tracker_msgs/PolyTrackerActionResult[0m
[ 44%] [34m[1mGenerating EusLisp code from kr_tracker_msgs/LissajousTrackerAction.msg[0m
[ 44%] [34m[1mGenerating Lisp code from kr_tracker_msgs/VelocityTrackerAction.msg[0m
[ 44%] [34m[1mGenerating Javascript code from kr_tracker_msgs/LissajousAdderResult.msg[0m
[ 44%] [34m[1mGenerating C++ code from kr_tracker_msgs/VelocityTrackerActionFeedback.msg[0m
[ 45%] [34m[1mGenerating EusLisp code from kr_tracker_msgs/LissajousTrackerGoal.msg[0m
[ 46%] [34m[1mGenerating Python from MSG kr_tracker_msgs/LineTrackerGoal[0m
[ 46%] [34m[1mGenerating EusLisp code from kr_tracker_msgs/VelocityTrackerAction.msg[0m
[ 47%] [34m[1mGenerating Lisp code from kr_tracker_msgs/LineTrackerAction.msg[0m
[ 47%] [34m[1mGenerating Python from MSG kr_tracker_msgs/LissajousAdderFeedback[0m
[ 47%] [34m[1mGenerating Javascript code from kr_tracker_msgs/LineTrackerResult.msg[0m
[ 47%] [34m[1mGenerating EusLisp code from kr_tracker_msgs/LineTrackerAction.msg[0m
[ 48%] [34m[1mGenerating EusLisp code from kr_tracker_msgs/PolyTrackerActionResult.msg[0m
[ 48%] [34m[1mGenerating C++ code from kr_tracker_msgs/LissajousTrackerActionGoal.msg[0m
[ 48%] [34m[1mGenerating Lisp code from kr_tracker_msgs/PolyTrackerActionResult.msg[0m
[ 48%] [34m[1mGenerating Python from MSG kr_tracker_msgs/LineTrackerFeedback[0m
[ 48%] [34m[1mGenerating EusLisp code from kr_tracker_msgs/LineTrackerGoal.msg[0m
[ 49%] [34m[1mGenerating Javascript code from kr_tracker_msgs/LissajousTrackerAction.msg[0m
[ 50%] [34m[1mGenerating EusLisp code from kr_tracker_msgs/LissajousAdderFeedback.msg[0m
[ 50%] [34m[1mGenerating Lisp code from kr_tracker_msgs/LissajousAdderFeedback.msg[0m
[ 51%] [34m[1mGenerating Lisp code from kr_tracker_msgs/LineTrackerGoal.msg[0m
[ 51%] [34m[1mGenerating EusLisp code from kr_tracker_msgs/LineTrackerFeedback.msg[0m
[ 52%] [34m[1mGenerating C++ code from kr_tracker_msgs/CircleTrackerAction.msg[0m
[ 52%] [34m[1mGenerating Javascript code from kr_tracker_msgs/LissajousTrackerGoal.msg[0m
[ 53%] [34m[1mGenerating Lisp code from kr_tracker_msgs/VelocityTrackerGoal.msg[0m
[ 53%] [34m[1mGenerating Lisp code from kr_tracker_msgs/LineTrackerFeedback.msg[0m
[ 53%] [34m[1mGenerating EusLisp code from kr_tracker_msgs/VelocityTrackerGoal.msg[0m
[ 54%] [34m[1mGenerating Python from MSG kr_tracker_msgs/VelocityTrackerGoal[0m
[ 55%] [34m[1mGenerating EusLisp code from kr_tracker_msgs/CircleTrackerActionGoal.msg[0m
[ 55%] [34m[1mGenerating Lisp code from kr_tracker_msgs/CircleTrackerActionGoal.msg[0m
[ 55%] [34m[1mGenerating Lisp code from kr_tracker_msgs/TrajectoryTrackerActionResult.msg[0m
[ 55%] [34m[1mGenerating EusLisp code from kr_tracker_msgs/TrajectoryTrackerActionResult.msg[0m
[ 55%] [34m[1mGenerating Javascript code from kr_tracker_msgs/VelocityTrackerAction.msg[0m
[ 56%] [34m[1mGenerating Lisp code from kr_tracker_msgs/CircleTrackerResult.msg[0m
[ 56%] [34m[1mGenerating C++ code from kr_tracker_msgs/LissajousAdderActionGoal.msg[0m
[ 56%] [34m[1mGenerating Lisp code from kr_tracker_msgs/VelocityTrackerResult.msg[0m
[ 56%] [34m[1mGenerating Python from MSG kr_tracker_msgs/TrajectoryTrackerActionResult[0m
[ 56%] [34m[1mGenerating Python from MSG kr_tracker_msgs/CircleTrackerActionGoal[0m
[ 56%] [34m[1mGenerating EusLisp code from kr_tracker_msgs/CircleTrackerResult.msg[0m
[ 57%] [34m[1mGenerating Javascript code from kr_tracker_msgs/LineTrackerAction.msg[0m
[ 57%] [34m[1mGenerating Lisp code from kr_tracker_msgs/Polynomial.msg[0m
[ 58%] [34m[1mGenerating Lisp code from kr_tracker_msgs/CircleTrackerFeedback.msg[0m
[ 58%] [34m[1mGenerating Javascript code from kr_tracker_msgs/PolyTrackerActionResult.msg[0m
[ 58%] [34m[1mGenerating Lisp code from kr_tracker_msgs/PolyTrackerFeedback.msg[0m
[ 58%] [34m[1mGenerating Lisp code from kr_tracker_msgs/PolyTrackerActionFeedback.msg[0m
[ 59%] [34m[1mGenerating Python from MSG kr_tracker_msgs/CircleTrackerResult[0m
[ 60%] [34m[1mGenerating EusLisp code from kr_tracker_msgs/VelocityTrackerResult.msg[0m
[ 60%] [34m[1mGenerating C++ code from kr_tracker_msgs/PolyTrackerResult.msg[0m
[ 60%] [34m[1mGenerating Python from MSG kr_tracker_msgs/VelocityTrackerResult[0m
[ 61%] [34m[1mGenerating Javascript code from kr_tracker_msgs/LineTrackerGoal.msg[0m
[ 62%] [34m[1mGenerating Lisp code from kr_tracker_msgs/TrajectoryTrackerFeedback.msg[0m
[ 62%] [34m[1mGenerating Lisp code from kr_tracker_msgs/LissajousAdderActionResult.msg[0m
[ 62%] [34m[1mGenerating Javascript code from kr_tracker_msgs/LissajousAdderFeedback.msg[0m
[ 63%] [34m[1mGenerating Lisp code from kr_tracker_msgs/VelocityTrackerActionResult.msg[0m
[ 63%] [34m[1mGenerating EusLisp code from kr_tracker_msgs/Polynomial.msg[0m
[ 63%] [34m[1mGenerating Javascript code from kr_tracker_msgs/LineTrackerFeedback.msg[0m
[ 63%] [34m[1mGenerating Python from MSG kr_tracker_msgs/Polynomial[0m
[ 64%] [34m[1mGenerating C++ code from kr_tracker_msgs/LissajousAdderResult.msg[0m
[ 65%] [34m[1mGenerating Python from MSG kr_tracker_msgs/CircleTrackerFeedback[0m
[ 65%] [34m[1mGenerating Lisp code from kr_tracker_msgs/LineTrackerActionResult.msg[0m
[ 65%] [34m[1mGenerating EusLisp code from kr_tracker_msgs/CircleTrackerFeedback.msg[0m
[ 65%] [34m[1mGenerating Python from MSG kr_tracker_msgs/PolyTrackerFeedback[0m
[ 67%] [34m[1mGenerating Javascript code from kr_tracker_msgs/VelocityTrackerGoal.msg[0m
[ 67%] [34m[1mGenerating Python from MSG kr_tracker_msgs/PolyTrackerActionFeedback[0m
[ 67%] [34m[1mGenerating C++ code from kr_tracker_msgs/LineTrackerResult.msg[0m
[ 67%] [34m[1mGenerating Lisp code from kr_tracker_msgs/LissajousTrackerResult.msg[0m
[ 68%] [34m[1mGenerating EusLisp code from kr_tracker_msgs/PolyTrackerFeedback.msg[0m
[ 69%] [34m[1mGenerating Python from MSG kr_tracker_msgs/TrajectoryTrackerFeedback[0m
[ 69%] [34m[1mGenerating Javascript code from kr_tracker_msgs/CircleTrackerActionGoal.msg[0m
[ 69%] [34m[1mGenerating EusLisp code from kr_tracker_msgs/PolyTrackerActionFeedback.msg[0m
[ 70%] [34m[1mGenerating Lisp code from kr_tracker_msgs/TrajectoryTrackerAction.msg[0m
[ 70%] [34m[1mGenerating Python from MSG kr_tracker_msgs/LissajousAdderActionResult[0m
[ 71%] [34m[1mGenerating Python from MSG kr_tracker_msgs/VelocityTrackerActionResult[0m
[ 71%] [34m[1mGenerating EusLisp code from kr_tracker_msgs/TrajectoryTrackerFeedback.msg[0m
[ 71%] [34m[1mGenerating Python from MSG kr_tracker_msgs/LineTrackerActionResult[0m
[ 71%] [34m[1mGenerating Javascript code from kr_tracker_msgs/TrajectoryTrackerActionResult.msg[0m
[ 71%] [34m[1mGenerating Lisp code from kr_tracker_msgs/TrajectoryTrackerResult.msg[0m
[ 71%] [34m[1mGenerating C++ code from kr_tracker_msgs/LissajousTrackerAction.msg[0m
[ 72%] [34m[1mGenerating EusLisp code from kr_tracker_msgs/LissajousAdderActionResult.msg[0m
[ 72%] [34m[1mGenerating Python from MSG kr_tracker_msgs/LissajousTrackerResult[0m
[ 72%] [34m[1mGenerating Lisp code from kr_tracker_msgs/CircleTrackerActionFeedback.msg[0m
[ 73%] [34m[1mGenerating Python from MSG kr_tracker_msgs/TrajectoryTrackerAction[0m
[ 74%] [34m[1mGenerating Javascript code from kr_tracker_msgs/CircleTrackerResult.msg[0m
[ 74%] [34m[1mGenerating Python from MSG kr_tracker_msgs/TrajectoryTrackerResult[0m
[ 74%] [34m[1mGenerating EusLisp code from kr_tracker_msgs/VelocityTrackerActionResult.msg[0m
[ 75%] [34m[1mGenerating Lisp code from kr_tracker_msgs/PolyTrackerAction.msg[0m
[ 75%] [34m[1mGenerating Python from MSG kr_tracker_msgs/CircleTrackerActionFeedback[0m
[ 75%] [34m[1mGenerating Javascript code from kr_tracker_msgs/VelocityTrackerResult.msg[0m
[ 76%] [34m[1mGenerating C++ code from kr_tracker_msgs/LissajousTrackerGoal.msg[0m
[ 76%] [34m[1mGenerating Lisp code from kr_tracker_msgs/PolyTrackerGoal.msg[0m
[ 77%] [34m[1mGenerating EusLisp code from kr_tracker_msgs/LineTrackerActionResult.msg[0m
[ 78%] [34m[1mGenerating Python from MSG kr_tracker_msgs/PolyTrackerAction[0m
[ 78%] [34m[1mGenerating Python from MSG kr_tracker_msgs/PolyTrackerGoal[0m
[ 78%] [34m[1mGenerating EusLisp code from kr_tracker_msgs/LissajousTrackerResult.msg[0m
[ 78%] [34m[1mGenerating Javascript code from kr_tracker_msgs/Polynomial.msg[0m
[ 78%] [34m[1mGenerating Lisp code from kr_tracker_msgs/CircleTrackerActionResult.msg[0m
[ 78%] [34m[1mGenerating C++ code from kr_tracker_msgs/VelocityTrackerAction.msg[0m
[ 79%] [34m[1mGenerating Javascript code from kr_tracker_msgs/CircleTrackerFeedback.msg[0m
[ 79%] [34m[1mGenerating Python from MSG kr_tracker_msgs/CircleTrackerActionResult[0m
[ 79%] [34m[1mGenerating EusLisp code from kr_tracker_msgs/TrajectoryTrackerAction.msg[0m
[ 80%] [34m[1mGenerating Lisp code from kr_tracker_msgs/Transition.srv[0m
[ 80%] [34m[1mGenerating Javascript code from kr_tracker_msgs/PolyTrackerFeedback.msg[0m
[ 81%] [34m[1mGenerating Python code from SRV kr_tracker_msgs/Transition[0m
[ 81%] [34m[1mGenerating C++ code from kr_tracker_msgs/LineTrackerAction.msg[0m
[ 81%] Built target kr_tracker_msgs_generate_messages_lisp
[ 82%] [34m[1mGenerating C++ code from kr_tracker_msgs/PolyTrackerActionResult.msg[0m
[ 82%] [34m[1mGenerating Javascript code from kr_tracker_msgs/PolyTrackerActionFeedback.msg[0m
[ 83%] [34m[1mGenerating EusLisp code from kr_tracker_msgs/TrajectoryTrackerResult.msg[0m
[ 84%] [34m[1mGenerating Javascript code from kr_tracker_msgs/TrajectoryTrackerFeedback.msg[0m
[ 84%] [34m[1mGenerating C++ code from kr_tracker_msgs/LineTrackerGoal.msg[0m
[ 85%] [34m[1mGenerating C++ code from kr_tracker_msgs/LissajousAdderFeedback.msg[0m
[ 85%] [34m[1mGenerating Javascript code from kr_tracker_msgs/LissajousAdderActionResult.msg[0m
[ 85%] [34m[1mGenerating EusLisp code from kr_tracker_msgs/CircleTrackerActionFeedback.msg[0m
[ 85%] [34m[1mGenerating EusLisp code from kr_tracker_msgs/PolyTrackerAction.msg[0m
[ 85%] [34m[1mGenerating Python msg __init__.py for kr_tracker_msgs[0m
[ 85%] [34m[1mGenerating C++ code from kr_tracker_msgs/LineTrackerFeedback.msg[0m
[ 86%] [34m[1mGenerating Javascript code from kr_tracker_msgs/VelocityTrackerActionResult.msg[0m
[ 87%] [34m[1mGenerating EusLisp code from kr_tracker_msgs/PolyTrackerGoal.msg[0m
[ 87%] [34m[1mGenerating Javascript code from kr_tracker_msgs/LineTrackerActionResult.msg[0m
[ 87%] [34m[1mGenerating C++ code from kr_tracker_msgs/VelocityTrackerGoal.msg[0m
[ 87%] [34m[1mGenerating EusLisp code from kr_tracker_msgs/CircleTrackerActionResult.msg[0m
[ 87%] [34m[1mGenerating Javascript code from kr_tracker_msgs/LissajousTrackerResult.msg[0m
[ 88%] [34m[1mGenerating C++ code from kr_tracker_msgs/CircleTrackerActionGoal.msg[0m
[ 89%] [34m[1mGenerating Python srv __init__.py for kr_tracker_msgs[0m
[ 89%] [34m[1mGenerating EusLisp code from kr_tracker_msgs/Transition.srv[0m
[ 90%] [34m[1mGenerating Javascript code from kr_tracker_msgs/TrajectoryTrackerAction.msg[0m
[ 90%] [34m[1mGenerating Javascript code from kr_tracker_msgs/TrajectoryTrackerResult.msg[0m
[ 90%] [34m[1mGenerating C++ code from kr_tracker_msgs/TrajectoryTrackerActionResult.msg[0m
[ 90%] [34m[1mGenerating C++ code from kr_tracker_msgs/CircleTrackerResult.msg[0m
[ 91%] Built target kr_tracker_msgs_generate_messages_eus
[ 91%] [34m[1mGenerating Javascript code from kr_tracker_msgs/CircleTrackerActionFeedback.msg[0m
[ 92%] [34m[1mGenerating Javascript code from kr_tracker_msgs/PolyTrackerAction.msg[0m
[ 92%] Built target kr_tracker_msgs_generate_messages_py
[ 92%] [34m[1mGenerating Javascript code from kr_tracker_msgs/PolyTrackerGoal.msg[0m
[ 92%] [34m[1mGenerating Javascript code from kr_tracker_msgs/CircleTrackerActionResult.msg[0m
[ 93%] [34m[1mGenerating Javascript code from kr_tracker_msgs/Transition.srv[0m
[ 94%] [34m[1mGenerating C++ code from kr_tracker_msgs/VelocityTrackerResult.msg[0m
[ 94%] [34m[1mGenerating C++ code from kr_tracker_msgs/Polynomial.msg[0m
[ 94%] [34m[1mGenerating C++ code from kr_tracker_msgs/CircleTrackerFeedback.msg[0m
[ 94%] Built target kr_tracker_msgs_generate_messages_nodejs
[ 94%] [34m[1mGenerating C++ code from kr_tracker_msgs/PolyTrackerActionFeedback.msg[0m
[ 94%] [34m[1mGenerating C++ code from kr_tracker_msgs/TrajectoryTrackerFeedback.msg[0m
[ 95%] [34m[1mGenerating C++ code from kr_tracker_msgs/PolyTrackerFeedback.msg[0m
[ 96%] [34m[1mGenerating C++ code from kr_tracker_msgs/LissajousAdderActionResult.msg[0m
[ 96%] [34m[1mGenerating C++ code from kr_tracker_msgs/VelocityTrackerActionResult.msg[0m
[ 97%] [34m[1mGenerating C++ code from kr_tracker_msgs/LineTrackerActionResult.msg[0m
[ 97%] [34m[1mGenerating C++ code from kr_tracker_msgs/LissajousTrackerResult.msg[0m
[ 97%] [34m[1mGenerating C++ code from kr_tracker_msgs/TrajectoryTrackerAction.msg[0m
[ 98%] [34m[1mGenerating C++ code from kr_tracker_msgs/TrajectoryTrackerResult.msg[0m
[ 98%] [34m[1mGenerating C++ code from kr_tracker_msgs/PolyTrackerAction.msg[0m
[ 98%] [34m[1mGenerating C++ code from kr_tracker_msgs/CircleTrackerActionFeedback.msg[0m
[100%] [34m[1mGenerating C++ code from kr_tracker_msgs/PolyTrackerGoal.msg[0m
[100%] [34m[1mGenerating C++ code from kr_tracker_msgs/CircleTrackerActionResult.msg[0m
[100%] [34m[1mGenerating C++ code from kr_tracker_msgs/Transition.srv[0m
[100%] Built target kr_tracker_msgs_generate_messages_cpp
[100%] Built target kr_tracker_msgs_generate_messages
