Determining if the pthread_create exist failed with the following output:
Change Dir: /home/root/kumarRobotics/autonomy_ws/build/mavros_interface/CMakeFiles/CMakeTmp

Run Build Command:"/usr/bin/make" "cmTC_6dc52/fast"
/usr/bin/make -f CMakeFiles/cmTC_6dc52.dir/build.make CMakeFiles/cmTC_6dc52.dir/build
make[1]: Entering directory '/home/root/kumarRobotics/autonomy_ws/build/mavros_interface/CMakeFiles/CMakeTmp'
Building C object CMakeFiles/cmTC_6dc52.dir/CheckSymbolExists.c.o
/usr/bin/cc    -o CMakeFiles/cmTC_6dc52.dir/CheckSymbolExists.c.o   -c /home/root/kumarRobotics/autonomy_ws/build/mavros_interface/CMakeFiles/CMakeTmp/CheckSymbolExists.c
Linking C executable cmTC_6dc52
/usr/bin/cmake -E cmake_link_script CMakeFiles/cmTC_6dc52.dir/link.txt --verbose=1
/usr/bin/cc      CMakeFiles/cmTC_6dc52.dir/CheckSymbolExists.c.o  -o cmTC_6dc52 
CMakeFiles/cmTC_6dc52.dir/CheckSymbolExists.c.o: In function `main':
CheckSymbolExists.c:(.text+0x14): undefined reference to `pthread_create'
CheckSymbolExists.c:(.text+0x18): undefined reference to `pthread_create'
collect2: error: ld returned 1 exit status
CMakeFiles/cmTC_6dc52.dir/build.make:97: recipe for target 'cmTC_6dc52' failed
make[1]: *** [cmTC_6dc52] Error 1
make[1]: Leaving directory '/home/root/kumarRobotics/autonomy_ws/build/mavros_interface/CMakeFiles/CMakeTmp'
Makefile:126: recipe for target 'cmTC_6dc52/fast' failed
make: *** [cmTC_6dc52/fast] Error 2

File /home/root/kumarRobotics/autonomy_ws/build/mavros_interface/CMakeFiles/CMakeTmp/CheckSymbolExists.c:
/* */
#include <pthread.h>

int main(int argc, char** argv)
{
  (void)argv;
#ifndef pthread_create
  return ((int*)(&pthread_create))[argc];
#else
  (void)argc;
  return 0;
#endif
}

Determining if the function pthread_create exists in the pthreads failed with the following output:
Change Dir: /home/root/kumarRobotics/autonomy_ws/build/mavros_interface/CMakeFiles/CMakeTmp

Run Build Command:"/usr/bin/make" "cmTC_71bfd/fast"
/usr/bin/make -f CMakeFiles/cmTC_71bfd.dir/build.make CMakeFiles/cmTC_71bfd.dir/build
make[1]: Entering directory '/home/root/kumarRobotics/autonomy_ws/build/mavros_interface/CMakeFiles/CMakeTmp'
Building C object CMakeFiles/cmTC_71bfd.dir/CheckFunctionExists.c.o
/usr/bin/cc   -DCHECK_FUNCTION_EXISTS=pthread_create   -o CMakeFiles/cmTC_71bfd.dir/CheckFunctionExists.c.o   -c /usr/share/cmake-3.10/Modules/CheckFunctionExists.c
Linking C executable cmTC_71bfd
/usr/bin/cmake -E cmake_link_script CMakeFiles/cmTC_71bfd.dir/link.txt --verbose=1
/usr/bin/cc  -DCHECK_FUNCTION_EXISTS=pthread_create    CMakeFiles/cmTC_71bfd.dir/CheckFunctionExists.c.o  -o cmTC_71bfd -lpthreads 
/usr/bin/ld: cannot find -lpthreads
collect2: error: ld returned 1 exit status
CMakeFiles/cmTC_71bfd.dir/build.make:97: recipe for target 'cmTC_71bfd' failed
make[1]: *** [cmTC_71bfd] Error 1
make[1]: Leaving directory '/home/root/kumarRobotics/autonomy_ws/build/mavros_interface/CMakeFiles/CMakeTmp'
Makefile:126: recipe for target 'cmTC_71bfd/fast' failed
make: *** [cmTC_71bfd/fast] Error 2


