[36m--[0m Using CATKIN_DEVEL_PREFIX: /home/root/kumarRobotics/autonomy_ws/devel/.private/local_sensing_node
[36m--[0m Using CMAKE_PREFIX_PATH: /home/root/kumarRobotics/autonomy_ws/devel;/opt/ros/melodic
[36m--[0m This workspace overlays: /home/root/kumarRobotics/autonomy_ws/devel;/opt/ros/melodic
[36m--[0m Found PythonInterp: /usr/bin/python2 (found suitable version "2.7.17", minimum required is "2")
[36m--[0m Using PYTHON_EXECUTABLE: /usr/bin/python2
[36m--[0m Using Debian Python package layout
[36m--[0m Using empy: /usr/local/lib/python2.7/dist-packages/em.pyc
[36m--[0m Using CATKIN_ENABLE_TESTING: ON
[36m--[0m Call enable_testing()
[36m--[0m Using CATKIN_TEST_RESULTS_DIR: /home/root/kumarRobotics/autonomy_ws/build/local_sensing_node/test_results
[36m--[0m Forcing gtest/gmock from source, though one was otherwise available.
[36m--[0m Found gtest sources under '/usr/src/googletest': gtests will be built
[36m--[0m Found gmock sources under '/usr/src/googletest': gmock will be built
[36m--[0m Found PythonInterp: /usr/bin/python2 (found version "2.7.17")
[36m--[0m nosetests not found, Python tests can not be run (try installing package 'python-nose')
[36m--[0m catkin 0.7.29
[36m--[0m BUILD_SHARED_LIBS is on
[31m[1mCMake Error[0m at /home/root/kumarRobotics/autonomy_ws/devel/share/cv_bridge/cmake/cv_bridgeConfig.cmake:113 (message):
  Project 'cv_bridge' specifies
  '/home/root/kumarRobotics/autonomy_ws/src/vision_opencv/cv_bridge/include'
  as an include dir, which is not found.  It does neither exist as an
  absolute directory nor in
  '/home/root/kumarRobotics/autonomy_ws/src/vision_opencv/cv_bridge//home/root/kumarRobotics/autonomy_ws/src/vision_opencv/cv_bridge/include'.
  Check the issue tracker
  'https://github.com/ros-perception/vision_opencv/issues' and consider
  creating a ticket if the problem has not been reported yet.
[36mCall Stack (most recent call first):[0m
  /opt/ros/melodic/share/catkin/cmake/catkinConfig.cmake:76 (find_package)
  CMakeLists.txt:70 (find_package)


make: *** [cmake_check_build_system] Error 1
[36m--[0m Configuring incomplete, errors occurred!
See also "/home/root/kumarRobotics/autonomy_ws/build/local_sensing_node/CMakeFiles/CMakeOutput.log".
See also "/home/root/kumarRobotics/autonomy_ws/build/local_sensing_node/CMakeFiles/CMakeError.log".
Makefile:1526: recipe for target 'cmake_check_build_system' failed
