Determining if the pthread_create exist failed with the following output:
Change Dir: /home/root/kumarRobotics/autonomy_ws/build/rqt_mav_manager/CMakeFiles/CMakeTmp

Run Build Command:"/usr/bin/make" "cmTC_cd292/fast"
/usr/bin/make -f CMakeFiles/cmTC_cd292.dir/build.make CMakeFiles/cmTC_cd292.dir/build
make[1]: Entering directory '/home/root/kumarRobotics/autonomy_ws/build/rqt_mav_manager/CMakeFiles/CMakeTmp'
Building C object CMakeFiles/cmTC_cd292.dir/CheckSymbolExists.c.o
/usr/bin/cc    -o CMakeFiles/cmTC_cd292.dir/CheckSymbolExists.c.o   -c /home/root/kumarRobotics/autonomy_ws/build/rqt_mav_manager/CMakeFiles/CMakeTmp/CheckSymbolExists.c
Linking C executable cmTC_cd292
/usr/bin/cmake -E cmake_link_script CMakeFiles/cmTC_cd292.dir/link.txt --verbose=1
/usr/bin/cc      CMakeFiles/cmTC_cd292.dir/CheckSymbolExists.c.o  -o cmTC_cd292 
CMakeFiles/cmTC_cd292.dir/CheckSymbolExists.c.o: In function `main':
CheckSymbolExists.c:(.text+0x14): undefined reference to `pthread_create'
CheckSymbolExists.c:(.text+0x18): undefined reference to `pthread_create'
collect2: error: ld returned 1 exit status
CMakeFiles/cmTC_cd292.dir/build.make:97: recipe for target 'cmTC_cd292' failed
make[1]: *** [cmTC_cd292] Error 1
make[1]: Leaving directory '/home/root/kumarRobotics/autonomy_ws/build/rqt_mav_manager/CMakeFiles/CMakeTmp'
Makefile:126: recipe for target 'cmTC_cd292/fast' failed
make: *** [cmTC_cd292/fast] Error 2

File /home/root/kumarRobotics/autonomy_ws/build/rqt_mav_manager/CMakeFiles/CMakeTmp/CheckSymbolExists.c:
/* */
#include <pthread.h>

int main(int argc, char** argv)
{
  (void)argv;
#ifndef pthread_create
  return ((int*)(&pthread_create))[argc];
#else
  (void)argc;
  return 0;
#endif
}

Determining if the function pthread_create exists in the pthreads failed with the following output:
Change Dir: /home/root/kumarRobotics/autonomy_ws/build/rqt_mav_manager/CMakeFiles/CMakeTmp

Run Build Command:"/usr/bin/make" "cmTC_99f28/fast"
/usr/bin/make -f CMakeFiles/cmTC_99f28.dir/build.make CMakeFiles/cmTC_99f28.dir/build
make[1]: Entering directory '/home/root/kumarRobotics/autonomy_ws/build/rqt_mav_manager/CMakeFiles/CMakeTmp'
Building C object CMakeFiles/cmTC_99f28.dir/CheckFunctionExists.c.o
/usr/bin/cc   -DCHECK_FUNCTION_EXISTS=pthread_create   -o CMakeFiles/cmTC_99f28.dir/CheckFunctionExists.c.o   -c /usr/share/cmake-3.10/Modules/CheckFunctionExists.c
Linking C executable cmTC_99f28
/usr/bin/cmake -E cmake_link_script CMakeFiles/cmTC_99f28.dir/link.txt --verbose=1
/usr/bin/cc  -DCHECK_FUNCTION_EXISTS=pthread_create    CMakeFiles/cmTC_99f28.dir/CheckFunctionExists.c.o  -o cmTC_99f28 -lpthreads 
/usr/bin/ld: cannot find -lpthreads
collect2: error: ld returned 1 exit status
CMakeFiles/cmTC_99f28.dir/build.make:97: recipe for target 'cmTC_99f28' failed
make[1]: *** [cmTC_99f28] Error 1
make[1]: Leaving directory '/home/root/kumarRobotics/autonomy_ws/build/rqt_mav_manager/CMakeFiles/CMakeTmp'
Makefile:126: recipe for target 'cmTC_99f28/fast' failed
make: *** [cmTC_99f28/fast] Error 2


