[01m[K/home/root/kumarRobotics/autonomy_ws/src/exploration/planner/plan_manage/src/poly_opt.cpp:[m[K In member function ‘[01m[Kbool bg_planner::PolySolver::minJerkTrajOpt(Eigen::MatrixXd&, Eigen::VectorXd&, Eigen::MatrixXd&, Eigen::MatrixXd&, std::vector<Eigen::Matrix<double, -1, -1> >&)[m[K’:
[01m[K/home/root/kumarRobotics/autonomy_ws/src/exploration/planner/plan_manage/src/poly_opt.cpp:28:15:[m[K [01;35m[Kwarning: [m[Kvariable ‘[01m[Kt0[m[K’ set but not used [[01;35m[K-Wunused-but-set-variable[m[K]
     ros::Time [01;35m[Kt0[m[K = ros::Time::now(), t1, t2;
               [01;35m[K^~[m[K
[01m[K/home/root/kumarRobotics/autonomy_ws/src/exploration/planner/plan_manage/src/planner_manager.cpp:[m[K In member function ‘[01m[Kdouble bg_planner::bgPlannerManager::checkTrajCollision(min_jerk::Trajectory&)[m[K’:
[01m[K/home/root/kumarRobotics/autonomy_ws/src/exploration/planner/plan_manage/src/planner_manager.cpp:207:21:[m[K [01;35m[Kwarning: [m[Kvariable ‘[01m[Kcur_pt[m[K’ set but not used [[01;35m[K-Wunused-but-set-variable[m[K]
     Eigen::Vector3d [01;35m[Kcur_pt[m[K = traj.getPos(0.0);
                     [01;35m[K^~~~~~[m[K
[01m[K/home/root/kumarRobotics/autonomy_ws/src/exploration/planner/plan_manage/src/planner_manager.cpp:208:12:[m[K [01;35m[Kwarning: [m[Kunused variable ‘[01m[Kradius[m[K’ [[01;35m[K-Wunused-variable[m[K]
     double [01;35m[Kradius[m[K = 0.0;
            [01;35m[K^~~~~~[m[K
[01m[K/home/root/kumarRobotics/autonomy_ws/src/exploration/planner/plan_manage/src/planner_manager.cpp:[m[K In member function ‘[01m[Kdouble bg_planner::bgPlannerManager::checkTrajCollision(Trajectory<5>&)[m[K’:
[01m[K/home/root/kumarRobotics/autonomy_ws/src/exploration/planner/plan_manage/src/planner_manager.cpp:231:21:[m[K [01;35m[Kwarning: [m[Kvariable ‘[01m[Kcur_pt[m[K’ set but not used [[01;35m[K-Wunused-but-set-variable[m[K]
     Eigen::Vector3d [01;35m[Kcur_pt[m[K = traj.getPos(0.0);
                     [01;35m[K^~~~~~[m[K
[01m[K/home/root/kumarRobotics/autonomy_ws/src/exploration/planner/plan_manage/src/planner_manager.cpp:232:12:[m[K [01;35m[Kwarning: [m[Kunused variable ‘[01m[Kradius[m[K’ [[01;35m[K-Wunused-variable[m[K]
     double [01;35m[Kradius[m[K = 0.0;
            [01;35m[K^~~~~~[m[K
[01m[K/home/root/kumarRobotics/autonomy_ws/src/exploration/planner/plan_manage/src/planner_manager.cpp:[m[K In member function ‘[01m[Kbool bg_planner::bgPlannerManager::planExploreTrajGcopter(const Vector3d&, Eigen::MatrixXd&, double&)[m[K’:
[01m[K/home/root/kumarRobotics/autonomy_ws/src/exploration/planner/plan_manage/src/planner_manager.cpp:397:12:[m[K [01;35m[Kwarning: [m[Kunused variable ‘[01m[Kdist[m[K’ [[01;35m[K-Wunused-variable[m[K]
     double [01;35m[Kdist[m[K = (goal - start_state.col(0)).norm();
            [01;35m[K^~~~[m[K
