Determining if the pthread_create exist failed with the following output:
Change Dir: /home/root/kumarRobotics/autonomy_ws/build/waypoint_generator/CMakeFiles/CMakeTmp

Run Build Command:"/usr/bin/make" "cmTC_5a6ca/fast"
/usr/bin/make -f CMakeFiles/cmTC_5a6ca.dir/build.make CMakeFiles/cmTC_5a6ca.dir/build
make[1]: Entering directory '/home/root/kumarRobotics/autonomy_ws/build/waypoint_generator/CMakeFiles/CMakeTmp'
Building C object CMakeFiles/cmTC_5a6ca.dir/CheckSymbolExists.c.o
/usr/bin/cc    -o CMakeFiles/cmTC_5a6ca.dir/CheckSymbolExists.c.o   -c /home/root/kumarRobotics/autonomy_ws/build/waypoint_generator/CMakeFiles/CMakeTmp/CheckSymbolExists.c
Linking C executable cmTC_5a6ca
/usr/bin/cmake -E cmake_link_script CMakeFiles/cmTC_5a6ca.dir/link.txt --verbose=1
/usr/bin/cc      -rdynamic CMakeFiles/cmTC_5a6ca.dir/CheckSymbolExists.c.o  -o cmTC_5a6ca 
CMakeFiles/cmTC_5a6ca.dir/CheckSymbolExists.c.o: In function `main':
CheckSymbolExists.c:(.text+0x14): undefined reference to `pthread_create'
CheckSymbolExists.c:(.text+0x18): undefined reference to `pthread_create'
collect2: error: ld returned 1 exit status
CMakeFiles/cmTC_5a6ca.dir/build.make:97: recipe for target 'cmTC_5a6ca' failed
make[1]: *** [cmTC_5a6ca] Error 1
make[1]: Leaving directory '/home/root/kumarRobotics/autonomy_ws/build/waypoint_generator/CMakeFiles/CMakeTmp'
Makefile:126: recipe for target 'cmTC_5a6ca/fast' failed
make: *** [cmTC_5a6ca/fast] Error 2

File /home/root/kumarRobotics/autonomy_ws/build/waypoint_generator/CMakeFiles/CMakeTmp/CheckSymbolExists.c:
/* */
#include <pthread.h>

int main(int argc, char** argv)
{
  (void)argv;
#ifndef pthread_create
  return ((int*)(&pthread_create))[argc];
#else
  (void)argc;
  return 0;
#endif
}

Determining if the function pthread_create exists in the pthreads failed with the following output:
Change Dir: /home/root/kumarRobotics/autonomy_ws/build/waypoint_generator/CMakeFiles/CMakeTmp

Run Build Command:"/usr/bin/make" "cmTC_9bf1e/fast"
/usr/bin/make -f CMakeFiles/cmTC_9bf1e.dir/build.make CMakeFiles/cmTC_9bf1e.dir/build
make[1]: Entering directory '/home/root/kumarRobotics/autonomy_ws/build/waypoint_generator/CMakeFiles/CMakeTmp'
Building C object CMakeFiles/cmTC_9bf1e.dir/CheckFunctionExists.c.o
/usr/bin/cc   -DCHECK_FUNCTION_EXISTS=pthread_create   -o CMakeFiles/cmTC_9bf1e.dir/CheckFunctionExists.c.o   -c /usr/share/cmake-3.10/Modules/CheckFunctionExists.c
Linking C executable cmTC_9bf1e
/usr/bin/cmake -E cmake_link_script CMakeFiles/cmTC_9bf1e.dir/link.txt --verbose=1
/usr/bin/cc  -DCHECK_FUNCTION_EXISTS=pthread_create    -rdynamic CMakeFiles/cmTC_9bf1e.dir/CheckFunctionExists.c.o  -o cmTC_9bf1e -lpthreads 
/usr/bin/ld: cannot find -lpthreads
collect2: error: ld returned 1 exit status
CMakeFiles/cmTC_9bf1e.dir/build.make:97: recipe for target 'cmTC_9bf1e' failed
make[1]: *** [cmTC_9bf1e] Error 1
make[1]: Leaving directory '/home/root/kumarRobotics/autonomy_ws/build/waypoint_generator/CMakeFiles/CMakeTmp'
Makefile:126: recipe for target 'cmTC_9bf1e/fast' failed
make: *** [cmTC_9bf1e/fast] Error 2


Determining if the pthread_create exist failed with the following output:
Change Dir: /home/root/kumarRobotics/autonomy_ws/build/waypoint_generator/CMakeFiles/CMakeTmp

Run Build Command:"/usr/bin/make" "cmTC_156f9/fast"
/usr/bin/make -f CMakeFiles/cmTC_156f9.dir/build.make CMakeFiles/cmTC_156f9.dir/build
make[1]: Entering directory '/home/root/kumarRobotics/autonomy_ws/build/waypoint_generator/CMakeFiles/CMakeTmp'
Building C object CMakeFiles/cmTC_156f9.dir/CheckSymbolExists.c.o
/usr/bin/cc    -o CMakeFiles/cmTC_156f9.dir/CheckSymbolExists.c.o   -c /home/root/kumarRobotics/autonomy_ws/build/waypoint_generator/CMakeFiles/CMakeTmp/CheckSymbolExists.c
Linking C executable cmTC_156f9
/usr/bin/cmake -E cmake_link_script CMakeFiles/cmTC_156f9.dir/link.txt --verbose=1
/usr/bin/cc      -rdynamic CMakeFiles/cmTC_156f9.dir/CheckSymbolExists.c.o  -o cmTC_156f9 
CMakeFiles/cmTC_156f9.dir/CheckSymbolExists.c.o: In function `main':
CheckSymbolExists.c:(.text+0x14): undefined reference to `pthread_create'
CheckSymbolExists.c:(.text+0x18): undefined reference to `pthread_create'
collect2: error: ld returned 1 exit status
CMakeFiles/cmTC_156f9.dir/build.make:97: recipe for target 'cmTC_156f9' failed
make[1]: *** [cmTC_156f9] Error 1
make[1]: Leaving directory '/home/root/kumarRobotics/autonomy_ws/build/waypoint_generator/CMakeFiles/CMakeTmp'
Makefile:126: recipe for target 'cmTC_156f9/fast' failed
make: *** [cmTC_156f9/fast] Error 2

File /home/root/kumarRobotics/autonomy_ws/build/waypoint_generator/CMakeFiles/CMakeTmp/CheckSymbolExists.c:
/* */
#include <pthread.h>

int main(int argc, char** argv)
{
  (void)argv;
#ifndef pthread_create
  return ((int*)(&pthread_create))[argc];
#else
  (void)argc;
  return 0;
#endif
}

Determining if the function pthread_create exists in the pthreads failed with the following output:
Change Dir: /home/root/kumarRobotics/autonomy_ws/build/waypoint_generator/CMakeFiles/CMakeTmp

Run Build Command:"/usr/bin/make" "cmTC_c4f9c/fast"
/usr/bin/make -f CMakeFiles/cmTC_c4f9c.dir/build.make CMakeFiles/cmTC_c4f9c.dir/build
make[1]: Entering directory '/home/root/kumarRobotics/autonomy_ws/build/waypoint_generator/CMakeFiles/CMakeTmp'
Building C object CMakeFiles/cmTC_c4f9c.dir/CheckFunctionExists.c.o
/usr/bin/cc   -DCHECK_FUNCTION_EXISTS=pthread_create   -o CMakeFiles/cmTC_c4f9c.dir/CheckFunctionExists.c.o   -c /usr/share/cmake-3.10/Modules/CheckFunctionExists.c
Linking C executable cmTC_c4f9c
/usr/bin/cmake -E cmake_link_script CMakeFiles/cmTC_c4f9c.dir/link.txt --verbose=1
/usr/bin/cc  -DCHECK_FUNCTION_EXISTS=pthread_create    -rdynamic CMakeFiles/cmTC_c4f9c.dir/CheckFunctionExists.c.o  -o cmTC_c4f9c -lpthreads 
/usr/bin/ld: cannot find -lpthreads
collect2: error: ld returned 1 exit status
CMakeFiles/cmTC_c4f9c.dir/build.make:97: recipe for target 'cmTC_c4f9c' failed
make[1]: *** [cmTC_c4f9c] Error 1
make[1]: Leaving directory '/home/root/kumarRobotics/autonomy_ws/build/waypoint_generator/CMakeFiles/CMakeTmp'
Makefile:126: recipe for target 'cmTC_c4f9c/fast' failed
make: *** [cmTC_c4f9c/fast] Error 2


