Determining if the pthread_create exist failed with the following output:
Change Dir: /home/root/kumarRobotics/autonomy_ws/build/kr_mavros_interface/CMakeFiles/CMakeTmp

Run Build Command:"/usr/bin/make" "cmTC_60088/fast"
make[1]: Entering directory '/home/root/kumarRobotics/autonomy_ws/build/kr_mavros_interface/CMakeFiles/CMakeTmp'
/usr/bin/make -f CMakeFiles/cmTC_60088.dir/build.make CMakeFiles/cmTC_60088.dir/build
make[2]: Entering directory '/home/root/kumarRobotics/autonomy_ws/build/kr_mavros_interface/CMakeFiles/CMakeTmp'
Building C object CMakeFiles/cmTC_60088.dir/CheckSymbolExists.c.o
/usr/bin/cc    -o CMakeFiles/cmTC_60088.dir/CheckSymbolExists.c.o   -c /home/root/kumarRobotics/autonomy_ws/build/kr_mavros_interface/CMakeFiles/CMakeTmp/CheckSymbolExists.c
Linking C executable cmTC_60088
/usr/bin/cmake -E cmake_link_script CMakeFiles/cmTC_60088.dir/link.txt --verbose=1
/usr/bin/cc      CMakeFiles/cmTC_60088.dir/CheckSymbolExists.c.o  -o cmTC_60088 
CMakeFiles/cmTC_60088.dir/CheckSymbolExists.c.o: In function `main':
CheckSymbolExists.c:(.text+0x14): undefined reference to `pthread_create'
CheckSymbolExists.c:(.text+0x18): undefined reference to `pthread_create'
collect2: error: ld returned 1 exit status
CMakeFiles/cmTC_60088.dir/build.make:97: recipe for target 'cmTC_60088' failed
make[2]: *** [cmTC_60088] Error 1
make[2]: Leaving directory '/home/root/kumarRobotics/autonomy_ws/build/kr_mavros_interface/CMakeFiles/CMakeTmp'
Makefile:126: recipe for target 'cmTC_60088/fast' failed
make[1]: *** [cmTC_60088/fast] Error 2
make[1]: Leaving directory '/home/root/kumarRobotics/autonomy_ws/build/kr_mavros_interface/CMakeFiles/CMakeTmp'

File /home/root/kumarRobotics/autonomy_ws/build/kr_mavros_interface/CMakeFiles/CMakeTmp/CheckSymbolExists.c:
/* */
#include <pthread.h>

int main(int argc, char** argv)
{
  (void)argv;
#ifndef pthread_create
  return ((int*)(&pthread_create))[argc];
#else
  (void)argc;
  return 0;
#endif
}

Determining if the function pthread_create exists in the pthreads failed with the following output:
Change Dir: /home/root/kumarRobotics/autonomy_ws/build/kr_mavros_interface/CMakeFiles/CMakeTmp

Run Build Command:"/usr/bin/make" "cmTC_c0b89/fast"
make[1]: Entering directory '/home/root/kumarRobotics/autonomy_ws/build/kr_mavros_interface/CMakeFiles/CMakeTmp'
/usr/bin/make -f CMakeFiles/cmTC_c0b89.dir/build.make CMakeFiles/cmTC_c0b89.dir/build
make[2]: Entering directory '/home/root/kumarRobotics/autonomy_ws/build/kr_mavros_interface/CMakeFiles/CMakeTmp'
Building C object CMakeFiles/cmTC_c0b89.dir/CheckFunctionExists.c.o
/usr/bin/cc   -DCHECK_FUNCTION_EXISTS=pthread_create   -o CMakeFiles/cmTC_c0b89.dir/CheckFunctionExists.c.o   -c /usr/share/cmake-3.10/Modules/CheckFunctionExists.c
Linking C executable cmTC_c0b89
/usr/bin/cmake -E cmake_link_script CMakeFiles/cmTC_c0b89.dir/link.txt --verbose=1
/usr/bin/cc  -DCHECK_FUNCTION_EXISTS=pthread_create    CMakeFiles/cmTC_c0b89.dir/CheckFunctionExists.c.o  -o cmTC_c0b89 -lpthreads 
/usr/bin/ld: cannot find -lpthreads
collect2: error: ld returned 1 exit status
CMakeFiles/cmTC_c0b89.dir/build.make:97: recipe for target 'cmTC_c0b89' failed
make[2]: *** [cmTC_c0b89] Error 1
make[2]: Leaving directory '/home/root/kumarRobotics/autonomy_ws/build/kr_mavros_interface/CMakeFiles/CMakeTmp'
Makefile:126: recipe for target 'cmTC_c0b89/fast' failed
make[1]: *** [cmTC_c0b89/fast] Error 2
make[1]: Leaving directory '/home/root/kumarRobotics/autonomy_ws/build/kr_mavros_interface/CMakeFiles/CMakeTmp'


