[01m[K/home/root/kumarRobotics/autonomy_ws/src/exploration/planner/exploration_manager/src/bg_exploration_fsm.cpp:[m[K In member function ‘[01m[Kvoid bg_planner::bgExplorationFSM::FSMCallback(const ros::TimerEvent&)[m[K’:
[01m[K/home/root/kumarRobotics/autonomy_ws/src/exploration/planner/exploration_manager/src/bg_exploration_fsm.cpp:270:23:[m[K [01;35m[Kwarning: [m[Kvariable ‘[01m[Kpos[m[K’ set but not used [[01;35m[K-Wunused-but-set-variable[m[K]
       Eigen::Vector3d [01;35m[Kpos[m[K = info->traj_.getPos(t_cur);
                       [01;35m[K^~~[m[K
[01m[K/home/root/kumarRobotics/autonomy_ws/src/exploration/planner/exploration_manager/src/bg_exploration_fsm.cpp:271:14:[m[K [01;35m[Kwarning: [m[Kunused variable ‘[01m[Kyaw[m[K’ [[01;35m[K-Wunused-variable[m[K]
       double [01;35m[Kyaw[m[K = info->yaw_traj_.getPos(t_cur);
              [01;35m[K^~~[m[K
[01m[K/home/root/kumarRobotics/autonomy_ws/src/exploration/planner/exploration_manager/src/bg_exploration_fsm.cpp:295:12:[m[K [01;35m[Kwarning: [m[Kunused variable ‘[01m[Kfc[m[K’ [[01;35m[K-Wunused-variable[m[K]
       bool [01;35m[Kfc[m[K = expl_manager_->frontier_finder_->isFrontierCovered();
            [01;35m[K^~[m[K
[01m[K/home/root/kumarRobotics/autonomy_ws/src/exploration/planner/exploration_manager/src/bg_exploration_fsm.cpp:[m[K In member function ‘[01m[Kvoid bg_planner::bgExplorationFSM::publishTraj()[m[K’:
[01m[K/home/root/kumarRobotics/autonomy_ws/src/exploration/planner/exploration_manager/src/bg_exploration_fsm.cpp:470:26:[m[K [01;35m[Kwarning: [m[Kcomparison between signed and unsigned integer expressions [[01;35m[K-Wsign-compare[m[K]
       for (uint c = 0; [01;35m[Kc <= order[m[K; c++) {
                        [01;35m[K~~^~~~~~~~[m[K
[01m[K/home/root/kumarRobotics/autonomy_ws/src/exploration/planner/exploration_manager/src/bg_exploration_fsm.cpp:494:28:[m[K [01;35m[Kwarning: [m[Kcomparison between signed and unsigned integer expressions [[01;35m[K-Wsign-compare[m[K]
         for (uint c = 0; [01;35m[Kc <= order[m[K; c++) {
                          [01;35m[K~~^~~~~~~~[m[K
[01m[K/home/root/kumarRobotics/autonomy_ws/src/exploration/planner/exploration_manager/src/bg_exploration_fsm.cpp:[m[K In member function ‘[01m[Kvoid bg_planner::bgExplorationFSM::visualize()[m[K’:
[01m[K/home/root/kumarRobotics/autonomy_ws/src/exploration/planner/exploration_manager/src/bg_exploration_fsm.cpp:519:10:[m[K [01;35m[Kwarning: [m[Kunused variable ‘[01m[Kinfo[m[K’ [[01;35m[K-Wunused-variable[m[K]
     auto [01;35m[Kinfo[m[K = &planner_manager_->local_data_;
          [01;35m[K^~~~[m[K
