Determining if the pthread_create exist failed with the following output:
Change Dir: /home/root/kumarRobotics/autonomy_ws/build/kr_mav_manager/CMakeFiles/CMakeTmp

Run Build Command:"/usr/bin/make" "cmTC_df978/fast"
/usr/bin/make -f CMakeFiles/cmTC_df978.dir/build.make CMakeFiles/cmTC_df978.dir/build
make[1]: Entering directory '/home/root/kumarRobotics/autonomy_ws/build/kr_mav_manager/CMakeFiles/CMakeTmp'
Building C object CMakeFiles/cmTC_df978.dir/CheckSymbolExists.c.o
/usr/bin/cc    -o CMakeFiles/cmTC_df978.dir/CheckSymbolExists.c.o   -c /home/root/kumarRobotics/autonomy_ws/build/kr_mav_manager/CMakeFiles/CMakeTmp/CheckSymbolExists.c
Linking C executable cmTC_df978
/usr/bin/cmake -E cmake_link_script CMakeFiles/cmTC_df978.dir/link.txt --verbose=1
/usr/bin/cc      CMakeFiles/cmTC_df978.dir/CheckSymbolExists.c.o  -o cmTC_df978 
CMakeFiles/cmTC_df978.dir/CheckSymbolExists.c.o: In function `main':
CheckSymbolExists.c:(.text+0x14): undefined reference to `pthread_create'
CheckSymbolExists.c:(.text+0x18): undefined reference to `pthread_create'
collect2: error: ld returned 1 exit status
CMakeFiles/cmTC_df978.dir/build.make:97: recipe for target 'cmTC_df978' failed
make[1]: *** [cmTC_df978] Error 1
make[1]: Leaving directory '/home/root/kumarRobotics/autonomy_ws/build/kr_mav_manager/CMakeFiles/CMakeTmp'
Makefile:126: recipe for target 'cmTC_df978/fast' failed
make: *** [cmTC_df978/fast] Error 2

File /home/root/kumarRobotics/autonomy_ws/build/kr_mav_manager/CMakeFiles/CMakeTmp/CheckSymbolExists.c:
/* */
#include <pthread.h>

int main(int argc, char** argv)
{
  (void)argv;
#ifndef pthread_create
  return ((int*)(&pthread_create))[argc];
#else
  (void)argc;
  return 0;
#endif
}

Determining if the function pthread_create exists in the pthreads failed with the following output:
Change Dir: /home/root/kumarRobotics/autonomy_ws/build/kr_mav_manager/CMakeFiles/CMakeTmp

Run Build Command:"/usr/bin/make" "cmTC_2fc9b/fast"
/usr/bin/make -f CMakeFiles/cmTC_2fc9b.dir/build.make CMakeFiles/cmTC_2fc9b.dir/build
make[1]: Entering directory '/home/root/kumarRobotics/autonomy_ws/build/kr_mav_manager/CMakeFiles/CMakeTmp'
Building C object CMakeFiles/cmTC_2fc9b.dir/CheckFunctionExists.c.o
/usr/bin/cc   -DCHECK_FUNCTION_EXISTS=pthread_create   -o CMakeFiles/cmTC_2fc9b.dir/CheckFunctionExists.c.o   -c /usr/share/cmake-3.10/Modules/CheckFunctionExists.c
Linking C executable cmTC_2fc9b
/usr/bin/cmake -E cmake_link_script CMakeFiles/cmTC_2fc9b.dir/link.txt --verbose=1
/usr/bin/cc  -DCHECK_FUNCTION_EXISTS=pthread_create    CMakeFiles/cmTC_2fc9b.dir/CheckFunctionExists.c.o  -o cmTC_2fc9b -lpthreads 
/usr/bin/ld: cannot find -lpthreads
collect2: error: ld returned 1 exit status
CMakeFiles/cmTC_2fc9b.dir/build.make:97: recipe for target 'cmTC_2fc9b' failed
make[1]: *** [cmTC_2fc9b] Error 1
make[1]: Leaving directory '/home/root/kumarRobotics/autonomy_ws/build/kr_mav_manager/CMakeFiles/CMakeTmp'
Makefile:126: recipe for target 'cmTC_2fc9b/fast' failed
make: *** [cmTC_2fc9b/fast] Error 2


