[  0%] Built target kr_mav_msgs_generate_messages_cpp
[  0%] Built target bond_generate_messages_nodejs
[  0%] Built target bond_generate_messages_cpp
[  0%] Built target nodelet_generate_messages_nodejs
[  0%] Built target nodelet_generate_messages_eus
[  0%] Built target bond_generate_messages_py
[  0%] Built target nodelet_generate_messages_cpp
[  0%] Built target kr_mav_msgs_generate_messages_py
[  0%] Built target kr_mav_msgs_generate_messages_nodejs
[  0%] Built target kr_mav_msgs_generate_messages_eus
[  0%] Built target rosgraph_msgs_generate_messages_nodejs
[  0%] Built target rosgraph_msgs_generate_messages_py
[  0%] Built target std_msgs_generate_messages_eus
[  0%] Built target rosgraph_msgs_generate_messages_lisp
[  0%] Built target rosgraph_msgs_generate_messages_eus
[  0%] Built target actionlib_msgs_generate_messages_cpp
[  0%] Built target rosgraph_msgs_generate_messages_cpp
[  0%] Built target roscpp_generate_messages_py
[  0%] Built target std_msgs_generate_messages_py
[  0%] Built target nav_msgs_generate_messages_py
[  0%] Built target geometry_msgs_generate_messages_eus
[  0%] Built target roscpp_generate_messages_nodejs
[  0%] Built target roscpp_generate_messages_eus
[  0%] Built target bond_generate_messages_eus
[  0%] Built target roscpp_generate_messages_lisp
[  0%] Built target kr_mav_msgs_generate_messages_lisp
[  0%] Built target roscpp_generate_messages_cpp
[  0%] Built target actionlib_msgs_generate_messages_nodejs
[  0%] Built target nodelet_generate_messages_py
[  0%] Built target std_msgs_generate_messages_cpp
[  0%] Built target nav_msgs_generate_messages_nodejs
[  0%] Built target geometry_msgs_generate_messages_nodejs
[  0%] Built target std_msgs_generate_messages_lisp
[  0%] Built target bond_generate_messages_lisp
[  0%] Built target std_msgs_generate_messages_nodejs
[  0%] Built target nav_msgs_generate_messages_cpp
[  0%] Built target nav_msgs_generate_messages_eus
[  0%] Built target geometry_msgs_generate_messages_cpp
[  0%] Built target geometry_msgs_generate_messages_lisp
[  0%] Built target geometry_msgs_generate_messages_py
[  0%] Built target nodelet_generate_messages_lisp
[  0%] Built target actionlib_msgs_generate_messages_eus
[  0%] Built target actionlib_msgs_generate_messages_lisp
[  0%] Built target actionlib_msgs_generate_messages_py
[  0%] Built target nav_msgs_generate_messages_lisp
[35m[1mScanning dependencies of target kr_rosflight_interface[0m
[ 50%] [32mBuilding CXX object CMakeFiles/kr_rosflight_interface.dir/src/so3cmd_to_rosflight_nodelet.cpp.o[0m
[100%] [32m[1mLinking CXX shared library /home/root/kumarRobotics/autonomy_ws/devel/.private/kr_rosflight_interface/lib/libkr_rosflight_interface.so[0m
[100%] Built target kr_rosflight_interface
