Determining if the pthread_create exist failed with the following output:
Change Dir: /home/root/kumarRobotics/autonomy_ws/build/kr_mav_controllers/CMakeFiles/CMakeTmp

Run Build Command:"/usr/bin/make" "cmTC_691ea/fast"
make[1]: Entering directory '/home/root/kumarRobotics/autonomy_ws/build/kr_mav_controllers/CMakeFiles/CMakeTmp'
/usr/bin/make -f CMakeFiles/cmTC_691ea.dir/build.make CMakeFiles/cmTC_691ea.dir/build
make[2]: Entering directory '/home/root/kumarRobotics/autonomy_ws/build/kr_mav_controllers/CMakeFiles/CMakeTmp'
Building C object CMakeFiles/cmTC_691ea.dir/CheckSymbolExists.c.o
/usr/bin/cc    -o CMakeFiles/cmTC_691ea.dir/CheckSymbolExists.c.o   -c /home/root/kumarRobotics/autonomy_ws/build/kr_mav_controllers/CMakeFiles/CMakeTmp/CheckSymbolExists.c
Linking C executable cmTC_691ea
/usr/bin/cmake -E cmake_link_script CMakeFiles/cmTC_691ea.dir/link.txt --verbose=1
/usr/bin/cc      CMakeFiles/cmTC_691ea.dir/CheckSymbolExists.c.o  -o cmTC_691ea 
CMakeFiles/cmTC_691ea.dir/CheckSymbolExists.c.o: In function `main':
CheckSymbolExists.c:(.text+0x14): undefined reference to `pthread_create'
CheckSymbolExists.c:(.text+0x18): undefined reference to `pthread_create'
collect2: error: ld returned 1 exit status
CMakeFiles/cmTC_691ea.dir/build.make:97: recipe for target 'cmTC_691ea' failed
make[2]: *** [cmTC_691ea] Error 1
make[2]: Leaving directory '/home/root/kumarRobotics/autonomy_ws/build/kr_mav_controllers/CMakeFiles/CMakeTmp'
Makefile:126: recipe for target 'cmTC_691ea/fast' failed
make[1]: *** [cmTC_691ea/fast] Error 2
make[1]: Leaving directory '/home/root/kumarRobotics/autonomy_ws/build/kr_mav_controllers/CMakeFiles/CMakeTmp'

File /home/root/kumarRobotics/autonomy_ws/build/kr_mav_controllers/CMakeFiles/CMakeTmp/CheckSymbolExists.c:
/* */
#include <pthread.h>

int main(int argc, char** argv)
{
  (void)argv;
#ifndef pthread_create
  return ((int*)(&pthread_create))[argc];
#else
  (void)argc;
  return 0;
#endif
}

Determining if the function pthread_create exists in the pthreads failed with the following output:
Change Dir: /home/root/kumarRobotics/autonomy_ws/build/kr_mav_controllers/CMakeFiles/CMakeTmp

Run Build Command:"/usr/bin/make" "cmTC_3f7e2/fast"
make[1]: Entering directory '/home/root/kumarRobotics/autonomy_ws/build/kr_mav_controllers/CMakeFiles/CMakeTmp'
/usr/bin/make -f CMakeFiles/cmTC_3f7e2.dir/build.make CMakeFiles/cmTC_3f7e2.dir/build
make[2]: Entering directory '/home/root/kumarRobotics/autonomy_ws/build/kr_mav_controllers/CMakeFiles/CMakeTmp'
Building C object CMakeFiles/cmTC_3f7e2.dir/CheckFunctionExists.c.o
/usr/bin/cc   -DCHECK_FUNCTION_EXISTS=pthread_create   -o CMakeFiles/cmTC_3f7e2.dir/CheckFunctionExists.c.o   -c /usr/share/cmake-3.10/Modules/CheckFunctionExists.c
Linking C executable cmTC_3f7e2
/usr/bin/cmake -E cmake_link_script CMakeFiles/cmTC_3f7e2.dir/link.txt --verbose=1
/usr/bin/cc  -DCHECK_FUNCTION_EXISTS=pthread_create    CMakeFiles/cmTC_3f7e2.dir/CheckFunctionExists.c.o  -o cmTC_3f7e2 -lpthreads 
/usr/bin/ld: cannot find -lpthreads
collect2: error: ld returned 1 exit status
CMakeFiles/cmTC_3f7e2.dir/build.make:97: recipe for target 'cmTC_3f7e2' failed
make[2]: *** [cmTC_3f7e2] Error 1
make[2]: Leaving directory '/home/root/kumarRobotics/autonomy_ws/build/kr_mav_controllers/CMakeFiles/CMakeTmp'
Makefile:126: recipe for target 'cmTC_3f7e2/fast' failed
make[1]: *** [cmTC_3f7e2/fast] Error 2
make[1]: Leaving directory '/home/root/kumarRobotics/autonomy_ws/build/kr_mav_controllers/CMakeFiles/CMakeTmp'


