Determining if the pthread_create exist failed with the following output:
Change Dir: /home/root/kumarRobotics/autonomy_ws/build/kr_quadrotor_simulator/CMakeFiles/CMakeTmp

Run Build Command:"/usr/bin/make" "cmTC_7bb12/fast"
make[1]: Entering directory '/home/root/kumarRobotics/autonomy_ws/build/kr_quadrotor_simulator/CMakeFiles/CMakeTmp'
/usr/bin/make -f CMakeFiles/cmTC_7bb12.dir/build.make CMakeFiles/cmTC_7bb12.dir/build
make[2]: Entering directory '/home/root/kumarRobotics/autonomy_ws/build/kr_quadrotor_simulator/CMakeFiles/CMakeTmp'
Building C object CMakeFiles/cmTC_7bb12.dir/CheckSymbolExists.c.o
/usr/bin/cc    -o CMakeFiles/cmTC_7bb12.dir/CheckSymbolExists.c.o   -c /home/root/kumarRobotics/autonomy_ws/build/kr_quadrotor_simulator/CMakeFiles/CMakeTmp/CheckSymbolExists.c
Linking C executable cmTC_7bb12
/usr/bin/cmake -E cmake_link_script CMakeFiles/cmTC_7bb12.dir/link.txt --verbose=1
/usr/bin/cc      CMakeFiles/cmTC_7bb12.dir/CheckSymbolExists.c.o  -o cmTC_7bb12 
CMakeFiles/cmTC_7bb12.dir/CheckSymbolExists.c.o: In function `main':
CheckSymbolExists.c:(.text+0x14): undefined reference to `pthread_create'
CheckSymbolExists.c:(.text+0x18): undefined reference to `pthread_create'
collect2: error: ld returned 1 exit status
CMakeFiles/cmTC_7bb12.dir/build.make:97: recipe for target 'cmTC_7bb12' failed
make[2]: *** [cmTC_7bb12] Error 1
make[2]: Leaving directory '/home/root/kumarRobotics/autonomy_ws/build/kr_quadrotor_simulator/CMakeFiles/CMakeTmp'
Makefile:126: recipe for target 'cmTC_7bb12/fast' failed
make[1]: *** [cmTC_7bb12/fast] Error 2
make[1]: Leaving directory '/home/root/kumarRobotics/autonomy_ws/build/kr_quadrotor_simulator/CMakeFiles/CMakeTmp'

File /home/root/kumarRobotics/autonomy_ws/build/kr_quadrotor_simulator/CMakeFiles/CMakeTmp/CheckSymbolExists.c:
/* */
#include <pthread.h>

int main(int argc, char** argv)
{
  (void)argv;
#ifndef pthread_create
  return ((int*)(&pthread_create))[argc];
#else
  (void)argc;
  return 0;
#endif
}

Determining if the function pthread_create exists in the pthreads failed with the following output:
Change Dir: /home/root/kumarRobotics/autonomy_ws/build/kr_quadrotor_simulator/CMakeFiles/CMakeTmp

Run Build Command:"/usr/bin/make" "cmTC_cc8e8/fast"
make[1]: Entering directory '/home/root/kumarRobotics/autonomy_ws/build/kr_quadrotor_simulator/CMakeFiles/CMakeTmp'
/usr/bin/make -f CMakeFiles/cmTC_cc8e8.dir/build.make CMakeFiles/cmTC_cc8e8.dir/build
make[2]: Entering directory '/home/root/kumarRobotics/autonomy_ws/build/kr_quadrotor_simulator/CMakeFiles/CMakeTmp'
Building C object CMakeFiles/cmTC_cc8e8.dir/CheckFunctionExists.c.o
/usr/bin/cc   -DCHECK_FUNCTION_EXISTS=pthread_create   -o CMakeFiles/cmTC_cc8e8.dir/CheckFunctionExists.c.o   -c /usr/share/cmake-3.10/Modules/CheckFunctionExists.c
Linking C executable cmTC_cc8e8
/usr/bin/cmake -E cmake_link_script CMakeFiles/cmTC_cc8e8.dir/link.txt --verbose=1
/usr/bin/cc  -DCHECK_FUNCTION_EXISTS=pthread_create    CMakeFiles/cmTC_cc8e8.dir/CheckFunctionExists.c.o  -o cmTC_cc8e8 -lpthreads 
/usr/bin/ld: cannot find -lpthreads
collect2: error: ld returned 1 exit status
CMakeFiles/cmTC_cc8e8.dir/build.make:97: recipe for target 'cmTC_cc8e8' failed
make[2]: *** [cmTC_cc8e8] Error 1
make[2]: Leaving directory '/home/root/kumarRobotics/autonomy_ws/build/kr_quadrotor_simulator/CMakeFiles/CMakeTmp'
Makefile:126: recipe for target 'cmTC_cc8e8/fast' failed
make[1]: *** [cmTC_cc8e8/fast] Error 2
make[1]: Leaving directory '/home/root/kumarRobotics/autonomy_ws/build/kr_quadrotor_simulator/CMakeFiles/CMakeTmp'


