[  0%] Built target _kr_mav_manager_generate_messages_check_deps_Lissajous
[  0%] Built target _kr_mav_manager_generate_messages_check_deps_GoalTimed
[  0%] Built target _kr_mav_manager_generate_messages_check_deps_CompoundLissajous
[  0%] Built target _kr_mav_manager_generate_messages_check_deps_Circle
[  0%] Built target actionlib_msgs_generate_messages_py
[  0%] Built target _kr_mav_manager_generate_messages_check_deps_Vec4
[  0%] Built target actionlib_msgs_generate_messages_lisp
[  0%] Built target geometry_msgs_generate_messages_py
[  0%] Built target geometry_msgs_generate_messages_lisp
[  0%] Built target nav_msgs_generate_messages_eus
[  0%] Built target kr_tracker_msgs_generate_messages_py
[  0%] Built target sensor_msgs_generate_messages_cpp
[  0%] Built target nav_msgs_generate_messages_cpp
[  0%] Built target sensor_msgs_generate_messages_lisp
[  0%] Built target roscpp_generate_messages_cpp
[  0%] Built target sensor_msgs_generate_messages_nodejs
[  0%] Built target nav_msgs_generate_messages_nodejs
[  0%] Built target actionlib_generate_messages_cpp
[  0%] Built target geometry_msgs_generate_messages_nodejs
[  0%] Built target std_msgs_generate_messages_cpp
[  0%] Built target actionlib_msgs_generate_messages_nodejs
[  0%] Built target kr_mav_msgs_generate_messages_lisp
[  0%] Built target kr_mav_msgs_generate_messages_cpp
[  0%] Built target std_srvs_generate_messages_eus
[  0%] Built target nav_msgs_generate_messages_lisp
[  0%] Built target std_msgs_generate_messages_py
[  0%] Built target roscpp_generate_messages_nodejs
[  0%] Built target std_msgs_generate_messages_lisp
[  0%] Built target roscpp_generate_messages_lisp
[  0%] Built target geometry_msgs_generate_messages_eus
[  0%] Built target rosgraph_msgs_generate_messages_lisp
[  0%] Built target actionlib_msgs_generate_messages_cpp
[  0%] Built target std_msgs_generate_messages_nodejs
[  0%] Built target std_srvs_generate_messages_cpp
[  0%] Built target rosgraph_msgs_generate_messages_cpp
[  0%] Built target rosgraph_msgs_generate_messages_eus
[  0%] Built target std_msgs_generate_messages_eus
[  0%] Built target actionlib_msgs_generate_messages_eus
[  0%] Built target rosgraph_msgs_generate_messages_py
[  0%] Built target rosgraph_msgs_generate_messages_nodejs
[  0%] Built target nav_msgs_generate_messages_py
[  0%] Built target roscpp_generate_messages_eus
[  0%] Built target sensor_msgs_generate_messages_eus
[  0%] Built target kr_mav_msgs_generate_messages_eus
[  0%] Built target std_srvs_generate_messages_lisp
[  0%] Built target kr_mav_msgs_generate_messages_py
[  0%] Built target sensor_msgs_generate_messages_py
[  0%] Built target kr_tracker_msgs_generate_messages_cpp
[  0%] Built target kr_mav_msgs_generate_messages_nodejs
[  0%] Built target kr_tracker_msgs_generate_messages_eus
[  0%] Built target actionlib_generate_messages_nodejs
[  0%] Built target roscpp_generate_messages_py
[  0%] Built target kr_tracker_msgs_generate_messages_lisp
[  0%] Built target std_srvs_generate_messages_nodejs
[  0%] Built target std_srvs_generate_messages_py
[  0%] Built target kr_tracker_msgs_generate_messages_nodejs
[  0%] Built target geometry_msgs_generate_messages_cpp
[  0%] Built target actionlib_generate_messages_lisp
[  0%] Built target actionlib_generate_messages_eus
[  0%] Built target actionlib_generate_messages_py
[ 16%] Built target kr_mav_manager_generate_messages_lisp
[ 35%] Built target kr_mav_manager_generate_messages_py
[ 51%] Built target kr_mav_manager_generate_messages_cpp
[ 67%] Built target kr_mav_manager_generate_messages_nodejs
[ 87%] Built target kr_mav_manager_generate_messages_eus
make[2]: Warning: File 'CMakeFiles/kr_mav_manager.dir/depend.make' has modification time 2539 s in the future
make[2]: warning:  Clock skew detected.  Your build may be incomplete.
make[2]: Warning: File 'CMakeFiles/kr_mav_manager.dir/depend.make' has modification time 2539 s in the future
[ 87%] Built target kr_mav_manager_generate_messages
make[2]: warning:  Clock skew detected.  Your build may be incomplete.
[ 93%] Built target kr_mav_manager
make[2]: Warning: File '/home/root/kumarRobotics/autonomy_ws/devel/.private/kr_mav_manager/lib/kr_mav_manager/mav_services' has modification time 2569 s in the future
make[2]: warning:  Clock skew detected.  Your build may be incomplete.
[100%] Built target mav_services
