[  0%] Built target _kr_mav_manager_generate_messages_check_deps_Lissajous
[  0%] Built target _kr_mav_manager_generate_messages_check_deps_Vec4
[  0%] Built target _kr_mav_manager_generate_messages_check_deps_GoalTimed
[  0%] Built target _kr_mav_manager_generate_messages_check_deps_CompoundLissajous
[  0%] Built target actionlib_msgs_generate_messages_py
[  0%] Built target _kr_mav_manager_generate_messages_check_deps_Circle
[  0%] Built target geometry_msgs_generate_messages_py
[  0%] Built target actionlib_msgs_generate_messages_lisp
[  0%] Built target geometry_msgs_generate_messages_lisp
[  0%] Built target kr_tracker_msgs_generate_messages_py
[  0%] Built target sensor_msgs_generate_messages_cpp
[  0%] Built target nav_msgs_generate_messages_cpp
[  0%] Built target nav_msgs_generate_messages_eus
[  0%] Built target sensor_msgs_generate_messages_lisp
[  0%] Built target nav_msgs_generate_messages_nodejs
[  0%] Built target roscpp_generate_messages_cpp
[  0%] Built target std_msgs_generate_messages_cpp
[  0%] Built target actionlib_msgs_generate_messages_nodejs
[  0%] Built target geometry_msgs_generate_messages_nodejs
[  0%] Built target sensor_msgs_generate_messages_nodejs
[  0%] Built target actionlib_generate_messages_cpp
[  0%] Built target kr_mav_msgs_generate_messages_cpp
[  0%] Built target kr_mav_msgs_generate_messages_lisp
[  0%] Built target nav_msgs_generate_messages_lisp
[  0%] Built target std_srvs_generate_messages_eus
[  0%] Built target roscpp_generate_messages_nodejs
[  0%] Built target roscpp_generate_messages_lisp
[  0%] Built target std_msgs_generate_messages_lisp
[  0%] Built target std_msgs_generate_messages_py
[  0%] Built target geometry_msgs_generate_messages_eus
[  0%] Built target rosgraph_msgs_generate_messages_cpp
[  0%] Built target actionlib_msgs_generate_messages_cpp
[  0%] Built target std_srvs_generate_messages_cpp
[  0%] Built target rosgraph_msgs_generate_messages_lisp
[  0%] Built target std_msgs_generate_messages_nodejs
[  0%] Built target rosgraph_msgs_generate_messages_eus
[  0%] Built target std_msgs_generate_messages_eus
[  0%] Built target roscpp_generate_messages_eus
[  0%] Built target rosgraph_msgs_generate_messages_py
[  0%] Built target actionlib_msgs_generate_messages_eus
[  0%] Built target sensor_msgs_generate_messages_eus
[  0%] Built target nav_msgs_generate_messages_py
[  0%] Built target rosgraph_msgs_generate_messages_nodejs
[  0%] Built target kr_mav_msgs_generate_messages_eus
[  0%] Built target std_srvs_generate_messages_lisp
[  0%] Built target sensor_msgs_generate_messages_py
[  0%] Built target kr_mav_msgs_generate_messages_py
[  0%] Built target kr_mav_msgs_generate_messages_nodejs
[  0%] Built target kr_tracker_msgs_generate_messages_cpp
[  0%] Built target kr_tracker_msgs_generate_messages_eus
[  0%] Built target actionlib_generate_messages_nodejs
[  0%] Built target kr_tracker_msgs_generate_messages_lisp
[  0%] Built target roscpp_generate_messages_py
[  0%] Built target kr_tracker_msgs_generate_messages_nodejs
[  0%] Built target actionlib_generate_messages_lisp
[  0%] Built target geometry_msgs_generate_messages_cpp
[  0%] Built target std_srvs_generate_messages_nodejs
[  0%] Built target actionlib_generate_messages_py
[ 19%] Built target kr_mav_manager_generate_messages_py
[ 19%] Built target std_srvs_generate_messages_py
[ 38%] Built target kr_mav_manager_generate_messages_eus
[ 38%] Built target actionlib_generate_messages_eus
[ 54%] Built target kr_mav_manager_generate_messages_lisp
[ 70%] Built target kr_mav_manager_generate_messages_nodejs
[ 87%] Built target kr_mav_manager_generate_messages_cpp
[35m[1mScanning dependencies of target kr_mav_manager[0m
[ 87%] Built target kr_mav_manager_generate_messages
[ 90%] [32mBuilding CXX object CMakeFiles/kr_mav_manager.dir/src/manager.cpp.o[0m
[ 93%] [32m[1mLinking CXX shared library /home/root/kumarRobotics/autonomy_ws/devel/.private/kr_mav_manager/lib/libkr_mav_manager.so[0m
[ 93%] Built target kr_mav_manager
[ 96%] [32m[1mLinking CXX executable /home/root/kumarRobotics/autonomy_ws/devel/.private/kr_mav_manager/lib/kr_mav_manager/mav_services[0m
[100%] Built target mav_services
