Linked: (/home/root/kumarRobotics/autonomy_ws/devel/.private/snap_msgs/share/snap_msgs/cmake/snap_msgsConfig-version.cmake, /home/root/kumarRobotics/autonomy_ws/devel/share/snap_msgs/cmake/snap_msgsConfig-version.cmake)
Linked: (/home/root/kumarRobotics/autonomy_ws/devel/.private/snap_msgs/share/snap_msgs/cmake/snap_msgs-msg-paths.cmake, /home/root/kumarRobotics/autonomy_ws/devel/share/snap_msgs/cmake/snap_msgs-msg-paths.cmake)
Linked: (/home/root/kumarRobotics/autonomy_ws/devel/.private/snap_msgs/share/snap_msgs/cmake/snap_msgs-msg-extras.cmake, /home/root/kumarRobotics/autonomy_ws/devel/share/snap_msgs/cmake/snap_msgs-msg-extras.cmake)
Linked: (/home/root/kumarRobotics/autonomy_ws/devel/.private/snap_msgs/share/snap_msgs/cmake/snap_msgsConfig.cmake, /home/root/kumarRobotics/autonomy_ws/devel/share/snap_msgs/cmake/snap_msgsConfig.cmake)
Linked: (/home/root/kumarRobotics/autonomy_ws/devel/.private/snap_msgs/share/roseus/ros/snap_msgs/manifest.l, /home/root/kumarRobotics/autonomy_ws/devel/share/roseus/ros/snap_msgs/manifest.l)
Linked: (/home/root/kumarRobotics/autonomy_ws/devel/.private/snap_msgs/share/roseus/ros/snap_msgs/msg/MapPointArray.l, /home/root/kumarRobotics/autonomy_ws/devel/share/roseus/ros/snap_msgs/msg/MapPointArray.l)
Linked: (/home/root/kumarRobotics/autonomy_ws/devel/.private/snap_msgs/share/roseus/ros/snap_msgs/msg/MapPoint.l, /home/root/kumarRobotics/autonomy_ws/devel/share/roseus/ros/snap_msgs/msg/MapPoint.l)
Linked: (/home/root/kumarRobotics/autonomy_ws/devel/.private/snap_msgs/share/roseus/ros/snap_msgs/msg/ExposureTimes.l, /home/root/kumarRobotics/autonomy_ws/devel/share/roseus/ros/snap_msgs/msg/ExposureTimes.l)
Linked: (/home/root/kumarRobotics/autonomy_ws/devel/.private/snap_msgs/share/roseus/ros/snap_msgs/msg/InternalStates.l, /home/root/kumarRobotics/autonomy_ws/devel/share/roseus/ros/snap_msgs/msg/InternalStates.l)
Linked: (/home/root/kumarRobotics/autonomy_ws/devel/.private/snap_msgs/share/roseus/ros/snap_msgs/msg/ImuArray.l, /home/root/kumarRobotics/autonomy_ws/devel/share/roseus/ros/snap_msgs/msg/ImuArray.l)
Linked: (/home/root/kumarRobotics/autonomy_ws/devel/.private/snap_msgs/share/common-lisp/ros/snap_msgs/msg/MapPointArray.lisp, /home/root/kumarRobotics/autonomy_ws/devel/share/common-lisp/ros/snap_msgs/msg/MapPointArray.lisp)
Linked: (/home/root/kumarRobotics/autonomy_ws/devel/.private/snap_msgs/share/common-lisp/ros/snap_msgs/msg/_package_MapPointArray.lisp, /home/root/kumarRobotics/autonomy_ws/devel/share/common-lisp/ros/snap_msgs/msg/_package_MapPointArray.lisp)
Linked: (/home/root/kumarRobotics/autonomy_ws/devel/.private/snap_msgs/share/common-lisp/ros/snap_msgs/msg/_package.lisp, /home/root/kumarRobotics/autonomy_ws/devel/share/common-lisp/ros/snap_msgs/msg/_package.lisp)
Linked: (/home/root/kumarRobotics/autonomy_ws/devel/.private/snap_msgs/share/common-lisp/ros/snap_msgs/msg/snap_msgs-msg.asd, /home/root/kumarRobotics/autonomy_ws/devel/share/common-lisp/ros/snap_msgs/msg/snap_msgs-msg.asd)
Linked: (/home/root/kumarRobotics/autonomy_ws/devel/.private/snap_msgs/share/common-lisp/ros/snap_msgs/msg/MapPoint.lisp, /home/root/kumarRobotics/autonomy_ws/devel/share/common-lisp/ros/snap_msgs/msg/MapPoint.lisp)
Linked: (/home/root/kumarRobotics/autonomy_ws/devel/.private/snap_msgs/share/common-lisp/ros/snap_msgs/msg/_package_MapPoint.lisp, /home/root/kumarRobotics/autonomy_ws/devel/share/common-lisp/ros/snap_msgs/msg/_package_MapPoint.lisp)
Linked: (/home/root/kumarRobotics/autonomy_ws/devel/.private/snap_msgs/share/common-lisp/ros/snap_msgs/msg/ExposureTimes.lisp, /home/root/kumarRobotics/autonomy_ws/devel/share/common-lisp/ros/snap_msgs/msg/ExposureTimes.lisp)
Linked: (/home/root/kumarRobotics/autonomy_ws/devel/.private/snap_msgs/share/common-lisp/ros/snap_msgs/msg/_package_ExposureTimes.lisp, /home/root/kumarRobotics/autonomy_ws/devel/share/common-lisp/ros/snap_msgs/msg/_package_ExposureTimes.lisp)
Linked: (/home/root/kumarRobotics/autonomy_ws/devel/.private/snap_msgs/share/common-lisp/ros/snap_msgs/msg/InternalStates.lisp, /home/root/kumarRobotics/autonomy_ws/devel/share/common-lisp/ros/snap_msgs/msg/InternalStates.lisp)
Linked: (/home/root/kumarRobotics/autonomy_ws/devel/.private/snap_msgs/share/common-lisp/ros/snap_msgs/msg/_package_InternalStates.lisp, /home/root/kumarRobotics/autonomy_ws/devel/share/common-lisp/ros/snap_msgs/msg/_package_InternalStates.lisp)
Linked: (/home/root/kumarRobotics/autonomy_ws/devel/.private/snap_msgs/share/common-lisp/ros/snap_msgs/msg/ImuArray.lisp, /home/root/kumarRobotics/autonomy_ws/devel/share/common-lisp/ros/snap_msgs/msg/ImuArray.lisp)
Linked: (/home/root/kumarRobotics/autonomy_ws/devel/.private/snap_msgs/share/common-lisp/ros/snap_msgs/msg/_package_ImuArray.lisp, /home/root/kumarRobotics/autonomy_ws/devel/share/common-lisp/ros/snap_msgs/msg/_package_ImuArray.lisp)
Linked: (/home/root/kumarRobotics/autonomy_ws/devel/.private/snap_msgs/share/gennodejs/ros/snap_msgs/_index.js, /home/root/kumarRobotics/autonomy_ws/devel/share/gennodejs/ros/snap_msgs/_index.js)
Linked: (/home/root/kumarRobotics/autonomy_ws/devel/.private/snap_msgs/share/gennodejs/ros/snap_msgs/msg/MapPointArray.js, /home/root/kumarRobotics/autonomy_ws/devel/share/gennodejs/ros/snap_msgs/msg/MapPointArray.js)
Linked: (/home/root/kumarRobotics/autonomy_ws/devel/.private/snap_msgs/share/gennodejs/ros/snap_msgs/msg/_index.js, /home/root/kumarRobotics/autonomy_ws/devel/share/gennodejs/ros/snap_msgs/msg/_index.js)
Linked: (/home/root/kumarRobotics/autonomy_ws/devel/.private/snap_msgs/share/gennodejs/ros/snap_msgs/msg/MapPoint.js, /home/root/kumarRobotics/autonomy_ws/devel/share/gennodejs/ros/snap_msgs/msg/MapPoint.js)
Linked: (/home/root/kumarRobotics/autonomy_ws/devel/.private/snap_msgs/share/gennodejs/ros/snap_msgs/msg/ExposureTimes.js, /home/root/kumarRobotics/autonomy_ws/devel/share/gennodejs/ros/snap_msgs/msg/ExposureTimes.js)
Linked: (/home/root/kumarRobotics/autonomy_ws/devel/.private/snap_msgs/share/gennodejs/ros/snap_msgs/msg/InternalStates.js, /home/root/kumarRobotics/autonomy_ws/devel/share/gennodejs/ros/snap_msgs/msg/InternalStates.js)
Linked: (/home/root/kumarRobotics/autonomy_ws/devel/.private/snap_msgs/share/gennodejs/ros/snap_msgs/msg/ImuArray.js, /home/root/kumarRobotics/autonomy_ws/devel/share/gennodejs/ros/snap_msgs/msg/ImuArray.js)
Linked: (/home/root/kumarRobotics/autonomy_ws/devel/.private/snap_msgs/include/snap_msgs/MapPointArray.h, /home/root/kumarRobotics/autonomy_ws/devel/include/snap_msgs/MapPointArray.h)
Linked: (/home/root/kumarRobotics/autonomy_ws/devel/.private/snap_msgs/include/snap_msgs/MapPoint.h, /home/root/kumarRobotics/autonomy_ws/devel/include/snap_msgs/MapPoint.h)
Linked: (/home/root/kumarRobotics/autonomy_ws/devel/.private/snap_msgs/include/snap_msgs/ExposureTimes.h, /home/root/kumarRobotics/autonomy_ws/devel/include/snap_msgs/ExposureTimes.h)
Linked: (/home/root/kumarRobotics/autonomy_ws/devel/.private/snap_msgs/include/snap_msgs/InternalStates.h, /home/root/kumarRobotics/autonomy_ws/devel/include/snap_msgs/InternalStates.h)
Linked: (/home/root/kumarRobotics/autonomy_ws/devel/.private/snap_msgs/include/snap_msgs/ImuArray.h, /home/root/kumarRobotics/autonomy_ws/devel/include/snap_msgs/ImuArray.h)
Linked: (/home/root/kumarRobotics/autonomy_ws/devel/.private/snap_msgs/lib/python2.7/dist-packages/snap_msgs/__init__.py, /home/root/kumarRobotics/autonomy_ws/devel/lib/python2.7/dist-packages/snap_msgs/__init__.py)
Linked: (/home/root/kumarRobotics/autonomy_ws/devel/.private/snap_msgs/lib/python2.7/dist-packages/snap_msgs/msg/_MapPointArray.py, /home/root/kumarRobotics/autonomy_ws/devel/lib/python2.7/dist-packages/snap_msgs/msg/_MapPointArray.py)
Linked: (/home/root/kumarRobotics/autonomy_ws/devel/.private/snap_msgs/lib/python2.7/dist-packages/snap_msgs/msg/_ExposureTimes.py, /home/root/kumarRobotics/autonomy_ws/devel/lib/python2.7/dist-packages/snap_msgs/msg/_ExposureTimes.py)
Linked: (/home/root/kumarRobotics/autonomy_ws/devel/.private/snap_msgs/lib/python2.7/dist-packages/snap_msgs/msg/_MapPoint.py, /home/root/kumarRobotics/autonomy_ws/devel/lib/python2.7/dist-packages/snap_msgs/msg/_MapPoint.py)
Linked: (/home/root/kumarRobotics/autonomy_ws/devel/.private/snap_msgs/lib/python2.7/dist-packages/snap_msgs/msg/_InternalStates.py, /home/root/kumarRobotics/autonomy_ws/devel/lib/python2.7/dist-packages/snap_msgs/msg/_InternalStates.py)
Linked: (/home/root/kumarRobotics/autonomy_ws/devel/.private/snap_msgs/lib/python2.7/dist-packages/snap_msgs/msg/_ImuArray.py, /home/root/kumarRobotics/autonomy_ws/devel/lib/python2.7/dist-packages/snap_msgs/msg/_ImuArray.py)
Linked: (/home/root/kumarRobotics/autonomy_ws/devel/.private/snap_msgs/lib/python2.7/dist-packages/snap_msgs/msg/__init__.py, /home/root/kumarRobotics/autonomy_ws/devel/lib/python2.7/dist-packages/snap_msgs/msg/__init__.py)
Linked: (/home/root/kumarRobotics/autonomy_ws/devel/.private/snap_msgs/lib/pkgconfig/snap_msgs.pc, /home/root/kumarRobotics/autonomy_ws/devel/lib/pkgconfig/snap_msgs.pc)
