[  0%] Built target _snap_msgs_generate_messages_check_deps_InternalStates
[  0%] Built target std_msgs_generate_messages_eus
[  0%] Built target geometry_msgs_generate_messages_eus
[  0%] Built target sensor_msgs_generate_messages_eus
[  0%] Built target _snap_msgs_generate_messages_check_deps_MapPointArray
[  0%] Built target _snap_msgs_generate_messages_check_deps_MapPoint
[  0%] Built target _snap_msgs_generate_messages_check_deps_ExposureTimes
[  0%] Built target _snap_msgs_generate_messages_check_deps_ImuArray
[  0%] Built target std_msgs_generate_messages_py
[  0%] Built target geometry_msgs_generate_messages_py
[  0%] Built target sensor_msgs_generate_messages_py
[  0%] Built target geometry_msgs_generate_messages_nodejs
[  0%] Built target sensor_msgs_generate_messages_nodejs
[  0%] Built target std_msgs_generate_messages_cpp
[  0%] Built target std_msgs_generate_messages_nodejs
[  0%] Built target geometry_msgs_generate_messages_cpp
[  0%] Built target std_msgs_generate_messages_lisp
[  0%] Built target geometry_msgs_generate_messages_lisp
[  0%] Built target sensor_msgs_generate_messages_cpp
[  0%] Built target sensor_msgs_generate_messages_lisp
[ 18%] Built target snap_msgs_generate_messages_nodejs
[ 40%] Built target snap_msgs_generate_messages_eus
[ 62%] Built target snap_msgs_generate_messages_py
[ 81%] Built target snap_msgs_generate_messages_cpp
[100%] Built target snap_msgs_generate_messages_lisp
[100%] Built target snap_msgs_generate_messages
